[2024-03-06T08:45:45.752+0000] {taskinstance.py:1979} INFO - Dependencies all met for dep_context=non-requeueable deps ti=<TaskInstance: Sequential_Tasks.check_policies manual__2024-03-06T08:45:10.787821+00:00 [queued]>
[2024-03-06T08:45:45.789+0000] {taskinstance.py:1979} INFO - Dependencies all met for dep_context=requeueable deps ti=<TaskInstance: Sequential_Tasks.check_policies manual__2024-03-06T08:45:10.787821+00:00 [queued]>
[2024-03-06T08:45:45.790+0000] {taskinstance.py:2193} INFO - Starting attempt 1 of 1
[2024-03-06T08:45:45.892+0000] {taskinstance.py:2214} INFO - Executing <Task(PythonOperator): check_policies> on 2024-03-06 08:45:10.787821+00:00
[2024-03-06T08:45:45.906+0000] {standard_task_runner.py:60} INFO - Started process 152 to run task
[2024-03-06T08:45:45.917+0000] {standard_task_runner.py:87} INFO - Running: ['airflow', 'tasks', 'run', 'Sequential_Tasks', 'check_policies', 'manual__2024-03-06T08:45:10.787821+00:00', '--job-id', '11', '--raw', '--subdir', 'DAGS_FOLDER/sequence_dag.py', '--cfg-path', '/tmp/tmpopbcjyhn']
[2024-03-06T08:45:45.922+0000] {standard_task_runner.py:88} INFO - Job 11: Subtask check_policies
[2024-03-06T08:45:46.311+0000] {task_command.py:423} INFO - Running <TaskInstance: Sequential_Tasks.check_policies manual__2024-03-06T08:45:10.787821+00:00 [running]> on host 6dcb817ab996
[2024-03-06T08:45:47.396+0000] {taskinstance.py:2510} INFO - Exporting env vars: AIRFLOW_CTX_DAG_OWNER='airflow' AIRFLOW_CTX_DAG_ID='Sequential_Tasks' AIRFLOW_CTX_TASK_ID='check_policies' AIRFLOW_CTX_EXECUTION_DATE='2024-03-06T08:45:10.787821+00:00' AIRFLOW_CTX_TRY_NUMBER='1' AIRFLOW_CTX_DAG_RUN_ID='manual__2024-03-06T08:45:10.787821+00:00'
[2024-03-06T08:45:48.892+0000] {logging_mixin.py:188} INFO - {'_id': '65c9e02df4d21ce927cae683', 'policyNum': 1, 'premium': 20000, 'sumAssured': 1000000, 'policyTerm': '5 years', 'policyFrequency': 'Annual', 'createdAt': datetime.datetime(2024, 2, 12, 9, 9, 1, 615000), 'updatedAt': datetime.datetime(2024, 2, 12, 9, 9, 1, 615000), '__v': 0}
[2024-03-06T08:45:48.894+0000] {logging_mixin.py:188} INFO - {'_id': '65c9e097f4d21ce927cae685', 'policyNum': 2, 'premium': 30000, 'sumAssured': 1500000, 'policyTerm': '10 years', 'policyFrequency': 'Semi-annual', 'createdAt': datetime.datetime(2024, 2, 12, 9, 10, 47, 181000), 'updatedAt': datetime.datetime(2024, 2, 12, 9, 10, 47, 181000), '__v': 0}
[2024-03-06T08:45:48.897+0000] {logging_mixin.py:188} INFO - {'_id': '65c9e105f4d21ce927cae687', 'policyNum': 3, 'premium': 40000, 'sumAssured': 2000000, 'policyTerm': '15 years', 'policyFrequency': 'Quarterly', 'createdAt': datetime.datetime(2024, 2, 12, 9, 12, 37, 382000), 'updatedAt': datetime.datetime(2024, 2, 12, 9, 12, 37, 382000), '__v': 0}
[2024-03-06T08:45:48.900+0000] {logging_mixin.py:188} INFO - {'_id': '65c9e143f4d21ce927cae689', 'policyNum': 4, 'premium': 25000, 'sumAssured': 1200000, 'policyTerm': '7 years', 'policyFrequency': 'Monthly', 'createdAt': datetime.datetime(2024, 2, 12, 9, 13, 39, 657000), 'updatedAt': datetime.datetime(2024, 2, 12, 9, 13, 39, 657000), '__v': 0}
[2024-03-06T08:45:48.902+0000] {logging_mixin.py:188} INFO - {'_id': '65c9e16ef4d21ce927cae68b', 'policyNum': 5, 'premium': 35000, 'sumAssured': 1800000, 'policyTerm': '12 years', 'policyFrequency': 'Annual', 'createdAt': datetime.datetime(2024, 2, 12, 9, 14, 22, 791000), 'updatedAt': datetime.datetime(2024, 2, 12, 9, 14, 22, 791000), '__v': 0}
[2024-03-06T08:45:48.904+0000] {logging_mixin.py:188} INFO - {'_id': '65c9e193f4d21ce927cae68d', 'policyNum': 6, 'premium': 45000, 'sumAssured': 2500000, 'policyTerm': '20 years', 'policyFrequency': 'Annual', 'createdAt': datetime.datetime(2024, 2, 12, 9, 14, 59, 714000), 'updatedAt': datetime.datetime(2024, 2, 12, 9, 14, 59, 714000), '__v': 0}
[2024-03-06T08:45:48.905+0000] {logging_mixin.py:188} INFO - {'_id': '65c9e1acf4d21ce927cae68f', 'policyNum': 7, 'premium': 15000, 'sumAssured': 800000, 'policyTerm': '3 years', 'policyFrequency': 'Annual', 'createdAt': datetime.datetime(2024, 2, 12, 9, 15, 24, 559000), 'updatedAt': datetime.datetime(2024, 2, 12, 9, 15, 24, 559000), '__v': 0}
[2024-03-06T08:45:48.908+0000] {logging_mixin.py:188} INFO - {'_id': '65c9e1c4f4d21ce927cae691', 'policyNum': 8, 'premium': 20000, 'sumAssured': 1200000, 'policyTerm': '5 years', 'policyFrequency': 'Semi-annual', 'createdAt': datetime.datetime(2024, 2, 12, 9, 15, 48, 152000), 'updatedAt': datetime.datetime(2024, 2, 12, 9, 15, 48, 152000), '__v': 0}
[2024-03-06T08:45:48.910+0000] {logging_mixin.py:188} INFO - {'_id': '65c9e1e1f4d21ce927cae693', 'policyNum': 9, 'premium': 25000, 'sumAssured': 1500000, 'policyTerm': '7 years', 'policyFrequency': 'Quarterly', 'createdAt': datetime.datetime(2024, 2, 12, 9, 16, 17, 25000), 'updatedAt': datetime.datetime(2024, 2, 12, 9, 16, 17, 25000), '__v': 0}
[2024-03-06T08:45:48.912+0000] {logging_mixin.py:188} INFO - {'_id': '65c9e20bf4d21ce927cae695', 'policyNum': 10, 'premium': 18000, 'sumAssured': 1000000, 'policyTerm': '4 years', 'policyFrequency': 'Monthly', 'createdAt': datetime.datetime(2024, 2, 12, 9, 16, 59, 676000), 'updatedAt': datetime.datetime(2024, 2, 12, 9, 16, 59, 676000), '__v': 0}
[2024-03-06T08:45:48.914+0000] {logging_mixin.py:188} INFO - {'_id': '65c9e227f4d21ce927cae697', 'policyNum': 11, 'premium': 23000, 'sumAssured': 1300000, 'policyTerm': '6 years', 'policyFrequency': 'Annual', 'createdAt': datetime.datetime(2024, 2, 12, 9, 17, 27, 652000), 'updatedAt': datetime.datetime(2024, 2, 12, 9, 17, 27, 652000), '__v': 0}
[2024-03-06T08:45:48.917+0000] {logging_mixin.py:188} INFO - {'_id': '65c9e242f4d21ce927cae699', 'policyNum': 12, 'premium': 28000, 'sumAssured': 1800000, 'policyTerm': '8 years', 'policyFrequency': 'Annual', 'createdAt': datetime.datetime(2024, 2, 12, 9, 17, 54, 171000), 'updatedAt': datetime.datetime(2024, 2, 12, 9, 17, 54, 171000), '__v': 0}
[2024-03-06T08:45:48.919+0000] {logging_mixin.py:188} INFO - {'_id': '65cc989d05eeda4088dd9272', 'policyNum': 13, 'premium': 30000, 'sumAssured': 1500000, 'policyTerm': '10 years', 'policyFrequency': 'Semi-annual', 'createdAt': datetime.datetime(2024, 2, 14, 10, 40, 29, 879000), 'updatedAt': datetime.datetime(2024, 2, 14, 10, 40, 29, 879000), '__v': 0}
[2024-03-06T08:45:48.921+0000] {python.py:202} INFO - Done. Returned value was: None
[2024-03-06T08:45:49.014+0000] {taskinstance.py:1149} INFO - Marking task as SUCCESS. dag_id=Sequential_Tasks, task_id=check_policies, execution_date=20240306T084510, start_date=20240306T084545, end_date=20240306T084549
[2024-03-06T08:45:49.194+0000] {local_task_job_runner.py:234} INFO - Task exited with return code 0
[2024-03-06T08:45:49.249+0000] {taskinstance.py:3309} INFO - 0 downstream tasks scheduled from follow-on schedule check
