[2024-03-06T09:32:59.602+0000] {processor.py:161} INFO - Started process (PID=188) to work on /opt/airflow/dags/concurrent_dag.py
[2024-03-06T09:32:59.604+0000] {processor.py:830} INFO - Processing file /opt/airflow/dags/concurrent_dag.py for tasks to queue
[2024-03-06T09:32:59.605+0000] {logging_mixin.py:188} INFO - [2024-03-06T09:32:59.604+0000] {dagbag.py:540} INFO - Filling up the DagBag from /opt/airflow/dags/concurrent_dag.py
[2024-03-06T09:32:59.852+0000] {logging_mixin.py:188} INFO - [2024-03-06T09:32:59.841+0000] {dagbag.py:350} ERROR - Failed to import: /opt/airflow/dags/concurrent_dag.py
Traceback (most recent call last):
  File "/home/airflow/.local/lib/python3.11/site-packages/airflow/models/dagbag.py", line 346, in parse
    loader.exec_module(new_module)
  File "<frozen importlib._bootstrap_external>", line 940, in exec_module
  File "<frozen importlib._bootstrap>", line 241, in _call_with_frames_removed
  File "/opt/airflow/dags/concurrent_dag.py", line 81, in <module>
    python_callable=check_claims_data,
                    ^^^^^^^^^^^^^^^^^
NameError: name 'check_claims_data' is not defined
[2024-03-06T09:32:59.854+0000] {processor.py:842} WARNING - No viable dags retrieved from /opt/airflow/dags/concurrent_dag.py
[2024-03-06T09:32:59.903+0000] {processor.py:183} INFO - Processing /opt/airflow/dags/concurrent_dag.py took 0.303 seconds
[2024-03-06T09:33:07.442+0000] {processor.py:161} INFO - Started process (PID=189) to work on /opt/airflow/dags/concurrent_dag.py
[2024-03-06T09:33:07.444+0000] {processor.py:830} INFO - Processing file /opt/airflow/dags/concurrent_dag.py for tasks to queue
[2024-03-06T09:33:07.445+0000] {logging_mixin.py:188} INFO - [2024-03-06T09:33:07.444+0000] {dagbag.py:540} INFO - Filling up the DagBag from /opt/airflow/dags/concurrent_dag.py
[2024-03-06T09:33:07.590+0000] {logging_mixin.py:188} INFO - [2024-03-06T09:33:07.585+0000] {dagbag.py:350} ERROR - Failed to import: /opt/airflow/dags/concurrent_dag.py
Traceback (most recent call last):
  File "/home/airflow/.local/lib/python3.11/site-packages/airflow/models/dagbag.py", line 346, in parse
    loader.exec_module(new_module)
  File "<frozen importlib._bootstrap_external>", line 940, in exec_module
  File "<frozen importlib._bootstrap>", line 241, in _call_with_frames_removed
  File "/opt/airflow/dags/concurrent_dag.py", line 81, in <module>
    python_callable=check_claims_data,
                    ^^^^^^^^^^^^^^^^^
NameError: name 'check_claims_data' is not defined
[2024-03-06T09:33:07.592+0000] {processor.py:842} WARNING - No viable dags retrieved from /opt/airflow/dags/concurrent_dag.py
[2024-03-06T09:33:07.647+0000] {processor.py:183} INFO - Processing /opt/airflow/dags/concurrent_dag.py took 0.207 seconds
[2024-03-06T09:33:09.995+0000] {processor.py:161} INFO - Started process (PID=190) to work on /opt/airflow/dags/concurrent_dag.py
[2024-03-06T09:33:09.996+0000] {processor.py:830} INFO - Processing file /opt/airflow/dags/concurrent_dag.py for tasks to queue
[2024-03-06T09:33:09.998+0000] {logging_mixin.py:188} INFO - [2024-03-06T09:33:09.997+0000] {dagbag.py:540} INFO - Filling up the DagBag from /opt/airflow/dags/concurrent_dag.py
[2024-03-06T09:33:10.170+0000] {processor.py:840} INFO - DAG(s) 'concurrent_data_pipeline' retrieved from /opt/airflow/dags/concurrent_dag.py
[2024-03-06T09:33:10.901+0000] {logging_mixin.py:188} INFO - [2024-03-06T09:33:10.899+0000] {override.py:1769} INFO - Created Permission View: can read on DAG:concurrent_data_pipeline
[2024-03-06T09:33:10.956+0000] {logging_mixin.py:188} INFO - [2024-03-06T09:33:10.955+0000] {override.py:1769} INFO - Created Permission View: can edit on DAG:concurrent_data_pipeline
[2024-03-06T09:33:11.006+0000] {logging_mixin.py:188} INFO - [2024-03-06T09:33:11.006+0000] {override.py:1769} INFO - Created Permission View: can delete on DAG:concurrent_data_pipeline
[2024-03-06T09:33:11.007+0000] {logging_mixin.py:188} INFO - [2024-03-06T09:33:11.007+0000] {dag.py:3047} INFO - Sync 1 DAGs
[2024-03-06T09:33:11.040+0000] {logging_mixin.py:188} INFO - [2024-03-06T09:33:11.040+0000] {dag.py:3069} INFO - Creating ORM DAG for concurrent_data_pipeline
[2024-03-06T09:33:11.042+0000] {logging_mixin.py:188} INFO - [2024-03-06T09:33:11.042+0000] {dag.py:3834} INFO - Setting next_dagrun for concurrent_data_pipeline to None, run_after=None
[2024-03-06T09:33:11.154+0000] {processor.py:183} INFO - Processing /opt/airflow/dags/concurrent_dag.py took 1.162 seconds
[2024-03-06T09:33:28.146+0000] {processor.py:161} INFO - Started process (PID=192) to work on /opt/airflow/dags/concurrent_dag.py
[2024-03-06T09:33:28.148+0000] {processor.py:830} INFO - Processing file /opt/airflow/dags/concurrent_dag.py for tasks to queue
[2024-03-06T09:33:28.149+0000] {logging_mixin.py:188} INFO - [2024-03-06T09:33:28.148+0000] {dagbag.py:540} INFO - Filling up the DagBag from /opt/airflow/dags/concurrent_dag.py
[2024-03-06T09:33:28.290+0000] {logging_mixin.py:188} INFO - [2024-03-06T09:33:28.284+0000] {dagbag.py:350} ERROR - Failed to import: /opt/airflow/dags/concurrent_dag.py
Traceback (most recent call last):
  File "/home/airflow/.local/lib/python3.11/site-packages/airflow/models/dagbag.py", line 346, in parse
    loader.exec_module(new_module)
  File "<frozen importlib._bootstrap_external>", line 940, in exec_module
  File "<frozen importlib._bootstrap>", line 241, in _call_with_frames_removed
  File "/opt/airflow/dags/concurrent_dag.py", line 81, in <module>
    python_callable=check_claims_data,
                    ^^^^^^^^^^^^^^^^^
NameError: name 'check_claims_data' is not defined
[2024-03-06T09:33:28.293+0000] {processor.py:842} WARNING - No viable dags retrieved from /opt/airflow/dags/concurrent_dag.py
[2024-03-06T09:33:28.339+0000] {processor.py:183} INFO - Processing /opt/airflow/dags/concurrent_dag.py took 0.195 seconds
[2024-03-06T09:33:30.899+0000] {processor.py:161} INFO - Started process (PID=194) to work on /opt/airflow/dags/concurrent_dag.py
[2024-03-06T09:33:30.900+0000] {processor.py:830} INFO - Processing file /opt/airflow/dags/concurrent_dag.py for tasks to queue
[2024-03-06T09:33:30.902+0000] {logging_mixin.py:188} INFO - [2024-03-06T09:33:30.901+0000] {dagbag.py:540} INFO - Filling up the DagBag from /opt/airflow/dags/concurrent_dag.py
[2024-03-06T09:33:31.033+0000] {processor.py:840} INFO - DAG(s) 'concurrent_data_pipeline' retrieved from /opt/airflow/dags/concurrent_dag.py
[2024-03-06T09:33:31.048+0000] {logging_mixin.py:188} INFO - [2024-03-06T09:33:31.048+0000] {dag.py:3047} INFO - Sync 1 DAGs
[2024-03-06T09:33:31.064+0000] {logging_mixin.py:188} INFO - [2024-03-06T09:33:31.064+0000] {dag.py:3834} INFO - Setting next_dagrun for concurrent_data_pipeline to None, run_after=None
[2024-03-06T09:33:31.156+0000] {processor.py:183} INFO - Processing /opt/airflow/dags/concurrent_dag.py took 0.264 seconds
[2024-03-06T09:33:42.573+0000] {processor.py:161} INFO - Started process (PID=195) to work on /opt/airflow/dags/concurrent_dag.py
[2024-03-06T09:33:42.575+0000] {processor.py:830} INFO - Processing file /opt/airflow/dags/concurrent_dag.py for tasks to queue
[2024-03-06T09:33:42.576+0000] {logging_mixin.py:188} INFO - [2024-03-06T09:33:42.575+0000] {dagbag.py:540} INFO - Filling up the DagBag from /opt/airflow/dags/concurrent_dag.py
[2024-03-06T09:33:42.721+0000] {logging_mixin.py:188} INFO - [2024-03-06T09:33:42.717+0000] {dagbag.py:350} ERROR - Failed to import: /opt/airflow/dags/concurrent_dag.py
Traceback (most recent call last):
  File "/home/airflow/.local/lib/python3.11/site-packages/airflow/models/dagbag.py", line 346, in parse
    loader.exec_module(new_module)
  File "<frozen importlib._bootstrap_external>", line 940, in exec_module
  File "<frozen importlib._bootstrap>", line 241, in _call_with_frames_removed
  File "/opt/airflow/dags/concurrent_dag.py", line 81, in <module>
    python_callable=check_claims_data,
                    ^^^^^^^^^^^^^^^^^
NameError: name 'check_claims_data' is not defined
[2024-03-06T09:33:42.723+0000] {processor.py:842} WARNING - No viable dags retrieved from /opt/airflow/dags/concurrent_dag.py
[2024-03-06T09:33:42.771+0000] {processor.py:183} INFO - Processing /opt/airflow/dags/concurrent_dag.py took 0.201 seconds
[2024-03-06T09:33:46.227+0000] {processor.py:161} INFO - Started process (PID=196) to work on /opt/airflow/dags/concurrent_dag.py
[2024-03-06T09:33:46.229+0000] {processor.py:830} INFO - Processing file /opt/airflow/dags/concurrent_dag.py for tasks to queue
[2024-03-06T09:33:46.231+0000] {logging_mixin.py:188} INFO - [2024-03-06T09:33:46.230+0000] {dagbag.py:540} INFO - Filling up the DagBag from /opt/airflow/dags/concurrent_dag.py
[2024-03-06T09:33:46.419+0000] {logging_mixin.py:188} INFO - [2024-03-06T09:33:46.413+0000] {dagbag.py:350} ERROR - Failed to import: /opt/airflow/dags/concurrent_dag.py
Traceback (most recent call last):
  File "/home/airflow/.local/lib/python3.11/site-packages/airflow/models/dagbag.py", line 346, in parse
    loader.exec_module(new_module)
  File "<frozen importlib._bootstrap_external>", line 940, in exec_module
  File "<frozen importlib._bootstrap>", line 241, in _call_with_frames_removed
  File "/opt/airflow/dags/concurrent_dag.py", line 81, in <module>
    python_callable=check_claims_data,
                    ^^^^^^^^^^^^^^^^^
NameError: name 'check_claims_data' is not defined
[2024-03-06T09:33:46.421+0000] {processor.py:842} WARNING - No viable dags retrieved from /opt/airflow/dags/concurrent_dag.py
[2024-03-06T09:33:46.469+0000] {processor.py:183} INFO - Processing /opt/airflow/dags/concurrent_dag.py took 0.245 seconds
[2024-03-06T09:33:54.296+0000] {processor.py:161} INFO - Started process (PID=198) to work on /opt/airflow/dags/concurrent_dag.py
[2024-03-06T09:33:54.297+0000] {processor.py:830} INFO - Processing file /opt/airflow/dags/concurrent_dag.py for tasks to queue
[2024-03-06T09:33:54.299+0000] {logging_mixin.py:188} INFO - [2024-03-06T09:33:54.298+0000] {dagbag.py:540} INFO - Filling up the DagBag from /opt/airflow/dags/concurrent_dag.py
[2024-03-06T09:33:54.462+0000] {logging_mixin.py:188} INFO - [2024-03-06T09:33:54.455+0000] {dagbag.py:350} ERROR - Failed to import: /opt/airflow/dags/concurrent_dag.py
Traceback (most recent call last):
  File "/home/airflow/.local/lib/python3.11/site-packages/airflow/models/dagbag.py", line 346, in parse
    loader.exec_module(new_module)
  File "<frozen importlib._bootstrap_external>", line 940, in exec_module
  File "<frozen importlib._bootstrap>", line 241, in _call_with_frames_removed
  File "/opt/airflow/dags/concurrent_dag.py", line 81, in <module>
    python_callable=check_claims_data,
                    ^^^^^^^^^^^^^^^^^
NameError: name 'check_claims_data' is not defined
[2024-03-06T09:33:54.464+0000] {processor.py:842} WARNING - No viable dags retrieved from /opt/airflow/dags/concurrent_dag.py
[2024-03-06T09:33:54.514+0000] {processor.py:183} INFO - Processing /opt/airflow/dags/concurrent_dag.py took 0.221 seconds
[2024-03-06T09:33:57.920+0000] {processor.py:161} INFO - Started process (PID=199) to work on /opt/airflow/dags/concurrent_dag.py
[2024-03-06T09:33:57.921+0000] {processor.py:830} INFO - Processing file /opt/airflow/dags/concurrent_dag.py for tasks to queue
[2024-03-06T09:33:57.922+0000] {logging_mixin.py:188} INFO - [2024-03-06T09:33:57.922+0000] {dagbag.py:540} INFO - Filling up the DagBag from /opt/airflow/dags/concurrent_dag.py
[2024-03-06T09:33:58.067+0000] {logging_mixin.py:188} INFO - [2024-03-06T09:33:58.062+0000] {dagbag.py:350} ERROR - Failed to import: /opt/airflow/dags/concurrent_dag.py
Traceback (most recent call last):
  File "/home/airflow/.local/lib/python3.11/site-packages/airflow/models/dagbag.py", line 346, in parse
    loader.exec_module(new_module)
  File "<frozen importlib._bootstrap_external>", line 940, in exec_module
  File "<frozen importlib._bootstrap>", line 241, in _call_with_frames_removed
  File "/opt/airflow/dags/concurrent_dag.py", line 81, in <module>
    python_callable=check_claims_data,
                    ^^^^^^^^^^^^^^^^^
NameError: name 'check_claims_data' is not defined
[2024-03-06T09:33:58.069+0000] {processor.py:842} WARNING - No viable dags retrieved from /opt/airflow/dags/concurrent_dag.py
[2024-03-06T09:33:58.132+0000] {processor.py:183} INFO - Processing /opt/airflow/dags/concurrent_dag.py took 0.215 seconds
[2024-03-06T09:34:02.352+0000] {processor.py:161} INFO - Started process (PID=201) to work on /opt/airflow/dags/concurrent_dag.py
[2024-03-06T09:34:02.353+0000] {processor.py:830} INFO - Processing file /opt/airflow/dags/concurrent_dag.py for tasks to queue
[2024-03-06T09:34:02.354+0000] {logging_mixin.py:188} INFO - [2024-03-06T09:34:02.354+0000] {dagbag.py:540} INFO - Filling up the DagBag from /opt/airflow/dags/concurrent_dag.py
[2024-03-06T09:34:02.506+0000] {logging_mixin.py:188} INFO - [2024-03-06T09:34:02.498+0000] {dagbag.py:350} ERROR - Failed to import: /opt/airflow/dags/concurrent_dag.py
Traceback (most recent call last):
  File "/home/airflow/.local/lib/python3.11/site-packages/airflow/models/dagbag.py", line 346, in parse
    loader.exec_module(new_module)
  File "<frozen importlib._bootstrap_external>", line 940, in exec_module
  File "<frozen importlib._bootstrap>", line 241, in _call_with_frames_removed
  File "/opt/airflow/dags/concurrent_dag.py", line 81, in <module>
    python_callable=check_claims_data,
                    ^^^^^^^^^^^^^^^^^
NameError: name 'check_claims_data' is not defined
[2024-03-06T09:34:02.508+0000] {processor.py:842} WARNING - No viable dags retrieved from /opt/airflow/dags/concurrent_dag.py
[2024-03-06T09:34:02.555+0000] {processor.py:183} INFO - Processing /opt/airflow/dags/concurrent_dag.py took 0.207 seconds
[2024-03-06T09:34:14.836+0000] {processor.py:161} INFO - Started process (PID=202) to work on /opt/airflow/dags/concurrent_dag.py
[2024-03-06T09:34:14.838+0000] {processor.py:830} INFO - Processing file /opt/airflow/dags/concurrent_dag.py for tasks to queue
[2024-03-06T09:34:14.839+0000] {logging_mixin.py:188} INFO - [2024-03-06T09:34:14.838+0000] {dagbag.py:540} INFO - Filling up the DagBag from /opt/airflow/dags/concurrent_dag.py
[2024-03-06T09:34:15.038+0000] {logging_mixin.py:188} INFO - [2024-03-06T09:34:15.032+0000] {dagbag.py:350} ERROR - Failed to import: /opt/airflow/dags/concurrent_dag.py
Traceback (most recent call last):
  File "/home/airflow/.local/lib/python3.11/site-packages/airflow/models/dagbag.py", line 346, in parse
    loader.exec_module(new_module)
  File "<frozen importlib._bootstrap_external>", line 940, in exec_module
  File "<frozen importlib._bootstrap>", line 241, in _call_with_frames_removed
  File "/opt/airflow/dags/concurrent_dag.py", line 81, in <module>
    python_callable=check_claims_data,
                    ^^^^^^^^^^^^^^^^^
NameError: name 'check_claims_data' is not defined
[2024-03-06T09:34:15.040+0000] {processor.py:842} WARNING - No viable dags retrieved from /opt/airflow/dags/concurrent_dag.py
[2024-03-06T09:34:15.135+0000] {processor.py:183} INFO - Processing /opt/airflow/dags/concurrent_dag.py took 0.302 seconds
[2024-03-06T09:34:22.349+0000] {processor.py:161} INFO - Started process (PID=204) to work on /opt/airflow/dags/concurrent_dag.py
[2024-03-06T09:34:22.351+0000] {processor.py:830} INFO - Processing file /opt/airflow/dags/concurrent_dag.py for tasks to queue
[2024-03-06T09:34:22.352+0000] {logging_mixin.py:188} INFO - [2024-03-06T09:34:22.351+0000] {dagbag.py:540} INFO - Filling up the DagBag from /opt/airflow/dags/concurrent_dag.py
[2024-03-06T09:34:22.491+0000] {logging_mixin.py:188} INFO - [2024-03-06T09:34:22.485+0000] {dagbag.py:350} ERROR - Failed to import: /opt/airflow/dags/concurrent_dag.py
Traceback (most recent call last):
  File "/home/airflow/.local/lib/python3.11/site-packages/airflow/models/dagbag.py", line 346, in parse
    loader.exec_module(new_module)
  File "<frozen importlib._bootstrap_external>", line 940, in exec_module
  File "<frozen importlib._bootstrap>", line 241, in _call_with_frames_removed
  File "/opt/airflow/dags/concurrent_dag.py", line 81, in <module>
    python_callable=check_claims_data,
                    ^^^^^^^^^^^^^^^^^
NameError: name 'check_claims_data' is not defined
[2024-03-06T09:34:22.493+0000] {processor.py:842} WARNING - No viable dags retrieved from /opt/airflow/dags/concurrent_dag.py
[2024-03-06T09:34:22.540+0000] {processor.py:183} INFO - Processing /opt/airflow/dags/concurrent_dag.py took 0.194 seconds
[2024-03-06T09:34:38.791+0000] {processor.py:161} INFO - Started process (PID=206) to work on /opt/airflow/dags/concurrent_dag.py
[2024-03-06T09:34:38.793+0000] {processor.py:830} INFO - Processing file /opt/airflow/dags/concurrent_dag.py for tasks to queue
[2024-03-06T09:34:38.795+0000] {logging_mixin.py:188} INFO - [2024-03-06T09:34:38.794+0000] {dagbag.py:540} INFO - Filling up the DagBag from /opt/airflow/dags/concurrent_dag.py
[2024-03-06T09:34:38.952+0000] {logging_mixin.py:188} INFO - [2024-03-06T09:34:38.946+0000] {dagbag.py:350} ERROR - Failed to import: /opt/airflow/dags/concurrent_dag.py
Traceback (most recent call last):
  File "/home/airflow/.local/lib/python3.11/site-packages/airflow/models/dagbag.py", line 346, in parse
    loader.exec_module(new_module)
  File "<frozen importlib._bootstrap_external>", line 940, in exec_module
  File "<frozen importlib._bootstrap>", line 241, in _call_with_frames_removed
  File "/opt/airflow/dags/concurrent_dag.py", line 81, in <module>
    python_callable=check_claims_data,
                    ^^^^^^^^^^^^^^^^^
NameError: name 'check_claims_data' is not defined
[2024-03-06T09:34:38.954+0000] {processor.py:842} WARNING - No viable dags retrieved from /opt/airflow/dags/concurrent_dag.py
[2024-03-06T09:34:39.004+0000] {processor.py:183} INFO - Processing /opt/airflow/dags/concurrent_dag.py took 0.216 seconds
[2024-03-06T09:34:44.665+0000] {processor.py:161} INFO - Started process (PID=207) to work on /opt/airflow/dags/concurrent_dag.py
[2024-03-06T09:34:44.666+0000] {processor.py:830} INFO - Processing file /opt/airflow/dags/concurrent_dag.py for tasks to queue
[2024-03-06T09:34:44.667+0000] {logging_mixin.py:188} INFO - [2024-03-06T09:34:44.667+0000] {dagbag.py:540} INFO - Filling up the DagBag from /opt/airflow/dags/concurrent_dag.py
[2024-03-06T09:34:44.811+0000] {logging_mixin.py:188} INFO - [2024-03-06T09:34:44.804+0000] {dagbag.py:350} ERROR - Failed to import: /opt/airflow/dags/concurrent_dag.py
Traceback (most recent call last):
  File "/home/airflow/.local/lib/python3.11/site-packages/airflow/models/dagbag.py", line 346, in parse
    loader.exec_module(new_module)
  File "<frozen importlib._bootstrap_external>", line 940, in exec_module
  File "<frozen importlib._bootstrap>", line 241, in _call_with_frames_removed
  File "/opt/airflow/dags/concurrent_dag.py", line 81, in <module>
    python_callable=check_claims_data,
                    ^^^^^^^^^^^^^^^^^
NameError: name 'check_claims_data' is not defined
[2024-03-06T09:34:44.814+0000] {processor.py:842} WARNING - No viable dags retrieved from /opt/airflow/dags/concurrent_dag.py
[2024-03-06T09:34:44.879+0000] {processor.py:183} INFO - Processing /opt/airflow/dags/concurrent_dag.py took 0.218 seconds
[2024-03-06T09:34:57.551+0000] {processor.py:161} INFO - Started process (PID=209) to work on /opt/airflow/dags/concurrent_dag.py
[2024-03-06T09:34:57.552+0000] {processor.py:830} INFO - Processing file /opt/airflow/dags/concurrent_dag.py for tasks to queue
[2024-03-06T09:34:57.553+0000] {logging_mixin.py:188} INFO - [2024-03-06T09:34:57.553+0000] {dagbag.py:540} INFO - Filling up the DagBag from /opt/airflow/dags/concurrent_dag.py
[2024-03-06T09:34:57.699+0000] {logging_mixin.py:188} INFO - [2024-03-06T09:34:57.693+0000] {dagbag.py:350} ERROR - Failed to import: /opt/airflow/dags/concurrent_dag.py
Traceback (most recent call last):
  File "/home/airflow/.local/lib/python3.11/site-packages/airflow/models/dagbag.py", line 346, in parse
    loader.exec_module(new_module)
  File "<frozen importlib._bootstrap_external>", line 940, in exec_module
  File "<frozen importlib._bootstrap>", line 241, in _call_with_frames_removed
  File "/opt/airflow/dags/concurrent_dag.py", line 86, in <module>
    check_users >> check_claims
                   ^^^^^^^^^^^^
NameError: name 'check_claims' is not defined
[2024-03-06T09:34:57.701+0000] {processor.py:842} WARNING - No viable dags retrieved from /opt/airflow/dags/concurrent_dag.py
[2024-03-06T09:34:57.750+0000] {processor.py:183} INFO - Processing /opt/airflow/dags/concurrent_dag.py took 0.202 seconds
[2024-03-06T09:35:03.930+0000] {processor.py:161} INFO - Started process (PID=211) to work on /opt/airflow/dags/concurrent_dag.py
[2024-03-06T09:35:03.931+0000] {processor.py:830} INFO - Processing file /opt/airflow/dags/concurrent_dag.py for tasks to queue
[2024-03-06T09:35:03.933+0000] {logging_mixin.py:188} INFO - [2024-03-06T09:35:03.932+0000] {dagbag.py:540} INFO - Filling up the DagBag from /opt/airflow/dags/concurrent_dag.py
[2024-03-06T09:35:04.148+0000] {logging_mixin.py:188} INFO - [2024-03-06T09:35:04.141+0000] {dagbag.py:350} ERROR - Failed to import: /opt/airflow/dags/concurrent_dag.py
Traceback (most recent call last):
  File "/home/airflow/.local/lib/python3.11/site-packages/airflow/models/dagbag.py", line 346, in parse
    loader.exec_module(new_module)
  File "<frozen importlib._bootstrap_external>", line 940, in exec_module
  File "<frozen importlib._bootstrap>", line 241, in _call_with_frames_removed
  File "/opt/airflow/dags/concurrent_dag.py", line 86, in <module>
    check_users >> check_policy
                   ^^^^^^^^^^^^
NameError: name 'check_policy' is not defined
[2024-03-06T09:35:04.150+0000] {processor.py:842} WARNING - No viable dags retrieved from /opt/airflow/dags/concurrent_dag.py
[2024-03-06T09:35:04.212+0000] {processor.py:183} INFO - Processing /opt/airflow/dags/concurrent_dag.py took 0.286 seconds
[2024-03-06T09:35:06.991+0000] {processor.py:161} INFO - Started process (PID=212) to work on /opt/airflow/dags/concurrent_dag.py
[2024-03-06T09:35:06.996+0000] {processor.py:830} INFO - Processing file /opt/airflow/dags/concurrent_dag.py for tasks to queue
[2024-03-06T09:35:07.004+0000] {logging_mixin.py:188} INFO - [2024-03-06T09:35:06.998+0000] {dagbag.py:540} INFO - Filling up the DagBag from /opt/airflow/dags/concurrent_dag.py
[2024-03-06T09:35:07.292+0000] {logging_mixin.py:188} INFO - [2024-03-06T09:35:07.282+0000] {dagbag.py:350} ERROR - Failed to import: /opt/airflow/dags/concurrent_dag.py
Traceback (most recent call last):
  File "/home/airflow/.local/lib/python3.11/site-packages/airflow/models/dagbag.py", line 346, in parse
    loader.exec_module(new_module)
  File "<frozen importlib._bootstrap_external>", line 940, in exec_module
  File "<frozen importlib._bootstrap>", line 241, in _call_with_frames_removed
  File "/opt/airflow/dags/concurrent_dag.py", line 86, in <module>
    check_users >> check_claims
                   ^^^^^^^^^^^^
NameError: name 'check_claims' is not defined
[2024-03-06T09:35:07.296+0000] {processor.py:842} WARNING - No viable dags retrieved from /opt/airflow/dags/concurrent_dag.py
[2024-03-06T09:35:07.366+0000] {processor.py:183} INFO - Processing /opt/airflow/dags/concurrent_dag.py took 0.385 seconds
[2024-03-06T09:35:10.969+0000] {processor.py:161} INFO - Started process (PID=213) to work on /opt/airflow/dags/concurrent_dag.py
[2024-03-06T09:35:10.970+0000] {processor.py:830} INFO - Processing file /opt/airflow/dags/concurrent_dag.py for tasks to queue
[2024-03-06T09:35:10.971+0000] {logging_mixin.py:188} INFO - [2024-03-06T09:35:10.971+0000] {dagbag.py:540} INFO - Filling up the DagBag from /opt/airflow/dags/concurrent_dag.py
[2024-03-06T09:35:11.127+0000] {logging_mixin.py:188} INFO - [2024-03-06T09:35:11.121+0000] {dagbag.py:350} ERROR - Failed to import: /opt/airflow/dags/concurrent_dag.py
Traceback (most recent call last):
  File "/home/airflow/.local/lib/python3.11/site-packages/airflow/models/dagbag.py", line 346, in parse
    loader.exec_module(new_module)
  File "<frozen importlib._bootstrap_external>", line 940, in exec_module
  File "<frozen importlib._bootstrap>", line 241, in _call_with_frames_removed
  File "/opt/airflow/dags/concurrent_dag.py", line 87, in <module>
    check_policies >> check_claims
                      ^^^^^^^^^^^^
NameError: name 'check_claims' is not defined
[2024-03-06T09:35:11.130+0000] {processor.py:842} WARNING - No viable dags retrieved from /opt/airflow/dags/concurrent_dag.py
[2024-03-06T09:35:11.178+0000] {processor.py:183} INFO - Processing /opt/airflow/dags/concurrent_dag.py took 0.212 seconds
[2024-03-06T09:35:20.686+0000] {processor.py:161} INFO - Started process (PID=215) to work on /opt/airflow/dags/concurrent_dag.py
[2024-03-06T09:35:20.688+0000] {processor.py:830} INFO - Processing file /opt/airflow/dags/concurrent_dag.py for tasks to queue
[2024-03-06T09:35:20.689+0000] {logging_mixin.py:188} INFO - [2024-03-06T09:35:20.688+0000] {dagbag.py:540} INFO - Filling up the DagBag from /opt/airflow/dags/concurrent_dag.py
[2024-03-06T09:35:20.840+0000] {processor.py:840} INFO - DAG(s) 'concurrent_data_pipeline' retrieved from /opt/airflow/dags/concurrent_dag.py
[2024-03-06T09:35:20.967+0000] {logging_mixin.py:188} INFO - [2024-03-06T09:35:20.966+0000] {dag.py:3047} INFO - Sync 1 DAGs
[2024-03-06T09:35:20.978+0000] {logging_mixin.py:188} INFO - [2024-03-06T09:35:20.978+0000] {dag.py:3834} INFO - Setting next_dagrun for concurrent_data_pipeline to None, run_after=None
[2024-03-06T09:35:21.100+0000] {processor.py:183} INFO - Processing /opt/airflow/dags/concurrent_dag.py took 0.417 seconds
[2024-03-06T09:35:23.823+0000] {processor.py:161} INFO - Started process (PID=216) to work on /opt/airflow/dags/concurrent_dag.py
[2024-03-06T09:35:23.824+0000] {processor.py:830} INFO - Processing file /opt/airflow/dags/concurrent_dag.py for tasks to queue
[2024-03-06T09:35:23.825+0000] {logging_mixin.py:188} INFO - [2024-03-06T09:35:23.825+0000] {dagbag.py:540} INFO - Filling up the DagBag from /opt/airflow/dags/concurrent_dag.py
[2024-03-06T09:35:23.964+0000] {processor.py:840} INFO - DAG(s) 'concurrent_data_pipeline' retrieved from /opt/airflow/dags/concurrent_dag.py
[2024-03-06T09:35:23.981+0000] {logging_mixin.py:188} INFO - [2024-03-06T09:35:23.981+0000] {dag.py:3047} INFO - Sync 1 DAGs
[2024-03-06T09:35:23.996+0000] {logging_mixin.py:188} INFO - [2024-03-06T09:35:23.996+0000] {dag.py:3834} INFO - Setting next_dagrun for concurrent_data_pipeline to None, run_after=None
[2024-03-06T09:35:24.076+0000] {processor.py:183} INFO - Processing /opt/airflow/dags/concurrent_dag.py took 0.256 seconds
[2024-03-06T09:35:55.000+0000] {processor.py:161} INFO - Started process (PID=219) to work on /opt/airflow/dags/concurrent_dag.py
[2024-03-06T09:35:55.001+0000] {processor.py:830} INFO - Processing file /opt/airflow/dags/concurrent_dag.py for tasks to queue
[2024-03-06T09:35:55.002+0000] {logging_mixin.py:188} INFO - [2024-03-06T09:35:55.001+0000] {dagbag.py:540} INFO - Filling up the DagBag from /opt/airflow/dags/concurrent_dag.py
[2024-03-06T09:35:55.164+0000] {processor.py:840} INFO - DAG(s) 'concurrent_data_pipeline' retrieved from /opt/airflow/dags/concurrent_dag.py
[2024-03-06T09:35:55.213+0000] {logging_mixin.py:188} INFO - [2024-03-06T09:35:55.212+0000] {dag.py:3047} INFO - Sync 1 DAGs
[2024-03-06T09:35:55.239+0000] {logging_mixin.py:188} INFO - [2024-03-06T09:35:55.238+0000] {dag.py:3834} INFO - Setting next_dagrun for concurrent_data_pipeline to None, run_after=None
[2024-03-06T09:35:55.316+0000] {processor.py:183} INFO - Processing /opt/airflow/dags/concurrent_dag.py took 0.319 seconds
[2024-03-06T09:36:25.771+0000] {processor.py:161} INFO - Started process (PID=222) to work on /opt/airflow/dags/concurrent_dag.py
[2024-03-06T09:36:25.773+0000] {processor.py:830} INFO - Processing file /opt/airflow/dags/concurrent_dag.py for tasks to queue
[2024-03-06T09:36:25.779+0000] {logging_mixin.py:188} INFO - [2024-03-06T09:36:25.778+0000] {dagbag.py:540} INFO - Filling up the DagBag from /opt/airflow/dags/concurrent_dag.py
[2024-03-06T09:36:26.032+0000] {processor.py:840} INFO - DAG(s) 'concurrent_data_pipeline' retrieved from /opt/airflow/dags/concurrent_dag.py
[2024-03-06T09:36:26.064+0000] {logging_mixin.py:188} INFO - [2024-03-06T09:36:26.064+0000] {dag.py:3047} INFO - Sync 1 DAGs
[2024-03-06T09:36:26.081+0000] {logging_mixin.py:188} INFO - [2024-03-06T09:36:26.081+0000] {dag.py:3834} INFO - Setting next_dagrun for concurrent_data_pipeline to None, run_after=None
[2024-03-06T09:36:26.167+0000] {processor.py:183} INFO - Processing /opt/airflow/dags/concurrent_dag.py took 0.399 seconds
[2024-03-06T09:36:56.613+0000] {processor.py:161} INFO - Started process (PID=225) to work on /opt/airflow/dags/concurrent_dag.py
[2024-03-06T09:36:56.614+0000] {processor.py:830} INFO - Processing file /opt/airflow/dags/concurrent_dag.py for tasks to queue
[2024-03-06T09:36:56.616+0000] {logging_mixin.py:188} INFO - [2024-03-06T09:36:56.615+0000] {dagbag.py:540} INFO - Filling up the DagBag from /opt/airflow/dags/concurrent_dag.py
[2024-03-06T09:36:56.741+0000] {processor.py:840} INFO - DAG(s) 'concurrent_data_pipeline' retrieved from /opt/airflow/dags/concurrent_dag.py
[2024-03-06T09:36:56.779+0000] {logging_mixin.py:188} INFO - [2024-03-06T09:36:56.779+0000] {dag.py:3047} INFO - Sync 1 DAGs
[2024-03-06T09:36:56.798+0000] {logging_mixin.py:188} INFO - [2024-03-06T09:36:56.798+0000] {dag.py:3834} INFO - Setting next_dagrun for concurrent_data_pipeline to None, run_after=None
[2024-03-06T09:36:56.882+0000] {processor.py:183} INFO - Processing /opt/airflow/dags/concurrent_dag.py took 0.273 seconds
[2024-03-06T09:37:27.519+0000] {processor.py:161} INFO - Started process (PID=228) to work on /opt/airflow/dags/concurrent_dag.py
[2024-03-06T09:37:27.521+0000] {processor.py:830} INFO - Processing file /opt/airflow/dags/concurrent_dag.py for tasks to queue
[2024-03-06T09:37:27.523+0000] {logging_mixin.py:188} INFO - [2024-03-06T09:37:27.522+0000] {dagbag.py:540} INFO - Filling up the DagBag from /opt/airflow/dags/concurrent_dag.py
[2024-03-06T09:37:27.661+0000] {processor.py:840} INFO - DAG(s) 'concurrent_data_pipeline' retrieved from /opt/airflow/dags/concurrent_dag.py
[2024-03-06T09:37:27.696+0000] {logging_mixin.py:188} INFO - [2024-03-06T09:37:27.696+0000] {dag.py:3047} INFO - Sync 1 DAGs
[2024-03-06T09:37:27.715+0000] {logging_mixin.py:188} INFO - [2024-03-06T09:37:27.715+0000] {dag.py:3834} INFO - Setting next_dagrun for concurrent_data_pipeline to None, run_after=None
[2024-03-06T09:37:27.810+0000] {processor.py:183} INFO - Processing /opt/airflow/dags/concurrent_dag.py took 0.295 seconds
[2024-03-06T09:37:58.316+0000] {processor.py:161} INFO - Started process (PID=231) to work on /opt/airflow/dags/concurrent_dag.py
[2024-03-06T09:37:58.318+0000] {processor.py:830} INFO - Processing file /opt/airflow/dags/concurrent_dag.py for tasks to queue
[2024-03-06T09:37:58.320+0000] {logging_mixin.py:188} INFO - [2024-03-06T09:37:58.319+0000] {dagbag.py:540} INFO - Filling up the DagBag from /opt/airflow/dags/concurrent_dag.py
[2024-03-06T09:37:58.470+0000] {processor.py:840} INFO - DAG(s) 'concurrent_data_pipeline' retrieved from /opt/airflow/dags/concurrent_dag.py
[2024-03-06T09:37:58.503+0000] {logging_mixin.py:188} INFO - [2024-03-06T09:37:58.503+0000] {dag.py:3047} INFO - Sync 1 DAGs
[2024-03-06T09:37:58.518+0000] {logging_mixin.py:188} INFO - [2024-03-06T09:37:58.518+0000] {dag.py:3834} INFO - Setting next_dagrun for concurrent_data_pipeline to None, run_after=None
[2024-03-06T09:37:58.592+0000] {processor.py:183} INFO - Processing /opt/airflow/dags/concurrent_dag.py took 0.280 seconds
[2024-03-06T09:38:29.366+0000] {processor.py:161} INFO - Started process (PID=234) to work on /opt/airflow/dags/concurrent_dag.py
[2024-03-06T09:38:29.367+0000] {processor.py:830} INFO - Processing file /opt/airflow/dags/concurrent_dag.py for tasks to queue
[2024-03-06T09:38:29.369+0000] {logging_mixin.py:188} INFO - [2024-03-06T09:38:29.368+0000] {dagbag.py:540} INFO - Filling up the DagBag from /opt/airflow/dags/concurrent_dag.py
[2024-03-06T09:38:29.495+0000] {processor.py:840} INFO - DAG(s) 'concurrent_data_pipeline' retrieved from /opt/airflow/dags/concurrent_dag.py
[2024-03-06T09:38:29.524+0000] {logging_mixin.py:188} INFO - [2024-03-06T09:38:29.524+0000] {dag.py:3047} INFO - Sync 1 DAGs
[2024-03-06T09:38:29.538+0000] {logging_mixin.py:188} INFO - [2024-03-06T09:38:29.538+0000] {dag.py:3834} INFO - Setting next_dagrun for concurrent_data_pipeline to None, run_after=None
[2024-03-06T09:38:29.620+0000] {processor.py:183} INFO - Processing /opt/airflow/dags/concurrent_dag.py took 0.257 seconds
[2024-03-06T09:38:59.755+0000] {processor.py:161} INFO - Started process (PID=237) to work on /opt/airflow/dags/concurrent_dag.py
[2024-03-06T09:38:59.761+0000] {processor.py:830} INFO - Processing file /opt/airflow/dags/concurrent_dag.py for tasks to queue
[2024-03-06T09:38:59.765+0000] {logging_mixin.py:188} INFO - [2024-03-06T09:38:59.764+0000] {dagbag.py:540} INFO - Filling up the DagBag from /opt/airflow/dags/concurrent_dag.py
[2024-03-06T09:39:00.137+0000] {processor.py:840} INFO - DAG(s) 'concurrent_data_pipeline' retrieved from /opt/airflow/dags/concurrent_dag.py
[2024-03-06T09:39:00.215+0000] {logging_mixin.py:188} INFO - [2024-03-06T09:39:00.214+0000] {dag.py:3047} INFO - Sync 1 DAGs
[2024-03-06T09:39:00.248+0000] {logging_mixin.py:188} INFO - [2024-03-06T09:39:00.247+0000] {dag.py:3834} INFO - Setting next_dagrun for concurrent_data_pipeline to None, run_after=None
[2024-03-06T09:39:00.371+0000] {processor.py:183} INFO - Processing /opt/airflow/dags/concurrent_dag.py took 0.634 seconds
[2024-03-06T09:39:30.830+0000] {processor.py:161} INFO - Started process (PID=240) to work on /opt/airflow/dags/concurrent_dag.py
[2024-03-06T09:39:30.831+0000] {processor.py:830} INFO - Processing file /opt/airflow/dags/concurrent_dag.py for tasks to queue
[2024-03-06T09:39:30.833+0000] {logging_mixin.py:188} INFO - [2024-03-06T09:39:30.832+0000] {dagbag.py:540} INFO - Filling up the DagBag from /opt/airflow/dags/concurrent_dag.py
[2024-03-06T09:39:30.963+0000] {processor.py:840} INFO - DAG(s) 'concurrent_data_pipeline' retrieved from /opt/airflow/dags/concurrent_dag.py
[2024-03-06T09:39:31.001+0000] {logging_mixin.py:188} INFO - [2024-03-06T09:39:31.001+0000] {dag.py:3047} INFO - Sync 1 DAGs
[2024-03-06T09:39:31.017+0000] {logging_mixin.py:188} INFO - [2024-03-06T09:39:31.016+0000] {dag.py:3834} INFO - Setting next_dagrun for concurrent_data_pipeline to None, run_after=None
[2024-03-06T09:39:31.114+0000] {processor.py:183} INFO - Processing /opt/airflow/dags/concurrent_dag.py took 0.287 seconds
[2024-03-06T09:40:09.906+0000] {processor.py:161} INFO - Started process (PID=273) to work on /opt/airflow/dags/concurrent_dag.py
[2024-03-06T09:40:09.908+0000] {processor.py:830} INFO - Processing file /opt/airflow/dags/concurrent_dag.py for tasks to queue
[2024-03-06T09:40:09.910+0000] {logging_mixin.py:188} INFO - [2024-03-06T09:40:09.910+0000] {dagbag.py:540} INFO - Filling up the DagBag from /opt/airflow/dags/concurrent_dag.py
[2024-03-06T09:40:10.101+0000] {processor.py:840} INFO - DAG(s) 'concurrent_data_pipeline' retrieved from /opt/airflow/dags/concurrent_dag.py
[2024-03-06T09:40:10.143+0000] {logging_mixin.py:188} INFO - [2024-03-06T09:40:10.142+0000] {dag.py:3047} INFO - Sync 1 DAGs
[2024-03-06T09:40:10.163+0000] {logging_mixin.py:188} INFO - [2024-03-06T09:40:10.163+0000] {dag.py:3834} INFO - Setting next_dagrun for concurrent_data_pipeline to None, run_after=None
[2024-03-06T09:40:10.339+0000] {processor.py:183} INFO - Processing /opt/airflow/dags/concurrent_dag.py took 0.437 seconds
[2024-03-06T09:40:41.139+0000] {processor.py:161} INFO - Started process (PID=292) to work on /opt/airflow/dags/concurrent_dag.py
[2024-03-06T09:40:41.140+0000] {processor.py:830} INFO - Processing file /opt/airflow/dags/concurrent_dag.py for tasks to queue
[2024-03-06T09:40:41.143+0000] {logging_mixin.py:188} INFO - [2024-03-06T09:40:41.142+0000] {dagbag.py:540} INFO - Filling up the DagBag from /opt/airflow/dags/concurrent_dag.py
[2024-03-06T09:40:41.274+0000] {processor.py:840} INFO - DAG(s) 'concurrent_data_pipeline' retrieved from /opt/airflow/dags/concurrent_dag.py
[2024-03-06T09:40:41.309+0000] {logging_mixin.py:188} INFO - [2024-03-06T09:40:41.309+0000] {dag.py:3047} INFO - Sync 1 DAGs
[2024-03-06T09:40:41.328+0000] {logging_mixin.py:188} INFO - [2024-03-06T09:40:41.327+0000] {dag.py:3834} INFO - Setting next_dagrun for concurrent_data_pipeline to None, run_after=None
[2024-03-06T09:40:41.403+0000] {processor.py:183} INFO - Processing /opt/airflow/dags/concurrent_dag.py took 0.268 seconds
[2024-03-06T09:41:12.490+0000] {processor.py:161} INFO - Started process (PID=295) to work on /opt/airflow/dags/concurrent_dag.py
[2024-03-06T09:41:12.491+0000] {processor.py:830} INFO - Processing file /opt/airflow/dags/concurrent_dag.py for tasks to queue
[2024-03-06T09:41:12.493+0000] {logging_mixin.py:188} INFO - [2024-03-06T09:41:12.492+0000] {dagbag.py:540} INFO - Filling up the DagBag from /opt/airflow/dags/concurrent_dag.py
[2024-03-06T09:41:12.620+0000] {processor.py:840} INFO - DAG(s) 'concurrent_data_pipeline' retrieved from /opt/airflow/dags/concurrent_dag.py
[2024-03-06T09:41:12.652+0000] {logging_mixin.py:188} INFO - [2024-03-06T09:41:12.652+0000] {dag.py:3047} INFO - Sync 1 DAGs
[2024-03-06T09:41:12.667+0000] {logging_mixin.py:188} INFO - [2024-03-06T09:41:12.667+0000] {dag.py:3834} INFO - Setting next_dagrun for concurrent_data_pipeline to None, run_after=None
[2024-03-06T09:41:12.738+0000] {processor.py:183} INFO - Processing /opt/airflow/dags/concurrent_dag.py took 0.251 seconds
[2024-03-06T09:41:42.829+0000] {processor.py:161} INFO - Started process (PID=298) to work on /opt/airflow/dags/concurrent_dag.py
[2024-03-06T09:41:42.830+0000] {processor.py:830} INFO - Processing file /opt/airflow/dags/concurrent_dag.py for tasks to queue
[2024-03-06T09:41:42.831+0000] {logging_mixin.py:188} INFO - [2024-03-06T09:41:42.831+0000] {dagbag.py:540} INFO - Filling up the DagBag from /opt/airflow/dags/concurrent_dag.py
[2024-03-06T09:41:42.952+0000] {processor.py:840} INFO - DAG(s) 'concurrent_data_pipeline' retrieved from /opt/airflow/dags/concurrent_dag.py
[2024-03-06T09:41:42.984+0000] {logging_mixin.py:188} INFO - [2024-03-06T09:41:42.984+0000] {dag.py:3047} INFO - Sync 1 DAGs
[2024-03-06T09:41:42.999+0000] {logging_mixin.py:188} INFO - [2024-03-06T09:41:42.999+0000] {dag.py:3834} INFO - Setting next_dagrun for concurrent_data_pipeline to None, run_after=None
[2024-03-06T09:41:43.088+0000] {processor.py:183} INFO - Processing /opt/airflow/dags/concurrent_dag.py took 0.262 seconds
[2024-03-06T09:42:14.246+0000] {processor.py:161} INFO - Started process (PID=301) to work on /opt/airflow/dags/concurrent_dag.py
[2024-03-06T09:42:14.247+0000] {processor.py:830} INFO - Processing file /opt/airflow/dags/concurrent_dag.py for tasks to queue
[2024-03-06T09:42:14.249+0000] {logging_mixin.py:188} INFO - [2024-03-06T09:42:14.248+0000] {dagbag.py:540} INFO - Filling up the DagBag from /opt/airflow/dags/concurrent_dag.py
[2024-03-06T09:42:14.372+0000] {processor.py:840} INFO - DAG(s) 'concurrent_data_pipeline' retrieved from /opt/airflow/dags/concurrent_dag.py
[2024-03-06T09:42:14.405+0000] {logging_mixin.py:188} INFO - [2024-03-06T09:42:14.405+0000] {dag.py:3047} INFO - Sync 1 DAGs
[2024-03-06T09:42:14.424+0000] {logging_mixin.py:188} INFO - [2024-03-06T09:42:14.424+0000] {dag.py:3834} INFO - Setting next_dagrun for concurrent_data_pipeline to None, run_after=None
[2024-03-06T09:42:14.518+0000] {processor.py:183} INFO - Processing /opt/airflow/dags/concurrent_dag.py took 0.275 seconds
[2024-03-06T09:42:44.730+0000] {processor.py:161} INFO - Started process (PID=304) to work on /opt/airflow/dags/concurrent_dag.py
[2024-03-06T09:42:44.731+0000] {processor.py:830} INFO - Processing file /opt/airflow/dags/concurrent_dag.py for tasks to queue
[2024-03-06T09:42:44.733+0000] {logging_mixin.py:188} INFO - [2024-03-06T09:42:44.732+0000] {dagbag.py:540} INFO - Filling up the DagBag from /opt/airflow/dags/concurrent_dag.py
[2024-03-06T09:42:44.859+0000] {processor.py:840} INFO - DAG(s) 'concurrent_data_pipeline' retrieved from /opt/airflow/dags/concurrent_dag.py
[2024-03-06T09:42:44.905+0000] {logging_mixin.py:188} INFO - [2024-03-06T09:42:44.905+0000] {dag.py:3047} INFO - Sync 1 DAGs
[2024-03-06T09:42:44.921+0000] {logging_mixin.py:188} INFO - [2024-03-06T09:42:44.921+0000] {dag.py:3834} INFO - Setting next_dagrun for concurrent_data_pipeline to None, run_after=None
[2024-03-06T09:42:44.993+0000] {processor.py:183} INFO - Processing /opt/airflow/dags/concurrent_dag.py took 0.265 seconds
[2024-03-06T09:43:15.243+0000] {processor.py:161} INFO - Started process (PID=307) to work on /opt/airflow/dags/concurrent_dag.py
[2024-03-06T09:43:15.248+0000] {processor.py:830} INFO - Processing file /opt/airflow/dags/concurrent_dag.py for tasks to queue
[2024-03-06T09:43:15.251+0000] {logging_mixin.py:188} INFO - [2024-03-06T09:43:15.249+0000] {dagbag.py:540} INFO - Filling up the DagBag from /opt/airflow/dags/concurrent_dag.py
[2024-03-06T09:43:15.436+0000] {processor.py:840} INFO - DAG(s) 'concurrent_data_pipeline' retrieved from /opt/airflow/dags/concurrent_dag.py
[2024-03-06T09:43:15.648+0000] {logging_mixin.py:188} INFO - [2024-03-06T09:43:15.648+0000] {dag.py:3047} INFO - Sync 1 DAGs
[2024-03-06T09:43:15.664+0000] {logging_mixin.py:188} INFO - [2024-03-06T09:43:15.663+0000] {dag.py:3834} INFO - Setting next_dagrun for concurrent_data_pipeline to None, run_after=None
[2024-03-06T09:43:15.743+0000] {processor.py:183} INFO - Processing /opt/airflow/dags/concurrent_dag.py took 0.503 seconds
[2024-03-06T09:43:46.116+0000] {processor.py:161} INFO - Started process (PID=310) to work on /opt/airflow/dags/concurrent_dag.py
[2024-03-06T09:43:46.117+0000] {processor.py:830} INFO - Processing file /opt/airflow/dags/concurrent_dag.py for tasks to queue
[2024-03-06T09:43:46.118+0000] {logging_mixin.py:188} INFO - [2024-03-06T09:43:46.117+0000] {dagbag.py:540} INFO - Filling up the DagBag from /opt/airflow/dags/concurrent_dag.py
[2024-03-06T09:43:46.240+0000] {processor.py:840} INFO - DAG(s) 'concurrent_data_pipeline' retrieved from /opt/airflow/dags/concurrent_dag.py
[2024-03-06T09:43:46.281+0000] {logging_mixin.py:188} INFO - [2024-03-06T09:43:46.281+0000] {dag.py:3047} INFO - Sync 1 DAGs
[2024-03-06T09:43:46.298+0000] {logging_mixin.py:188} INFO - [2024-03-06T09:43:46.297+0000] {dag.py:3834} INFO - Setting next_dagrun for concurrent_data_pipeline to None, run_after=None
[2024-03-06T09:43:46.379+0000] {processor.py:183} INFO - Processing /opt/airflow/dags/concurrent_dag.py took 0.267 seconds
[2024-03-06T09:44:17.560+0000] {processor.py:161} INFO - Started process (PID=313) to work on /opt/airflow/dags/concurrent_dag.py
[2024-03-06T09:44:17.563+0000] {processor.py:830} INFO - Processing file /opt/airflow/dags/concurrent_dag.py for tasks to queue
[2024-03-06T09:44:17.566+0000] {logging_mixin.py:188} INFO - [2024-03-06T09:44:17.565+0000] {dagbag.py:540} INFO - Filling up the DagBag from /opt/airflow/dags/concurrent_dag.py
[2024-03-06T09:44:17.803+0000] {processor.py:840} INFO - DAG(s) 'concurrent_data_pipeline' retrieved from /opt/airflow/dags/concurrent_dag.py
[2024-03-06T09:44:17.845+0000] {logging_mixin.py:188} INFO - [2024-03-06T09:44:17.845+0000] {dag.py:3047} INFO - Sync 1 DAGs
[2024-03-06T09:44:17.869+0000] {logging_mixin.py:188} INFO - [2024-03-06T09:44:17.869+0000] {dag.py:3834} INFO - Setting next_dagrun for concurrent_data_pipeline to None, run_after=None
[2024-03-06T09:44:17.972+0000] {processor.py:183} INFO - Processing /opt/airflow/dags/concurrent_dag.py took 0.423 seconds
[2024-03-06T09:44:48.541+0000] {processor.py:161} INFO - Started process (PID=316) to work on /opt/airflow/dags/concurrent_dag.py
[2024-03-06T09:44:48.543+0000] {processor.py:830} INFO - Processing file /opt/airflow/dags/concurrent_dag.py for tasks to queue
[2024-03-06T09:44:48.546+0000] {logging_mixin.py:188} INFO - [2024-03-06T09:44:48.545+0000] {dagbag.py:540} INFO - Filling up the DagBag from /opt/airflow/dags/concurrent_dag.py
[2024-03-06T09:44:48.782+0000] {processor.py:840} INFO - DAG(s) 'concurrent_data_pipeline' retrieved from /opt/airflow/dags/concurrent_dag.py
[2024-03-06T09:44:48.828+0000] {logging_mixin.py:188} INFO - [2024-03-06T09:44:48.827+0000] {dag.py:3047} INFO - Sync 1 DAGs
[2024-03-06T09:44:48.849+0000] {logging_mixin.py:188} INFO - [2024-03-06T09:44:48.849+0000] {dag.py:3834} INFO - Setting next_dagrun for concurrent_data_pipeline to None, run_after=None
[2024-03-06T09:44:48.956+0000] {processor.py:183} INFO - Processing /opt/airflow/dags/concurrent_dag.py took 0.420 seconds
[2024-03-06T09:45:20.037+0000] {processor.py:161} INFO - Started process (PID=321) to work on /opt/airflow/dags/concurrent_dag.py
[2024-03-06T09:45:20.047+0000] {processor.py:830} INFO - Processing file /opt/airflow/dags/concurrent_dag.py for tasks to queue
[2024-03-06T09:45:20.054+0000] {logging_mixin.py:188} INFO - [2024-03-06T09:45:20.050+0000] {dagbag.py:540} INFO - Filling up the DagBag from /opt/airflow/dags/concurrent_dag.py
[2024-03-06T09:45:20.309+0000] {processor.py:840} INFO - DAG(s) 'concurrent_data_pipeline' retrieved from /opt/airflow/dags/concurrent_dag.py
[2024-03-06T09:45:20.343+0000] {logging_mixin.py:188} INFO - [2024-03-06T09:45:20.343+0000] {dag.py:3047} INFO - Sync 1 DAGs
[2024-03-06T09:45:20.360+0000] {logging_mixin.py:188} INFO - [2024-03-06T09:45:20.360+0000] {dag.py:3834} INFO - Setting next_dagrun for concurrent_data_pipeline to None, run_after=None
[2024-03-06T09:45:20.431+0000] {processor.py:183} INFO - Processing /opt/airflow/dags/concurrent_dag.py took 0.419 seconds
[2024-03-06T09:45:49.137+0000] {processor.py:161} INFO - Started process (PID=326) to work on /opt/airflow/dags/concurrent_dag.py
[2024-03-06T09:45:49.139+0000] {processor.py:830} INFO - Processing file /opt/airflow/dags/concurrent_dag.py for tasks to queue
[2024-03-06T09:45:49.140+0000] {logging_mixin.py:188} INFO - [2024-03-06T09:45:49.139+0000] {dagbag.py:540} INFO - Filling up the DagBag from /opt/airflow/dags/concurrent_dag.py
[2024-03-06T09:45:49.437+0000] {processor.py:840} INFO - DAG(s) 'concurrent_tasks' retrieved from /opt/airflow/dags/concurrent_dag.py
[2024-03-06T09:45:49.934+0000] {logging_mixin.py:188} INFO - [2024-03-06T09:45:49.931+0000] {override.py:1769} INFO - Created Permission View: can read on DAG:concurrent_tasks
[2024-03-06T09:45:49.994+0000] {logging_mixin.py:188} INFO - [2024-03-06T09:45:49.993+0000] {override.py:1769} INFO - Created Permission View: can edit on DAG:concurrent_tasks
[2024-03-06T09:45:50.047+0000] {logging_mixin.py:188} INFO - [2024-03-06T09:45:50.046+0000] {override.py:1769} INFO - Created Permission View: can delete on DAG:concurrent_tasks
[2024-03-06T09:45:50.048+0000] {logging_mixin.py:188} INFO - [2024-03-06T09:45:50.048+0000] {dag.py:3047} INFO - Sync 1 DAGs
[2024-03-06T09:45:50.077+0000] {logging_mixin.py:188} INFO - [2024-03-06T09:45:50.076+0000] {dag.py:3069} INFO - Creating ORM DAG for concurrent_tasks
[2024-03-06T09:45:50.078+0000] {logging_mixin.py:188} INFO - [2024-03-06T09:45:50.078+0000] {dag.py:3834} INFO - Setting next_dagrun for concurrent_tasks to None, run_after=None
[2024-03-06T09:45:50.179+0000] {processor.py:183} INFO - Processing /opt/airflow/dags/concurrent_dag.py took 1.045 seconds
[2024-03-06T09:45:53.724+0000] {processor.py:161} INFO - Started process (PID=327) to work on /opt/airflow/dags/concurrent_dag.py
[2024-03-06T09:45:53.726+0000] {processor.py:830} INFO - Processing file /opt/airflow/dags/concurrent_dag.py for tasks to queue
[2024-03-06T09:45:53.727+0000] {logging_mixin.py:188} INFO - [2024-03-06T09:45:53.727+0000] {dagbag.py:540} INFO - Filling up the DagBag from /opt/airflow/dags/concurrent_dag.py
[2024-03-06T09:45:53.888+0000] {processor.py:840} INFO - DAG(s) 'Concurrent_tasks' retrieved from /opt/airflow/dags/concurrent_dag.py
[2024-03-06T09:45:54.136+0000] {logging_mixin.py:188} INFO - [2024-03-06T09:45:54.135+0000] {override.py:1769} INFO - Created Permission View: can read on DAG:Concurrent_tasks
[2024-03-06T09:45:54.192+0000] {logging_mixin.py:188} INFO - [2024-03-06T09:45:54.191+0000] {override.py:1769} INFO - Created Permission View: can edit on DAG:Concurrent_tasks
[2024-03-06T09:45:54.245+0000] {logging_mixin.py:188} INFO - [2024-03-06T09:45:54.244+0000] {override.py:1769} INFO - Created Permission View: can delete on DAG:Concurrent_tasks
[2024-03-06T09:45:54.247+0000] {logging_mixin.py:188} INFO - [2024-03-06T09:45:54.246+0000] {dag.py:3047} INFO - Sync 1 DAGs
[2024-03-06T09:45:54.267+0000] {logging_mixin.py:188} INFO - [2024-03-06T09:45:54.266+0000] {dag.py:3069} INFO - Creating ORM DAG for Concurrent_tasks
[2024-03-06T09:45:54.267+0000] {logging_mixin.py:188} INFO - [2024-03-06T09:45:54.267+0000] {dag.py:3834} INFO - Setting next_dagrun for Concurrent_tasks to None, run_after=None
[2024-03-06T09:45:54.346+0000] {processor.py:183} INFO - Processing /opt/airflow/dags/concurrent_dag.py took 0.625 seconds
[2024-03-06T09:45:59.925+0000] {processor.py:161} INFO - Started process (PID=329) to work on /opt/airflow/dags/concurrent_dag.py
[2024-03-06T09:45:59.926+0000] {processor.py:830} INFO - Processing file /opt/airflow/dags/concurrent_dag.py for tasks to queue
[2024-03-06T09:45:59.927+0000] {logging_mixin.py:188} INFO - [2024-03-06T09:45:59.927+0000] {dagbag.py:540} INFO - Filling up the DagBag from /opt/airflow/dags/concurrent_dag.py
[2024-03-06T09:46:00.135+0000] {processor.py:840} INFO - DAG(s) 'Concurrent_Tasks' retrieved from /opt/airflow/dags/concurrent_dag.py
[2024-03-06T09:46:00.356+0000] {logging_mixin.py:188} INFO - [2024-03-06T09:46:00.355+0000] {override.py:1769} INFO - Created Permission View: can read on DAG:Concurrent_Tasks
[2024-03-06T09:46:00.409+0000] {logging_mixin.py:188} INFO - [2024-03-06T09:46:00.408+0000] {override.py:1769} INFO - Created Permission View: can edit on DAG:Concurrent_Tasks
[2024-03-06T09:46:00.466+0000] {logging_mixin.py:188} INFO - [2024-03-06T09:46:00.466+0000] {override.py:1769} INFO - Created Permission View: can delete on DAG:Concurrent_Tasks
[2024-03-06T09:46:00.468+0000] {logging_mixin.py:188} INFO - [2024-03-06T09:46:00.467+0000] {dag.py:3047} INFO - Sync 1 DAGs
[2024-03-06T09:46:00.500+0000] {logging_mixin.py:188} INFO - [2024-03-06T09:46:00.500+0000] {dag.py:3069} INFO - Creating ORM DAG for Concurrent_Tasks
[2024-03-06T09:46:00.502+0000] {logging_mixin.py:188} INFO - [2024-03-06T09:46:00.502+0000] {dag.py:3834} INFO - Setting next_dagrun for Concurrent_Tasks to None, run_after=None
[2024-03-06T09:46:00.628+0000] {processor.py:183} INFO - Processing /opt/airflow/dags/concurrent_dag.py took 0.706 seconds
[2024-03-06T09:46:20.997+0000] {processor.py:161} INFO - Started process (PID=331) to work on /opt/airflow/dags/concurrent_dag.py
[2024-03-06T09:46:20.998+0000] {processor.py:830} INFO - Processing file /opt/airflow/dags/concurrent_dag.py for tasks to queue
[2024-03-06T09:46:21.000+0000] {logging_mixin.py:188} INFO - [2024-03-06T09:46:20.999+0000] {dagbag.py:540} INFO - Filling up the DagBag from /opt/airflow/dags/concurrent_dag.py
[2024-03-06T09:46:21.235+0000] {processor.py:840} INFO - DAG(s) 'Concurrent_Tasks' retrieved from /opt/airflow/dags/concurrent_dag.py
[2024-03-06T09:46:21.260+0000] {logging_mixin.py:188} INFO - [2024-03-06T09:46:21.260+0000] {dag.py:3047} INFO - Sync 1 DAGs
[2024-03-06T09:46:21.282+0000] {logging_mixin.py:188} INFO - [2024-03-06T09:46:21.282+0000] {dag.py:3834} INFO - Setting next_dagrun for Concurrent_Tasks to None, run_after=None
[2024-03-06T09:46:21.407+0000] {processor.py:183} INFO - Processing /opt/airflow/dags/concurrent_dag.py took 0.413 seconds
[2024-03-06T09:46:52.021+0000] {processor.py:161} INFO - Started process (PID=336) to work on /opt/airflow/dags/concurrent_dag.py
[2024-03-06T09:46:52.023+0000] {processor.py:830} INFO - Processing file /opt/airflow/dags/concurrent_dag.py for tasks to queue
[2024-03-06T09:46:52.024+0000] {logging_mixin.py:188} INFO - [2024-03-06T09:46:52.024+0000] {dagbag.py:540} INFO - Filling up the DagBag from /opt/airflow/dags/concurrent_dag.py
[2024-03-06T09:46:52.156+0000] {processor.py:840} INFO - DAG(s) 'Concurrent_Tasks' retrieved from /opt/airflow/dags/concurrent_dag.py
[2024-03-06T09:46:52.187+0000] {logging_mixin.py:188} INFO - [2024-03-06T09:46:52.186+0000] {dag.py:3047} INFO - Sync 1 DAGs
[2024-03-06T09:46:52.205+0000] {logging_mixin.py:188} INFO - [2024-03-06T09:46:52.205+0000] {dag.py:3834} INFO - Setting next_dagrun for Concurrent_Tasks to None, run_after=None
[2024-03-06T09:46:52.283+0000] {processor.py:183} INFO - Processing /opt/airflow/dags/concurrent_dag.py took 0.266 seconds
[2024-03-06T09:46:57.105+0000] {processor.py:161} INFO - Started process (PID=337) to work on /opt/airflow/dags/concurrent_dag.py
[2024-03-06T09:46:57.106+0000] {processor.py:830} INFO - Processing file /opt/airflow/dags/concurrent_dag.py for tasks to queue
[2024-03-06T09:46:57.108+0000] {logging_mixin.py:188} INFO - [2024-03-06T09:46:57.107+0000] {dagbag.py:540} INFO - Filling up the DagBag from /opt/airflow/dags/concurrent_dag.py
[2024-03-06T09:46:57.276+0000] {processor.py:840} INFO - DAG(s) 'Concurrent_Tasks' retrieved from /opt/airflow/dags/concurrent_dag.py
[2024-03-06T09:46:57.546+0000] {logging_mixin.py:188} INFO - [2024-03-06T09:46:57.546+0000] {dag.py:3047} INFO - Sync 1 DAGs
[2024-03-06T09:46:57.610+0000] {logging_mixin.py:188} INFO - [2024-03-06T09:46:57.610+0000] {dag.py:3834} INFO - Setting next_dagrun for Concurrent_Tasks to None, run_after=None
[2024-03-06T09:46:57.765+0000] {processor.py:183} INFO - Processing /opt/airflow/dags/concurrent_dag.py took 0.664 seconds
[2024-03-06T09:46:59.898+0000] {processor.py:161} INFO - Started process (PID=339) to work on /opt/airflow/dags/concurrent_dag.py
[2024-03-06T09:46:59.900+0000] {processor.py:830} INFO - Processing file /opt/airflow/dags/concurrent_dag.py for tasks to queue
[2024-03-06T09:46:59.901+0000] {logging_mixin.py:188} INFO - [2024-03-06T09:46:59.900+0000] {dagbag.py:540} INFO - Filling up the DagBag from /opt/airflow/dags/concurrent_dag.py
[2024-03-06T09:47:00.102+0000] {processor.py:840} INFO - DAG(s) 'Concurrent_Tasks' retrieved from /opt/airflow/dags/concurrent_dag.py
[2024-03-06T09:47:00.119+0000] {logging_mixin.py:188} INFO - [2024-03-06T09:47:00.118+0000] {dag.py:3047} INFO - Sync 1 DAGs
[2024-03-06T09:47:00.135+0000] {logging_mixin.py:188} INFO - [2024-03-06T09:47:00.135+0000] {dag.py:3834} INFO - Setting next_dagrun for Concurrent_Tasks to None, run_after=None
[2024-03-06T09:47:00.246+0000] {processor.py:183} INFO - Processing /opt/airflow/dags/concurrent_dag.py took 0.350 seconds
[2024-03-06T09:47:30.431+0000] {processor.py:161} INFO - Started process (PID=342) to work on /opt/airflow/dags/concurrent_dag.py
[2024-03-06T09:47:30.432+0000] {processor.py:830} INFO - Processing file /opt/airflow/dags/concurrent_dag.py for tasks to queue
[2024-03-06T09:47:30.433+0000] {logging_mixin.py:188} INFO - [2024-03-06T09:47:30.433+0000] {dagbag.py:540} INFO - Filling up the DagBag from /opt/airflow/dags/concurrent_dag.py
[2024-03-06T09:47:30.585+0000] {processor.py:840} INFO - DAG(s) 'Concurrent_Tasks' retrieved from /opt/airflow/dags/concurrent_dag.py
[2024-03-06T09:47:30.721+0000] {logging_mixin.py:188} INFO - [2024-03-06T09:47:30.720+0000] {dag.py:3047} INFO - Sync 1 DAGs
[2024-03-06T09:47:30.734+0000] {logging_mixin.py:188} INFO - [2024-03-06T09:47:30.734+0000] {dag.py:3834} INFO - Setting next_dagrun for Concurrent_Tasks to None, run_after=None
[2024-03-06T09:47:30.826+0000] {processor.py:183} INFO - Processing /opt/airflow/dags/concurrent_dag.py took 0.398 seconds
[2024-03-06T09:47:48.583+0000] {processor.py:161} INFO - Started process (PID=345) to work on /opt/airflow/dags/concurrent_dag.py
[2024-03-06T09:47:48.588+0000] {processor.py:830} INFO - Processing file /opt/airflow/dags/concurrent_dag.py for tasks to queue
[2024-03-06T09:47:48.589+0000] {logging_mixin.py:188} INFO - [2024-03-06T09:47:48.589+0000] {dagbag.py:540} INFO - Filling up the DagBag from /opt/airflow/dags/concurrent_dag.py
[2024-03-06T09:47:48.738+0000] {processor.py:840} INFO - DAG(s) 'Concurrent_Tasks' retrieved from /opt/airflow/dags/concurrent_dag.py
[2024-03-06T09:47:48.758+0000] {logging_mixin.py:188} INFO - [2024-03-06T09:47:48.758+0000] {dag.py:3047} INFO - Sync 1 DAGs
[2024-03-06T09:47:48.776+0000] {logging_mixin.py:188} INFO - [2024-03-06T09:47:48.776+0000] {dag.py:3834} INFO - Setting next_dagrun for Concurrent_Tasks to None, run_after=None
[2024-03-06T09:47:48.850+0000] {processor.py:183} INFO - Processing /opt/airflow/dags/concurrent_dag.py took 0.271 seconds
[2024-03-06T09:48:19.258+0000] {processor.py:161} INFO - Started process (PID=350) to work on /opt/airflow/dags/concurrent_dag.py
[2024-03-06T09:48:19.259+0000] {processor.py:830} INFO - Processing file /opt/airflow/dags/concurrent_dag.py for tasks to queue
[2024-03-06T09:48:19.260+0000] {logging_mixin.py:188} INFO - [2024-03-06T09:48:19.260+0000] {dagbag.py:540} INFO - Filling up the DagBag from /opt/airflow/dags/concurrent_dag.py
[2024-03-06T09:48:19.411+0000] {processor.py:840} INFO - DAG(s) 'Concurrent_Tasks' retrieved from /opt/airflow/dags/concurrent_dag.py
[2024-03-06T09:48:19.448+0000] {logging_mixin.py:188} INFO - [2024-03-06T09:48:19.448+0000] {dag.py:3047} INFO - Sync 1 DAGs
[2024-03-06T09:48:19.463+0000] {logging_mixin.py:188} INFO - [2024-03-06T09:48:19.462+0000] {dag.py:3834} INFO - Setting next_dagrun for Concurrent_Tasks to None, run_after=None
[2024-03-06T09:48:19.544+0000] {processor.py:183} INFO - Processing /opt/airflow/dags/concurrent_dag.py took 0.289 seconds
[2024-03-06T09:48:50.044+0000] {processor.py:161} INFO - Started process (PID=356) to work on /opt/airflow/dags/concurrent_dag.py
[2024-03-06T09:48:50.045+0000] {processor.py:830} INFO - Processing file /opt/airflow/dags/concurrent_dag.py for tasks to queue
[2024-03-06T09:48:50.046+0000] {logging_mixin.py:188} INFO - [2024-03-06T09:48:50.046+0000] {dagbag.py:540} INFO - Filling up the DagBag from /opt/airflow/dags/concurrent_dag.py
[2024-03-06T09:48:50.183+0000] {processor.py:840} INFO - DAG(s) 'Concurrent_Tasks' retrieved from /opt/airflow/dags/concurrent_dag.py
[2024-03-06T09:48:50.216+0000] {logging_mixin.py:188} INFO - [2024-03-06T09:48:50.216+0000] {dag.py:3047} INFO - Sync 1 DAGs
[2024-03-06T09:48:50.233+0000] {logging_mixin.py:188} INFO - [2024-03-06T09:48:50.232+0000] {dag.py:3834} INFO - Setting next_dagrun for Concurrent_Tasks to None, run_after=None
[2024-03-06T09:48:50.312+0000] {processor.py:183} INFO - Processing /opt/airflow/dags/concurrent_dag.py took 0.272 seconds
[2024-03-06T09:49:20.760+0000] {processor.py:161} INFO - Started process (PID=359) to work on /opt/airflow/dags/concurrent_dag.py
[2024-03-06T09:49:20.761+0000] {processor.py:830} INFO - Processing file /opt/airflow/dags/concurrent_dag.py for tasks to queue
[2024-03-06T09:49:20.762+0000] {logging_mixin.py:188} INFO - [2024-03-06T09:49:20.762+0000] {dagbag.py:540} INFO - Filling up the DagBag from /opt/airflow/dags/concurrent_dag.py
[2024-03-06T09:49:20.947+0000] {processor.py:840} INFO - DAG(s) 'Concurrent_Tasks' retrieved from /opt/airflow/dags/concurrent_dag.py
[2024-03-06T09:49:20.976+0000] {logging_mixin.py:188} INFO - [2024-03-06T09:49:20.976+0000] {dag.py:3047} INFO - Sync 1 DAGs
[2024-03-06T09:49:20.989+0000] {logging_mixin.py:188} INFO - [2024-03-06T09:49:20.989+0000] {dag.py:3834} INFO - Setting next_dagrun for Concurrent_Tasks to None, run_after=None
[2024-03-06T09:49:21.096+0000] {processor.py:183} INFO - Processing /opt/airflow/dags/concurrent_dag.py took 0.340 seconds
[2024-03-06T09:49:51.517+0000] {processor.py:161} INFO - Started process (PID=362) to work on /opt/airflow/dags/concurrent_dag.py
[2024-03-06T09:49:51.518+0000] {processor.py:830} INFO - Processing file /opt/airflow/dags/concurrent_dag.py for tasks to queue
[2024-03-06T09:49:51.519+0000] {logging_mixin.py:188} INFO - [2024-03-06T09:49:51.519+0000] {dagbag.py:540} INFO - Filling up the DagBag from /opt/airflow/dags/concurrent_dag.py
[2024-03-06T09:49:51.670+0000] {processor.py:840} INFO - DAG(s) 'Concurrent_Tasks' retrieved from /opt/airflow/dags/concurrent_dag.py
[2024-03-06T09:49:51.709+0000] {logging_mixin.py:188} INFO - [2024-03-06T09:49:51.709+0000] {dag.py:3047} INFO - Sync 1 DAGs
[2024-03-06T09:49:51.727+0000] {logging_mixin.py:188} INFO - [2024-03-06T09:49:51.726+0000] {dag.py:3834} INFO - Setting next_dagrun for Concurrent_Tasks to None, run_after=None
[2024-03-06T09:49:51.806+0000] {processor.py:183} INFO - Processing /opt/airflow/dags/concurrent_dag.py took 0.293 seconds
[2024-03-06T09:50:22.542+0000] {processor.py:161} INFO - Started process (PID=365) to work on /opt/airflow/dags/concurrent_dag.py
[2024-03-06T09:50:22.543+0000] {processor.py:830} INFO - Processing file /opt/airflow/dags/concurrent_dag.py for tasks to queue
[2024-03-06T09:50:22.545+0000] {logging_mixin.py:188} INFO - [2024-03-06T09:50:22.544+0000] {dagbag.py:540} INFO - Filling up the DagBag from /opt/airflow/dags/concurrent_dag.py
[2024-03-06T09:50:22.675+0000] {processor.py:840} INFO - DAG(s) 'Concurrent_Tasks' retrieved from /opt/airflow/dags/concurrent_dag.py
[2024-03-06T09:50:22.710+0000] {logging_mixin.py:188} INFO - [2024-03-06T09:50:22.710+0000] {dag.py:3047} INFO - Sync 1 DAGs
[2024-03-06T09:50:22.724+0000] {logging_mixin.py:188} INFO - [2024-03-06T09:50:22.724+0000] {dag.py:3834} INFO - Setting next_dagrun for Concurrent_Tasks to None, run_after=None
[2024-03-06T09:50:22.808+0000] {processor.py:183} INFO - Processing /opt/airflow/dags/concurrent_dag.py took 0.270 seconds
[2024-03-06T09:50:53.549+0000] {processor.py:161} INFO - Started process (PID=368) to work on /opt/airflow/dags/concurrent_dag.py
[2024-03-06T09:50:53.550+0000] {processor.py:830} INFO - Processing file /opt/airflow/dags/concurrent_dag.py for tasks to queue
[2024-03-06T09:50:53.552+0000] {logging_mixin.py:188} INFO - [2024-03-06T09:50:53.551+0000] {dagbag.py:540} INFO - Filling up the DagBag from /opt/airflow/dags/concurrent_dag.py
[2024-03-06T09:50:53.722+0000] {processor.py:840} INFO - DAG(s) 'Concurrent_Tasks' retrieved from /opt/airflow/dags/concurrent_dag.py
[2024-03-06T09:50:53.766+0000] {logging_mixin.py:188} INFO - [2024-03-06T09:50:53.766+0000] {dag.py:3047} INFO - Sync 1 DAGs
[2024-03-06T09:50:53.790+0000] {logging_mixin.py:188} INFO - [2024-03-06T09:50:53.790+0000] {dag.py:3834} INFO - Setting next_dagrun for Concurrent_Tasks to None, run_after=None
[2024-03-06T09:50:53.889+0000] {processor.py:183} INFO - Processing /opt/airflow/dags/concurrent_dag.py took 0.344 seconds
[2024-03-06T09:51:29.820+0000] {processor.py:161} INFO - Started process (PID=419) to work on /opt/airflow/dags/concurrent_dag.py
[2024-03-06T09:51:29.826+0000] {processor.py:830} INFO - Processing file /opt/airflow/dags/concurrent_dag.py for tasks to queue
[2024-03-06T09:51:29.829+0000] {logging_mixin.py:188} INFO - [2024-03-06T09:51:29.828+0000] {dagbag.py:540} INFO - Filling up the DagBag from /opt/airflow/dags/concurrent_dag.py
[2024-03-06T09:51:30.096+0000] {processor.py:840} INFO - DAG(s) 'Concurrent_Tasks' retrieved from /opt/airflow/dags/concurrent_dag.py
[2024-03-06T09:51:30.143+0000] {logging_mixin.py:188} INFO - [2024-03-06T09:51:30.143+0000] {dag.py:3047} INFO - Sync 1 DAGs
[2024-03-06T09:51:30.171+0000] {logging_mixin.py:188} INFO - [2024-03-06T09:51:30.171+0000] {dag.py:3834} INFO - Setting next_dagrun for Concurrent_Tasks to None, run_after=None
[2024-03-06T09:51:30.295+0000] {processor.py:183} INFO - Processing /opt/airflow/dags/concurrent_dag.py took 0.482 seconds
[2024-03-06T09:52:00.701+0000] {processor.py:161} INFO - Started process (PID=422) to work on /opt/airflow/dags/concurrent_dag.py
[2024-03-06T09:52:00.706+0000] {processor.py:830} INFO - Processing file /opt/airflow/dags/concurrent_dag.py for tasks to queue
[2024-03-06T09:52:00.708+0000] {logging_mixin.py:188} INFO - [2024-03-06T09:52:00.708+0000] {dagbag.py:540} INFO - Filling up the DagBag from /opt/airflow/dags/concurrent_dag.py
[2024-03-06T09:52:00.938+0000] {processor.py:840} INFO - DAG(s) 'Concurrent_Tasks' retrieved from /opt/airflow/dags/concurrent_dag.py
[2024-03-06T09:52:01.001+0000] {logging_mixin.py:188} INFO - [2024-03-06T09:52:01.000+0000] {dag.py:3047} INFO - Sync 1 DAGs
[2024-03-06T09:52:01.043+0000] {logging_mixin.py:188} INFO - [2024-03-06T09:52:01.042+0000] {dag.py:3834} INFO - Setting next_dagrun for Concurrent_Tasks to None, run_after=None
[2024-03-06T09:52:01.181+0000] {processor.py:183} INFO - Processing /opt/airflow/dags/concurrent_dag.py took 0.486 seconds
[2024-03-06T09:52:31.482+0000] {processor.py:161} INFO - Started process (PID=425) to work on /opt/airflow/dags/concurrent_dag.py
[2024-03-06T09:52:31.506+0000] {processor.py:830} INFO - Processing file /opt/airflow/dags/concurrent_dag.py for tasks to queue
[2024-03-06T09:52:31.508+0000] {logging_mixin.py:188} INFO - [2024-03-06T09:52:31.508+0000] {dagbag.py:540} INFO - Filling up the DagBag from /opt/airflow/dags/concurrent_dag.py
[2024-03-06T09:52:31.975+0000] {processor.py:840} INFO - DAG(s) 'Concurrent_Tasks' retrieved from /opt/airflow/dags/concurrent_dag.py
[2024-03-06T09:52:32.022+0000] {logging_mixin.py:188} INFO - [2024-03-06T09:52:32.021+0000] {dag.py:3047} INFO - Sync 1 DAGs
[2024-03-06T09:52:32.051+0000] {logging_mixin.py:188} INFO - [2024-03-06T09:52:32.050+0000] {dag.py:3834} INFO - Setting next_dagrun for Concurrent_Tasks to None, run_after=None
[2024-03-06T09:52:32.156+0000] {processor.py:183} INFO - Processing /opt/airflow/dags/concurrent_dag.py took 0.679 seconds
[2024-03-06T09:53:10.565+0000] {processor.py:161} INFO - Started process (PID=443) to work on /opt/airflow/dags/concurrent_dag.py
[2024-03-06T09:53:10.567+0000] {processor.py:830} INFO - Processing file /opt/airflow/dags/concurrent_dag.py for tasks to queue
[2024-03-06T09:53:10.573+0000] {logging_mixin.py:188} INFO - [2024-03-06T09:53:10.571+0000] {dagbag.py:540} INFO - Filling up the DagBag from /opt/airflow/dags/concurrent_dag.py
[2024-03-06T09:53:11.157+0000] {processor.py:840} INFO - DAG(s) 'Concurrent_Tasks' retrieved from /opt/airflow/dags/concurrent_dag.py
[2024-03-06T09:53:11.261+0000] {logging_mixin.py:188} INFO - [2024-03-06T09:53:11.260+0000] {dag.py:3047} INFO - Sync 1 DAGs
[2024-03-06T09:53:11.313+0000] {logging_mixin.py:188} INFO - [2024-03-06T09:53:11.313+0000] {dag.py:3834} INFO - Setting next_dagrun for Concurrent_Tasks to None, run_after=None
[2024-03-06T09:53:11.658+0000] {processor.py:183} INFO - Processing /opt/airflow/dags/concurrent_dag.py took 1.098 seconds
[2024-03-06T09:53:42.149+0000] {processor.py:161} INFO - Started process (PID=478) to work on /opt/airflow/dags/concurrent_dag.py
[2024-03-06T09:53:42.151+0000] {processor.py:830} INFO - Processing file /opt/airflow/dags/concurrent_dag.py for tasks to queue
[2024-03-06T09:53:42.154+0000] {logging_mixin.py:188} INFO - [2024-03-06T09:53:42.153+0000] {dagbag.py:540} INFO - Filling up the DagBag from /opt/airflow/dags/concurrent_dag.py
[2024-03-06T09:53:42.441+0000] {processor.py:840} INFO - DAG(s) 'Concurrent_Tasks' retrieved from /opt/airflow/dags/concurrent_dag.py
[2024-03-06T09:53:42.536+0000] {logging_mixin.py:188} INFO - [2024-03-06T09:53:42.535+0000] {dag.py:3047} INFO - Sync 1 DAGs
[2024-03-06T09:53:42.583+0000] {logging_mixin.py:188} INFO - [2024-03-06T09:53:42.583+0000] {dag.py:3834} INFO - Setting next_dagrun for Concurrent_Tasks to None, run_after=None
[2024-03-06T09:53:42.938+0000] {processor.py:183} INFO - Processing /opt/airflow/dags/concurrent_dag.py took 0.794 seconds
[2024-03-06T09:54:13.782+0000] {processor.py:161} INFO - Started process (PID=481) to work on /opt/airflow/dags/concurrent_dag.py
[2024-03-06T09:54:13.785+0000] {processor.py:830} INFO - Processing file /opt/airflow/dags/concurrent_dag.py for tasks to queue
[2024-03-06T09:54:13.788+0000] {logging_mixin.py:188} INFO - [2024-03-06T09:54:13.787+0000] {dagbag.py:540} INFO - Filling up the DagBag from /opt/airflow/dags/concurrent_dag.py
[2024-03-06T09:54:14.052+0000] {processor.py:840} INFO - DAG(s) 'Concurrent_Tasks' retrieved from /opt/airflow/dags/concurrent_dag.py
[2024-03-06T09:54:14.213+0000] {logging_mixin.py:188} INFO - [2024-03-06T09:54:14.213+0000] {dag.py:3047} INFO - Sync 1 DAGs
[2024-03-06T09:54:14.265+0000] {logging_mixin.py:188} INFO - [2024-03-06T09:54:14.264+0000] {dag.py:3834} INFO - Setting next_dagrun for Concurrent_Tasks to None, run_after=None
[2024-03-06T09:54:14.554+0000] {processor.py:183} INFO - Processing /opt/airflow/dags/concurrent_dag.py took 0.789 seconds
[2024-03-06T09:54:45.241+0000] {processor.py:161} INFO - Started process (PID=484) to work on /opt/airflow/dags/concurrent_dag.py
[2024-03-06T09:54:45.243+0000] {processor.py:830} INFO - Processing file /opt/airflow/dags/concurrent_dag.py for tasks to queue
[2024-03-06T09:54:45.246+0000] {logging_mixin.py:188} INFO - [2024-03-06T09:54:45.245+0000] {dagbag.py:540} INFO - Filling up the DagBag from /opt/airflow/dags/concurrent_dag.py
[2024-03-06T09:54:45.451+0000] {processor.py:840} INFO - DAG(s) 'Concurrent_Tasks' retrieved from /opt/airflow/dags/concurrent_dag.py
[2024-03-06T09:54:45.501+0000] {logging_mixin.py:188} INFO - [2024-03-06T09:54:45.500+0000] {dag.py:3047} INFO - Sync 1 DAGs
[2024-03-06T09:54:45.523+0000] {logging_mixin.py:188} INFO - [2024-03-06T09:54:45.523+0000] {dag.py:3834} INFO - Setting next_dagrun for Concurrent_Tasks to None, run_after=None
[2024-03-06T09:54:45.618+0000] {processor.py:183} INFO - Processing /opt/airflow/dags/concurrent_dag.py took 0.384 seconds
[2024-03-06T09:55:15.888+0000] {processor.py:161} INFO - Started process (PID=487) to work on /opt/airflow/dags/concurrent_dag.py
[2024-03-06T09:55:15.890+0000] {processor.py:830} INFO - Processing file /opt/airflow/dags/concurrent_dag.py for tasks to queue
[2024-03-06T09:55:15.891+0000] {logging_mixin.py:188} INFO - [2024-03-06T09:55:15.891+0000] {dagbag.py:540} INFO - Filling up the DagBag from /opt/airflow/dags/concurrent_dag.py
[2024-03-06T09:55:16.059+0000] {processor.py:840} INFO - DAG(s) 'Concurrent_Tasks' retrieved from /opt/airflow/dags/concurrent_dag.py
[2024-03-06T09:55:16.137+0000] {logging_mixin.py:188} INFO - [2024-03-06T09:55:16.137+0000] {dag.py:3047} INFO - Sync 1 DAGs
[2024-03-06T09:55:16.161+0000] {logging_mixin.py:188} INFO - [2024-03-06T09:55:16.161+0000] {dag.py:3834} INFO - Setting next_dagrun for Concurrent_Tasks to None, run_after=None
[2024-03-06T09:55:16.276+0000] {processor.py:183} INFO - Processing /opt/airflow/dags/concurrent_dag.py took 0.390 seconds
[2024-03-06T09:55:47.794+0000] {processor.py:161} INFO - Started process (PID=490) to work on /opt/airflow/dags/concurrent_dag.py
[2024-03-06T09:55:47.801+0000] {processor.py:830} INFO - Processing file /opt/airflow/dags/concurrent_dag.py for tasks to queue
[2024-03-06T09:55:47.805+0000] {logging_mixin.py:188} INFO - [2024-03-06T09:55:47.804+0000] {dagbag.py:540} INFO - Filling up the DagBag from /opt/airflow/dags/concurrent_dag.py
[2024-03-06T09:55:48.306+0000] {processor.py:840} INFO - DAG(s) 'Concurrent_Tasks' retrieved from /opt/airflow/dags/concurrent_dag.py
[2024-03-06T09:55:48.481+0000] {logging_mixin.py:188} INFO - [2024-03-06T09:55:48.480+0000] {dag.py:3047} INFO - Sync 1 DAGs
[2024-03-06T09:55:48.521+0000] {logging_mixin.py:188} INFO - [2024-03-06T09:55:48.520+0000] {dag.py:3834} INFO - Setting next_dagrun for Concurrent_Tasks to None, run_after=None
[2024-03-06T09:55:48.786+0000] {processor.py:183} INFO - Processing /opt/airflow/dags/concurrent_dag.py took 0.999 seconds
[2024-03-06T09:56:19.066+0000] {processor.py:161} INFO - Started process (PID=493) to work on /opt/airflow/dags/concurrent_dag.py
[2024-03-06T09:56:19.069+0000] {processor.py:830} INFO - Processing file /opt/airflow/dags/concurrent_dag.py for tasks to queue
[2024-03-06T09:56:19.071+0000] {logging_mixin.py:188} INFO - [2024-03-06T09:56:19.070+0000] {dagbag.py:540} INFO - Filling up the DagBag from /opt/airflow/dags/concurrent_dag.py
[2024-03-06T09:56:19.220+0000] {processor.py:840} INFO - DAG(s) 'Concurrent_Tasks' retrieved from /opt/airflow/dags/concurrent_dag.py
[2024-03-06T09:56:19.254+0000] {logging_mixin.py:188} INFO - [2024-03-06T09:56:19.254+0000] {dag.py:3047} INFO - Sync 1 DAGs
[2024-03-06T09:56:19.270+0000] {logging_mixin.py:188} INFO - [2024-03-06T09:56:19.270+0000] {dag.py:3834} INFO - Setting next_dagrun for Concurrent_Tasks to None, run_after=None
[2024-03-06T09:56:19.356+0000] {processor.py:183} INFO - Processing /opt/airflow/dags/concurrent_dag.py took 0.301 seconds
[2024-03-06T09:56:49.890+0000] {processor.py:161} INFO - Started process (PID=496) to work on /opt/airflow/dags/concurrent_dag.py
[2024-03-06T09:56:49.892+0000] {processor.py:830} INFO - Processing file /opt/airflow/dags/concurrent_dag.py for tasks to queue
[2024-03-06T09:56:49.894+0000] {logging_mixin.py:188} INFO - [2024-03-06T09:56:49.893+0000] {dagbag.py:540} INFO - Filling up the DagBag from /opt/airflow/dags/concurrent_dag.py
[2024-03-06T09:56:50.040+0000] {processor.py:840} INFO - DAG(s) 'Concurrent_Tasks' retrieved from /opt/airflow/dags/concurrent_dag.py
[2024-03-06T09:56:50.072+0000] {logging_mixin.py:188} INFO - [2024-03-06T09:56:50.072+0000] {dag.py:3047} INFO - Sync 1 DAGs
[2024-03-06T09:56:50.089+0000] {logging_mixin.py:188} INFO - [2024-03-06T09:56:50.088+0000] {dag.py:3834} INFO - Setting next_dagrun for Concurrent_Tasks to None, run_after=None
[2024-03-06T09:56:50.190+0000] {processor.py:183} INFO - Processing /opt/airflow/dags/concurrent_dag.py took 0.302 seconds
[2024-03-06T09:57:20.628+0000] {processor.py:161} INFO - Started process (PID=499) to work on /opt/airflow/dags/concurrent_dag.py
[2024-03-06T09:57:20.629+0000] {processor.py:830} INFO - Processing file /opt/airflow/dags/concurrent_dag.py for tasks to queue
[2024-03-06T09:57:20.630+0000] {logging_mixin.py:188} INFO - [2024-03-06T09:57:20.630+0000] {dagbag.py:540} INFO - Filling up the DagBag from /opt/airflow/dags/concurrent_dag.py
[2024-03-06T09:57:20.760+0000] {processor.py:840} INFO - DAG(s) 'Concurrent_Tasks' retrieved from /opt/airflow/dags/concurrent_dag.py
[2024-03-06T09:57:20.794+0000] {logging_mixin.py:188} INFO - [2024-03-06T09:57:20.794+0000] {dag.py:3047} INFO - Sync 1 DAGs
[2024-03-06T09:57:20.872+0000] {logging_mixin.py:188} INFO - [2024-03-06T09:57:20.872+0000] {dag.py:3834} INFO - Setting next_dagrun for Concurrent_Tasks to None, run_after=None
[2024-03-06T09:57:20.981+0000] {processor.py:183} INFO - Processing /opt/airflow/dags/concurrent_dag.py took 0.356 seconds
[2024-03-06T09:57:51.368+0000] {processor.py:161} INFO - Started process (PID=502) to work on /opt/airflow/dags/concurrent_dag.py
[2024-03-06T09:57:51.369+0000] {processor.py:830} INFO - Processing file /opt/airflow/dags/concurrent_dag.py for tasks to queue
[2024-03-06T09:57:51.370+0000] {logging_mixin.py:188} INFO - [2024-03-06T09:57:51.370+0000] {dagbag.py:540} INFO - Filling up the DagBag from /opt/airflow/dags/concurrent_dag.py
[2024-03-06T09:57:51.503+0000] {processor.py:840} INFO - DAG(s) 'Concurrent_Tasks' retrieved from /opt/airflow/dags/concurrent_dag.py
[2024-03-06T09:57:51.552+0000] {logging_mixin.py:188} INFO - [2024-03-06T09:57:51.552+0000] {dag.py:3047} INFO - Sync 1 DAGs
[2024-03-06T09:57:51.595+0000] {logging_mixin.py:188} INFO - [2024-03-06T09:57:51.595+0000] {dag.py:3834} INFO - Setting next_dagrun for Concurrent_Tasks to None, run_after=None
[2024-03-06T09:57:51.703+0000] {processor.py:183} INFO - Processing /opt/airflow/dags/concurrent_dag.py took 0.339 seconds
[2024-03-06T09:58:21.983+0000] {processor.py:161} INFO - Started process (PID=505) to work on /opt/airflow/dags/concurrent_dag.py
[2024-03-06T09:58:21.984+0000] {processor.py:830} INFO - Processing file /opt/airflow/dags/concurrent_dag.py for tasks to queue
[2024-03-06T09:58:21.985+0000] {logging_mixin.py:188} INFO - [2024-03-06T09:58:21.985+0000] {dagbag.py:540} INFO - Filling up the DagBag from /opt/airflow/dags/concurrent_dag.py
[2024-03-06T09:58:22.116+0000] {processor.py:840} INFO - DAG(s) 'Concurrent_Tasks' retrieved from /opt/airflow/dags/concurrent_dag.py
[2024-03-06T09:58:22.151+0000] {logging_mixin.py:188} INFO - [2024-03-06T09:58:22.151+0000] {dag.py:3047} INFO - Sync 1 DAGs
[2024-03-06T09:58:22.167+0000] {logging_mixin.py:188} INFO - [2024-03-06T09:58:22.167+0000] {dag.py:3834} INFO - Setting next_dagrun for Concurrent_Tasks to None, run_after=None
[2024-03-06T09:58:22.265+0000] {processor.py:183} INFO - Processing /opt/airflow/dags/concurrent_dag.py took 0.286 seconds
[2024-03-06T09:58:52.489+0000] {processor.py:161} INFO - Started process (PID=508) to work on /opt/airflow/dags/concurrent_dag.py
[2024-03-06T09:58:52.490+0000] {processor.py:830} INFO - Processing file /opt/airflow/dags/concurrent_dag.py for tasks to queue
[2024-03-06T09:58:52.491+0000] {logging_mixin.py:188} INFO - [2024-03-06T09:58:52.491+0000] {dagbag.py:540} INFO - Filling up the DagBag from /opt/airflow/dags/concurrent_dag.py
[2024-03-06T09:58:52.644+0000] {processor.py:840} INFO - DAG(s) 'Concurrent_Tasks' retrieved from /opt/airflow/dags/concurrent_dag.py
[2024-03-06T09:58:52.689+0000] {logging_mixin.py:188} INFO - [2024-03-06T09:58:52.689+0000] {dag.py:3047} INFO - Sync 1 DAGs
[2024-03-06T09:58:52.707+0000] {logging_mixin.py:188} INFO - [2024-03-06T09:58:52.706+0000] {dag.py:3834} INFO - Setting next_dagrun for Concurrent_Tasks to None, run_after=None
[2024-03-06T09:58:52.844+0000] {processor.py:183} INFO - Processing /opt/airflow/dags/concurrent_dag.py took 0.358 seconds
[2024-03-06T09:59:23.463+0000] {processor.py:161} INFO - Started process (PID=511) to work on /opt/airflow/dags/concurrent_dag.py
[2024-03-06T09:59:23.467+0000] {processor.py:830} INFO - Processing file /opt/airflow/dags/concurrent_dag.py for tasks to queue
[2024-03-06T09:59:23.472+0000] {logging_mixin.py:188} INFO - [2024-03-06T09:59:23.469+0000] {dagbag.py:540} INFO - Filling up the DagBag from /opt/airflow/dags/concurrent_dag.py
[2024-03-06T09:59:23.850+0000] {processor.py:840} INFO - DAG(s) 'Concurrent_Tasks' retrieved from /opt/airflow/dags/concurrent_dag.py
[2024-03-06T09:59:23.967+0000] {logging_mixin.py:188} INFO - [2024-03-06T09:59:23.965+0000] {dag.py:3047} INFO - Sync 1 DAGs
[2024-03-06T09:59:23.991+0000] {logging_mixin.py:188} INFO - [2024-03-06T09:59:23.990+0000] {dag.py:3834} INFO - Setting next_dagrun for Concurrent_Tasks to None, run_after=None
[2024-03-06T09:59:24.365+0000] {processor.py:183} INFO - Processing /opt/airflow/dags/concurrent_dag.py took 0.918 seconds
[2024-03-06T09:59:56.638+0000] {processor.py:161} INFO - Started process (PID=514) to work on /opt/airflow/dags/concurrent_dag.py
[2024-03-06T09:59:56.778+0000] {processor.py:830} INFO - Processing file /opt/airflow/dags/concurrent_dag.py for tasks to queue
[2024-03-06T09:59:56.801+0000] {logging_mixin.py:188} INFO - [2024-03-06T09:59:56.789+0000] {dagbag.py:540} INFO - Filling up the DagBag from /opt/airflow/dags/concurrent_dag.py
[2024-03-06T09:59:59.210+0000] {processor.py:840} INFO - DAG(s) 'Concurrent_Tasks' retrieved from /opt/airflow/dags/concurrent_dag.py
[2024-03-06T09:59:59.355+0000] {logging_mixin.py:188} INFO - [2024-03-06T09:59:59.354+0000] {dag.py:3047} INFO - Sync 1 DAGs
[2024-03-06T09:59:59.413+0000] {logging_mixin.py:188} INFO - [2024-03-06T09:59:59.413+0000] {dag.py:3834} INFO - Setting next_dagrun for Concurrent_Tasks to None, run_after=None
[2024-03-06T09:59:59.944+0000] {processor.py:183} INFO - Processing /opt/airflow/dags/concurrent_dag.py took 4.256 seconds
[2024-03-06T10:00:30.582+0000] {processor.py:161} INFO - Started process (PID=517) to work on /opt/airflow/dags/concurrent_dag.py
[2024-03-06T10:00:30.584+0000] {processor.py:830} INFO - Processing file /opt/airflow/dags/concurrent_dag.py for tasks to queue
[2024-03-06T10:00:30.585+0000] {logging_mixin.py:188} INFO - [2024-03-06T10:00:30.584+0000] {dagbag.py:540} INFO - Filling up the DagBag from /opt/airflow/dags/concurrent_dag.py
[2024-03-06T10:00:30.722+0000] {processor.py:840} INFO - DAG(s) 'Concurrent_Tasks' retrieved from /opt/airflow/dags/concurrent_dag.py
[2024-03-06T10:00:30.791+0000] {logging_mixin.py:188} INFO - [2024-03-06T10:00:30.791+0000] {dag.py:3047} INFO - Sync 1 DAGs
[2024-03-06T10:00:30.841+0000] {logging_mixin.py:188} INFO - [2024-03-06T10:00:30.841+0000] {dag.py:3834} INFO - Setting next_dagrun for Concurrent_Tasks to None, run_after=None
[2024-03-06T10:00:30.951+0000] {processor.py:183} INFO - Processing /opt/airflow/dags/concurrent_dag.py took 0.372 seconds
[2024-03-06T10:01:01.080+0000] {processor.py:161} INFO - Started process (PID=520) to work on /opt/airflow/dags/concurrent_dag.py
[2024-03-06T10:01:01.089+0000] {processor.py:830} INFO - Processing file /opt/airflow/dags/concurrent_dag.py for tasks to queue
[2024-03-06T10:01:01.094+0000] {logging_mixin.py:188} INFO - [2024-03-06T10:01:01.092+0000] {dagbag.py:540} INFO - Filling up the DagBag from /opt/airflow/dags/concurrent_dag.py
[2024-03-06T10:01:01.424+0000] {processor.py:840} INFO - DAG(s) 'Concurrent_Tasks' retrieved from /opt/airflow/dags/concurrent_dag.py
[2024-03-06T10:01:01.572+0000] {logging_mixin.py:188} INFO - [2024-03-06T10:01:01.571+0000] {dag.py:3047} INFO - Sync 1 DAGs
[2024-03-06T10:01:01.627+0000] {logging_mixin.py:188} INFO - [2024-03-06T10:01:01.627+0000] {dag.py:3834} INFO - Setting next_dagrun for Concurrent_Tasks to None, run_after=None
[2024-03-06T10:01:01.803+0000] {processor.py:183} INFO - Processing /opt/airflow/dags/concurrent_dag.py took 0.730 seconds
[2024-03-06T10:01:32.697+0000] {processor.py:161} INFO - Started process (PID=523) to work on /opt/airflow/dags/concurrent_dag.py
[2024-03-06T10:01:32.705+0000] {processor.py:830} INFO - Processing file /opt/airflow/dags/concurrent_dag.py for tasks to queue
[2024-03-06T10:01:32.709+0000] {logging_mixin.py:188} INFO - [2024-03-06T10:01:32.707+0000] {dagbag.py:540} INFO - Filling up the DagBag from /opt/airflow/dags/concurrent_dag.py
[2024-03-06T10:01:32.950+0000] {processor.py:840} INFO - DAG(s) 'Concurrent_Tasks' retrieved from /opt/airflow/dags/concurrent_dag.py
[2024-03-06T10:01:33.075+0000] {logging_mixin.py:188} INFO - [2024-03-06T10:01:33.075+0000] {dag.py:3047} INFO - Sync 1 DAGs
[2024-03-06T10:01:33.153+0000] {logging_mixin.py:188} INFO - [2024-03-06T10:01:33.152+0000] {dag.py:3834} INFO - Setting next_dagrun for Concurrent_Tasks to None, run_after=None
[2024-03-06T10:01:33.451+0000] {processor.py:183} INFO - Processing /opt/airflow/dags/concurrent_dag.py took 0.782 seconds
[2024-03-06T10:02:03.870+0000] {processor.py:161} INFO - Started process (PID=526) to work on /opt/airflow/dags/concurrent_dag.py
[2024-03-06T10:02:03.872+0000] {processor.py:830} INFO - Processing file /opt/airflow/dags/concurrent_dag.py for tasks to queue
[2024-03-06T10:02:03.874+0000] {logging_mixin.py:188} INFO - [2024-03-06T10:02:03.873+0000] {dagbag.py:540} INFO - Filling up the DagBag from /opt/airflow/dags/concurrent_dag.py
[2024-03-06T10:02:04.238+0000] {processor.py:840} INFO - DAG(s) 'Concurrent_Tasks' retrieved from /opt/airflow/dags/concurrent_dag.py
[2024-03-06T10:02:04.328+0000] {logging_mixin.py:188} INFO - [2024-03-06T10:02:04.327+0000] {dag.py:3047} INFO - Sync 1 DAGs
[2024-03-06T10:02:04.415+0000] {logging_mixin.py:188} INFO - [2024-03-06T10:02:04.415+0000] {dag.py:3834} INFO - Setting next_dagrun for Concurrent_Tasks to None, run_after=None
[2024-03-06T10:02:04.569+0000] {processor.py:183} INFO - Processing /opt/airflow/dags/concurrent_dag.py took 0.705 seconds
[2024-03-06T10:02:35.129+0000] {processor.py:161} INFO - Started process (PID=529) to work on /opt/airflow/dags/concurrent_dag.py
[2024-03-06T10:02:35.131+0000] {processor.py:830} INFO - Processing file /opt/airflow/dags/concurrent_dag.py for tasks to queue
[2024-03-06T10:02:35.132+0000] {logging_mixin.py:188} INFO - [2024-03-06T10:02:35.131+0000] {dagbag.py:540} INFO - Filling up the DagBag from /opt/airflow/dags/concurrent_dag.py
[2024-03-06T10:02:35.261+0000] {processor.py:840} INFO - DAG(s) 'Concurrent_Tasks' retrieved from /opt/airflow/dags/concurrent_dag.py
[2024-03-06T10:02:35.295+0000] {logging_mixin.py:188} INFO - [2024-03-06T10:02:35.295+0000] {dag.py:3047} INFO - Sync 1 DAGs
[2024-03-06T10:02:35.312+0000] {logging_mixin.py:188} INFO - [2024-03-06T10:02:35.311+0000] {dag.py:3834} INFO - Setting next_dagrun for Concurrent_Tasks to None, run_after=None
[2024-03-06T10:02:35.444+0000] {processor.py:183} INFO - Processing /opt/airflow/dags/concurrent_dag.py took 0.318 seconds
[2024-03-06T10:03:05.820+0000] {processor.py:161} INFO - Started process (PID=532) to work on /opt/airflow/dags/concurrent_dag.py
[2024-03-06T10:03:05.821+0000] {processor.py:830} INFO - Processing file /opt/airflow/dags/concurrent_dag.py for tasks to queue
[2024-03-06T10:03:05.822+0000] {logging_mixin.py:188} INFO - [2024-03-06T10:03:05.822+0000] {dagbag.py:540} INFO - Filling up the DagBag from /opt/airflow/dags/concurrent_dag.py
[2024-03-06T10:03:05.976+0000] {processor.py:840} INFO - DAG(s) 'Concurrent_Tasks' retrieved from /opt/airflow/dags/concurrent_dag.py
[2024-03-06T10:03:06.007+0000] {logging_mixin.py:188} INFO - [2024-03-06T10:03:06.007+0000] {dag.py:3047} INFO - Sync 1 DAGs
[2024-03-06T10:03:06.022+0000] {logging_mixin.py:188} INFO - [2024-03-06T10:03:06.022+0000] {dag.py:3834} INFO - Setting next_dagrun for Concurrent_Tasks to None, run_after=None
[2024-03-06T10:03:06.096+0000] {processor.py:183} INFO - Processing /opt/airflow/dags/concurrent_dag.py took 0.279 seconds
[2024-03-06T10:03:36.320+0000] {processor.py:161} INFO - Started process (PID=535) to work on /opt/airflow/dags/concurrent_dag.py
[2024-03-06T10:03:36.322+0000] {processor.py:830} INFO - Processing file /opt/airflow/dags/concurrent_dag.py for tasks to queue
[2024-03-06T10:03:36.323+0000] {logging_mixin.py:188} INFO - [2024-03-06T10:03:36.322+0000] {dagbag.py:540} INFO - Filling up the DagBag from /opt/airflow/dags/concurrent_dag.py
[2024-03-06T10:03:36.449+0000] {processor.py:840} INFO - DAG(s) 'Concurrent_Tasks' retrieved from /opt/airflow/dags/concurrent_dag.py
[2024-03-06T10:03:36.478+0000] {logging_mixin.py:188} INFO - [2024-03-06T10:03:36.477+0000] {dag.py:3047} INFO - Sync 1 DAGs
[2024-03-06T10:03:36.492+0000] {logging_mixin.py:188} INFO - [2024-03-06T10:03:36.492+0000] {dag.py:3834} INFO - Setting next_dagrun for Concurrent_Tasks to None, run_after=None
[2024-03-06T10:03:36.568+0000] {processor.py:183} INFO - Processing /opt/airflow/dags/concurrent_dag.py took 0.251 seconds
[2024-03-06T10:04:06.833+0000] {processor.py:161} INFO - Started process (PID=538) to work on /opt/airflow/dags/concurrent_dag.py
[2024-03-06T10:04:06.834+0000] {processor.py:830} INFO - Processing file /opt/airflow/dags/concurrent_dag.py for tasks to queue
[2024-03-06T10:04:06.835+0000] {logging_mixin.py:188} INFO - [2024-03-06T10:04:06.835+0000] {dagbag.py:540} INFO - Filling up the DagBag from /opt/airflow/dags/concurrent_dag.py
[2024-03-06T10:04:06.965+0000] {processor.py:840} INFO - DAG(s) 'Concurrent_Tasks' retrieved from /opt/airflow/dags/concurrent_dag.py
[2024-03-06T10:04:07.010+0000] {logging_mixin.py:188} INFO - [2024-03-06T10:04:07.009+0000] {dag.py:3047} INFO - Sync 1 DAGs
[2024-03-06T10:04:07.113+0000] {logging_mixin.py:188} INFO - [2024-03-06T10:04:07.112+0000] {dag.py:3834} INFO - Setting next_dagrun for Concurrent_Tasks to None, run_after=None
[2024-03-06T10:04:07.193+0000] {processor.py:183} INFO - Processing /opt/airflow/dags/concurrent_dag.py took 0.363 seconds
[2024-03-06T10:04:37.443+0000] {processor.py:161} INFO - Started process (PID=541) to work on /opt/airflow/dags/concurrent_dag.py
[2024-03-06T10:04:37.445+0000] {processor.py:830} INFO - Processing file /opt/airflow/dags/concurrent_dag.py for tasks to queue
[2024-03-06T10:04:37.446+0000] {logging_mixin.py:188} INFO - [2024-03-06T10:04:37.445+0000] {dagbag.py:540} INFO - Filling up the DagBag from /opt/airflow/dags/concurrent_dag.py
[2024-03-06T10:04:37.582+0000] {processor.py:840} INFO - DAG(s) 'Concurrent_Tasks' retrieved from /opt/airflow/dags/concurrent_dag.py
[2024-03-06T10:04:37.617+0000] {logging_mixin.py:188} INFO - [2024-03-06T10:04:37.617+0000] {dag.py:3047} INFO - Sync 1 DAGs
[2024-03-06T10:04:37.632+0000] {logging_mixin.py:188} INFO - [2024-03-06T10:04:37.632+0000] {dag.py:3834} INFO - Setting next_dagrun for Concurrent_Tasks to None, run_after=None
[2024-03-06T10:04:37.745+0000] {processor.py:183} INFO - Processing /opt/airflow/dags/concurrent_dag.py took 0.305 seconds
[2024-03-06T10:05:07.907+0000] {processor.py:161} INFO - Started process (PID=544) to work on /opt/airflow/dags/concurrent_dag.py
[2024-03-06T10:05:07.908+0000] {processor.py:830} INFO - Processing file /opt/airflow/dags/concurrent_dag.py for tasks to queue
[2024-03-06T10:05:07.909+0000] {logging_mixin.py:188} INFO - [2024-03-06T10:05:07.909+0000] {dagbag.py:540} INFO - Filling up the DagBag from /opt/airflow/dags/concurrent_dag.py
[2024-03-06T10:05:08.119+0000] {processor.py:840} INFO - DAG(s) 'Concurrent_Tasks' retrieved from /opt/airflow/dags/concurrent_dag.py
[2024-03-06T10:05:08.178+0000] {logging_mixin.py:188} INFO - [2024-03-06T10:05:08.178+0000] {dag.py:3047} INFO - Sync 1 DAGs
[2024-03-06T10:05:08.193+0000] {logging_mixin.py:188} INFO - [2024-03-06T10:05:08.192+0000] {dag.py:3834} INFO - Setting next_dagrun for Concurrent_Tasks to None, run_after=None
[2024-03-06T10:05:08.260+0000] {processor.py:183} INFO - Processing /opt/airflow/dags/concurrent_dag.py took 0.356 seconds
[2024-03-06T10:05:38.613+0000] {processor.py:161} INFO - Started process (PID=547) to work on /opt/airflow/dags/concurrent_dag.py
[2024-03-06T10:05:38.614+0000] {processor.py:830} INFO - Processing file /opt/airflow/dags/concurrent_dag.py for tasks to queue
[2024-03-06T10:05:38.615+0000] {logging_mixin.py:188} INFO - [2024-03-06T10:05:38.615+0000] {dagbag.py:540} INFO - Filling up the DagBag from /opt/airflow/dags/concurrent_dag.py
[2024-03-06T10:05:38.762+0000] {processor.py:840} INFO - DAG(s) 'Concurrent_Tasks' retrieved from /opt/airflow/dags/concurrent_dag.py
[2024-03-06T10:05:38.803+0000] {logging_mixin.py:188} INFO - [2024-03-06T10:05:38.803+0000] {dag.py:3047} INFO - Sync 1 DAGs
[2024-03-06T10:05:38.825+0000] {logging_mixin.py:188} INFO - [2024-03-06T10:05:38.825+0000] {dag.py:3834} INFO - Setting next_dagrun for Concurrent_Tasks to None, run_after=None
[2024-03-06T10:05:38.914+0000] {processor.py:183} INFO - Processing /opt/airflow/dags/concurrent_dag.py took 0.304 seconds
[2024-03-06T10:06:09.300+0000] {processor.py:161} INFO - Started process (PID=550) to work on /opt/airflow/dags/concurrent_dag.py
[2024-03-06T10:06:09.301+0000] {processor.py:830} INFO - Processing file /opt/airflow/dags/concurrent_dag.py for tasks to queue
[2024-03-06T10:06:09.302+0000] {logging_mixin.py:188} INFO - [2024-03-06T10:06:09.302+0000] {dagbag.py:540} INFO - Filling up the DagBag from /opt/airflow/dags/concurrent_dag.py
[2024-03-06T10:06:09.508+0000] {processor.py:840} INFO - DAG(s) 'Concurrent_Tasks' retrieved from /opt/airflow/dags/concurrent_dag.py
[2024-03-06T10:06:09.559+0000] {logging_mixin.py:188} INFO - [2024-03-06T10:06:09.558+0000] {dag.py:3047} INFO - Sync 1 DAGs
[2024-03-06T10:06:09.606+0000] {logging_mixin.py:188} INFO - [2024-03-06T10:06:09.606+0000] {dag.py:3834} INFO - Setting next_dagrun for Concurrent_Tasks to None, run_after=None
[2024-03-06T10:06:09.898+0000] {processor.py:183} INFO - Processing /opt/airflow/dags/concurrent_dag.py took 0.602 seconds
[2024-03-06T10:06:40.401+0000] {processor.py:161} INFO - Started process (PID=553) to work on /opt/airflow/dags/concurrent_dag.py
[2024-03-06T10:06:40.403+0000] {processor.py:830} INFO - Processing file /opt/airflow/dags/concurrent_dag.py for tasks to queue
[2024-03-06T10:06:40.404+0000] {logging_mixin.py:188} INFO - [2024-03-06T10:06:40.404+0000] {dagbag.py:540} INFO - Filling up the DagBag from /opt/airflow/dags/concurrent_dag.py
[2024-03-06T10:06:40.569+0000] {processor.py:840} INFO - DAG(s) 'Concurrent_Tasks' retrieved from /opt/airflow/dags/concurrent_dag.py
[2024-03-06T10:06:40.608+0000] {logging_mixin.py:188} INFO - [2024-03-06T10:06:40.608+0000] {dag.py:3047} INFO - Sync 1 DAGs
[2024-03-06T10:06:40.627+0000] {logging_mixin.py:188} INFO - [2024-03-06T10:06:40.626+0000] {dag.py:3834} INFO - Setting next_dagrun for Concurrent_Tasks to None, run_after=None
[2024-03-06T10:06:40.724+0000] {processor.py:183} INFO - Processing /opt/airflow/dags/concurrent_dag.py took 0.328 seconds
[2024-03-06T10:07:12.735+0000] {processor.py:161} INFO - Started process (PID=556) to work on /opt/airflow/dags/concurrent_dag.py
[2024-03-06T10:07:12.820+0000] {processor.py:830} INFO - Processing file /opt/airflow/dags/concurrent_dag.py for tasks to queue
[2024-03-06T10:07:12.837+0000] {logging_mixin.py:188} INFO - [2024-03-06T10:07:12.834+0000] {dagbag.py:540} INFO - Filling up the DagBag from /opt/airflow/dags/concurrent_dag.py
[2024-03-06T10:07:13.298+0000] {processor.py:840} INFO - DAG(s) 'Concurrent_Tasks' retrieved from /opt/airflow/dags/concurrent_dag.py
[2024-03-06T10:07:13.354+0000] {logging_mixin.py:188} INFO - [2024-03-06T10:07:13.353+0000] {dag.py:3047} INFO - Sync 1 DAGs
[2024-03-06T10:07:13.377+0000] {logging_mixin.py:188} INFO - [2024-03-06T10:07:13.377+0000] {dag.py:3834} INFO - Setting next_dagrun for Concurrent_Tasks to None, run_after=None
[2024-03-06T10:07:13.489+0000] {processor.py:183} INFO - Processing /opt/airflow/dags/concurrent_dag.py took 0.831 seconds
[2024-03-06T10:07:44.072+0000] {processor.py:161} INFO - Started process (PID=559) to work on /opt/airflow/dags/concurrent_dag.py
[2024-03-06T10:07:44.074+0000] {processor.py:830} INFO - Processing file /opt/airflow/dags/concurrent_dag.py for tasks to queue
[2024-03-06T10:07:44.076+0000] {logging_mixin.py:188} INFO - [2024-03-06T10:07:44.075+0000] {dagbag.py:540} INFO - Filling up the DagBag from /opt/airflow/dags/concurrent_dag.py
[2024-03-06T10:07:44.287+0000] {processor.py:840} INFO - DAG(s) 'Concurrent_Tasks' retrieved from /opt/airflow/dags/concurrent_dag.py
[2024-03-06T10:07:44.339+0000] {logging_mixin.py:188} INFO - [2024-03-06T10:07:44.339+0000] {dag.py:3047} INFO - Sync 1 DAGs
[2024-03-06T10:07:44.361+0000] {logging_mixin.py:188} INFO - [2024-03-06T10:07:44.360+0000] {dag.py:3834} INFO - Setting next_dagrun for Concurrent_Tasks to None, run_after=None
[2024-03-06T10:07:44.469+0000] {processor.py:183} INFO - Processing /opt/airflow/dags/concurrent_dag.py took 0.409 seconds
[2024-03-06T10:08:15.080+0000] {processor.py:161} INFO - Started process (PID=562) to work on /opt/airflow/dags/concurrent_dag.py
[2024-03-06T10:08:15.081+0000] {processor.py:830} INFO - Processing file /opt/airflow/dags/concurrent_dag.py for tasks to queue
[2024-03-06T10:08:15.083+0000] {logging_mixin.py:188} INFO - [2024-03-06T10:08:15.082+0000] {dagbag.py:540} INFO - Filling up the DagBag from /opt/airflow/dags/concurrent_dag.py
[2024-03-06T10:08:15.229+0000] {processor.py:840} INFO - DAG(s) 'Concurrent_Tasks' retrieved from /opt/airflow/dags/concurrent_dag.py
[2024-03-06T10:08:15.266+0000] {logging_mixin.py:188} INFO - [2024-03-06T10:08:15.266+0000] {dag.py:3047} INFO - Sync 1 DAGs
[2024-03-06T10:08:15.283+0000] {logging_mixin.py:188} INFO - [2024-03-06T10:08:15.283+0000] {dag.py:3834} INFO - Setting next_dagrun for Concurrent_Tasks to None, run_after=None
[2024-03-06T10:08:15.366+0000] {processor.py:183} INFO - Processing /opt/airflow/dags/concurrent_dag.py took 0.289 seconds
[2024-03-06T10:08:46.227+0000] {processor.py:161} INFO - Started process (PID=565) to work on /opt/airflow/dags/concurrent_dag.py
[2024-03-06T10:08:46.229+0000] {processor.py:830} INFO - Processing file /opt/airflow/dags/concurrent_dag.py for tasks to queue
[2024-03-06T10:08:46.230+0000] {logging_mixin.py:188} INFO - [2024-03-06T10:08:46.229+0000] {dagbag.py:540} INFO - Filling up the DagBag from /opt/airflow/dags/concurrent_dag.py
[2024-03-06T10:08:46.360+0000] {processor.py:840} INFO - DAG(s) 'Concurrent_Tasks' retrieved from /opt/airflow/dags/concurrent_dag.py
[2024-03-06T10:08:46.393+0000] {logging_mixin.py:188} INFO - [2024-03-06T10:08:46.392+0000] {dag.py:3047} INFO - Sync 1 DAGs
[2024-03-06T10:08:46.408+0000] {logging_mixin.py:188} INFO - [2024-03-06T10:08:46.408+0000] {dag.py:3834} INFO - Setting next_dagrun for Concurrent_Tasks to None, run_after=None
[2024-03-06T10:08:46.482+0000] {processor.py:183} INFO - Processing /opt/airflow/dags/concurrent_dag.py took 0.258 seconds
[2024-03-06T10:09:16.801+0000] {processor.py:161} INFO - Started process (PID=568) to work on /opt/airflow/dags/concurrent_dag.py
[2024-03-06T10:09:16.804+0000] {processor.py:830} INFO - Processing file /opt/airflow/dags/concurrent_dag.py for tasks to queue
[2024-03-06T10:09:16.806+0000] {logging_mixin.py:188} INFO - [2024-03-06T10:09:16.805+0000] {dagbag.py:540} INFO - Filling up the DagBag from /opt/airflow/dags/concurrent_dag.py
[2024-03-06T10:09:16.954+0000] {processor.py:840} INFO - DAG(s) 'Concurrent_Tasks' retrieved from /opt/airflow/dags/concurrent_dag.py
[2024-03-06T10:09:16.993+0000] {logging_mixin.py:188} INFO - [2024-03-06T10:09:16.993+0000] {dag.py:3047} INFO - Sync 1 DAGs
[2024-03-06T10:09:17.010+0000] {logging_mixin.py:188} INFO - [2024-03-06T10:09:17.009+0000] {dag.py:3834} INFO - Setting next_dagrun for Concurrent_Tasks to None, run_after=None
[2024-03-06T10:09:17.097+0000] {processor.py:183} INFO - Processing /opt/airflow/dags/concurrent_dag.py took 0.303 seconds
[2024-03-06T10:09:47.693+0000] {processor.py:161} INFO - Started process (PID=571) to work on /opt/airflow/dags/concurrent_dag.py
[2024-03-06T10:09:47.695+0000] {processor.py:830} INFO - Processing file /opt/airflow/dags/concurrent_dag.py for tasks to queue
[2024-03-06T10:09:47.696+0000] {logging_mixin.py:188} INFO - [2024-03-06T10:09:47.696+0000] {dagbag.py:540} INFO - Filling up the DagBag from /opt/airflow/dags/concurrent_dag.py
[2024-03-06T10:09:47.848+0000] {processor.py:840} INFO - DAG(s) 'Concurrent_Tasks' retrieved from /opt/airflow/dags/concurrent_dag.py
[2024-03-06T10:09:47.901+0000] {logging_mixin.py:188} INFO - [2024-03-06T10:09:47.901+0000] {dag.py:3047} INFO - Sync 1 DAGs
[2024-03-06T10:09:47.918+0000] {logging_mixin.py:188} INFO - [2024-03-06T10:09:47.918+0000] {dag.py:3834} INFO - Setting next_dagrun for Concurrent_Tasks to None, run_after=None
[2024-03-06T10:09:48.006+0000] {processor.py:183} INFO - Processing /opt/airflow/dags/concurrent_dag.py took 0.316 seconds
[2024-03-06T10:10:18.701+0000] {processor.py:161} INFO - Started process (PID=574) to work on /opt/airflow/dags/concurrent_dag.py
[2024-03-06T10:10:18.702+0000] {processor.py:830} INFO - Processing file /opt/airflow/dags/concurrent_dag.py for tasks to queue
[2024-03-06T10:10:18.704+0000] {logging_mixin.py:188} INFO - [2024-03-06T10:10:18.703+0000] {dagbag.py:540} INFO - Filling up the DagBag from /opt/airflow/dags/concurrent_dag.py
[2024-03-06T10:10:18.851+0000] {processor.py:840} INFO - DAG(s) 'Concurrent_Tasks' retrieved from /opt/airflow/dags/concurrent_dag.py
[2024-03-06T10:10:18.902+0000] {logging_mixin.py:188} INFO - [2024-03-06T10:10:18.902+0000] {dag.py:3047} INFO - Sync 1 DAGs
[2024-03-06T10:10:19.002+0000] {logging_mixin.py:188} INFO - [2024-03-06T10:10:19.001+0000] {dag.py:3834} INFO - Setting next_dagrun for Concurrent_Tasks to None, run_after=None
[2024-03-06T10:10:19.083+0000] {processor.py:183} INFO - Processing /opt/airflow/dags/concurrent_dag.py took 0.386 seconds
