[2024-03-06T06:56:20.105+0000] {processor.py:161} INFO - Started process (PID=71) to work on /opt/airflow/dags/welcome_dag.py
[2024-03-06T06:56:20.115+0000] {processor.py:830} INFO - Processing file /opt/airflow/dags/welcome_dag.py for tasks to queue
[2024-03-06T06:56:20.134+0000] {logging_mixin.py:188} INFO - [2024-03-06T06:56:20.119+0000] {dagbag.py:540} INFO - Filling up the DagBag from /opt/airflow/dags/welcome_dag.py
[2024-03-06T06:56:20.284+0000] {processor.py:840} INFO - DAG(s) 'welcome_dag' retrieved from /opt/airflow/dags/welcome_dag.py
[2024-03-06T06:56:20.830+0000] {logging_mixin.py:188} INFO - [2024-03-06T06:56:20.829+0000] {override.py:1769} INFO - Created Permission View: can edit on DAG:welcome_dag
[2024-03-06T06:56:20.880+0000] {logging_mixin.py:188} INFO - [2024-03-06T06:56:20.879+0000] {override.py:1769} INFO - Created Permission View: can read on DAG:welcome_dag
[2024-03-06T06:56:20.918+0000] {logging_mixin.py:188} INFO - [2024-03-06T06:56:20.917+0000] {override.py:1769} INFO - Created Permission View: can delete on DAG:welcome_dag
[2024-03-06T06:56:20.919+0000] {logging_mixin.py:188} INFO - [2024-03-06T06:56:20.918+0000] {dag.py:3047} INFO - Sync 1 DAGs
[2024-03-06T06:56:20.941+0000] {logging_mixin.py:188} INFO - [2024-03-06T06:56:20.941+0000] {dag.py:3069} INFO - Creating ORM DAG for welcome_dag
[2024-03-06T06:56:20.964+0000] {logging_mixin.py:188} INFO - [2024-03-06T06:56:20.964+0000] {dag.py:3834} INFO - Setting next_dagrun for welcome_dag to 2024-03-05 23:00:00+00:00, run_after=2024-03-06 23:00:00+00:00
[2024-03-06T06:56:21.056+0000] {processor.py:183} INFO - Processing /opt/airflow/dags/welcome_dag.py took 1.023 seconds
[2024-03-06T06:56:51.878+0000] {processor.py:161} INFO - Started process (PID=72) to work on /opt/airflow/dags/welcome_dag.py
[2024-03-06T06:56:51.880+0000] {processor.py:830} INFO - Processing file /opt/airflow/dags/welcome_dag.py for tasks to queue
[2024-03-06T06:56:51.881+0000] {logging_mixin.py:188} INFO - [2024-03-06T06:56:51.881+0000] {dagbag.py:540} INFO - Filling up the DagBag from /opt/airflow/dags/welcome_dag.py
[2024-03-06T06:56:51.917+0000] {processor.py:840} INFO - DAG(s) 'welcome_dag' retrieved from /opt/airflow/dags/welcome_dag.py
[2024-03-06T06:56:51.950+0000] {logging_mixin.py:188} INFO - [2024-03-06T06:56:51.949+0000] {dag.py:3047} INFO - Sync 1 DAGs
[2024-03-06T06:56:51.985+0000] {logging_mixin.py:188} INFO - [2024-03-06T06:56:51.985+0000] {dag.py:3834} INFO - Setting next_dagrun for welcome_dag to 2024-03-05 23:00:00+00:00, run_after=2024-03-06 23:00:00+00:00
[2024-03-06T06:56:52.066+0000] {processor.py:183} INFO - Processing /opt/airflow/dags/welcome_dag.py took 0.191 seconds
[2024-03-06T06:57:22.375+0000] {processor.py:161} INFO - Started process (PID=73) to work on /opt/airflow/dags/welcome_dag.py
[2024-03-06T06:57:22.377+0000] {processor.py:830} INFO - Processing file /opt/airflow/dags/welcome_dag.py for tasks to queue
[2024-03-06T06:57:22.379+0000] {logging_mixin.py:188} INFO - [2024-03-06T06:57:22.378+0000] {dagbag.py:540} INFO - Filling up the DagBag from /opt/airflow/dags/welcome_dag.py
[2024-03-06T06:57:22.412+0000] {processor.py:840} INFO - DAG(s) 'welcome_dag' retrieved from /opt/airflow/dags/welcome_dag.py
[2024-03-06T06:57:22.444+0000] {logging_mixin.py:188} INFO - [2024-03-06T06:57:22.444+0000] {dag.py:3047} INFO - Sync 1 DAGs
[2024-03-06T06:57:22.519+0000] {logging_mixin.py:188} INFO - [2024-03-06T06:57:22.519+0000] {dag.py:3834} INFO - Setting next_dagrun for welcome_dag to 2024-03-05 23:00:00+00:00, run_after=2024-03-06 23:00:00+00:00
[2024-03-06T06:57:22.618+0000] {processor.py:183} INFO - Processing /opt/airflow/dags/welcome_dag.py took 0.247 seconds
[2024-03-06T06:57:53.248+0000] {processor.py:161} INFO - Started process (PID=74) to work on /opt/airflow/dags/welcome_dag.py
[2024-03-06T06:57:53.250+0000] {processor.py:830} INFO - Processing file /opt/airflow/dags/welcome_dag.py for tasks to queue
[2024-03-06T06:57:53.252+0000] {logging_mixin.py:188} INFO - [2024-03-06T06:57:53.252+0000] {dagbag.py:540} INFO - Filling up the DagBag from /opt/airflow/dags/welcome_dag.py
[2024-03-06T06:57:53.289+0000] {processor.py:840} INFO - DAG(s) 'welcome_dag' retrieved from /opt/airflow/dags/welcome_dag.py
[2024-03-06T06:57:53.330+0000] {logging_mixin.py:188} INFO - [2024-03-06T06:57:53.330+0000] {dag.py:3047} INFO - Sync 1 DAGs
[2024-03-06T06:57:53.362+0000] {logging_mixin.py:188} INFO - [2024-03-06T06:57:53.362+0000] {dag.py:3834} INFO - Setting next_dagrun for welcome_dag to 2024-03-05 23:00:00+00:00, run_after=2024-03-06 23:00:00+00:00
[2024-03-06T06:57:53.433+0000] {processor.py:183} INFO - Processing /opt/airflow/dags/welcome_dag.py took 0.189 seconds
[2024-03-06T06:58:23.719+0000] {processor.py:161} INFO - Started process (PID=75) to work on /opt/airflow/dags/welcome_dag.py
[2024-03-06T06:58:23.721+0000] {processor.py:830} INFO - Processing file /opt/airflow/dags/welcome_dag.py for tasks to queue
[2024-03-06T06:58:23.723+0000] {logging_mixin.py:188} INFO - [2024-03-06T06:58:23.722+0000] {dagbag.py:540} INFO - Filling up the DagBag from /opt/airflow/dags/welcome_dag.py
[2024-03-06T06:58:23.757+0000] {processor.py:840} INFO - DAG(s) 'welcome_dag' retrieved from /opt/airflow/dags/welcome_dag.py
[2024-03-06T06:58:23.994+0000] {logging_mixin.py:188} INFO - [2024-03-06T06:58:23.994+0000] {dag.py:3047} INFO - Sync 1 DAGs
[2024-03-06T06:58:24.121+0000] {logging_mixin.py:188} INFO - [2024-03-06T06:58:24.121+0000] {dag.py:3834} INFO - Setting next_dagrun for welcome_dag to 2024-03-05 23:00:00+00:00, run_after=2024-03-06 23:00:00+00:00
[2024-03-06T06:58:24.245+0000] {processor.py:183} INFO - Processing /opt/airflow/dags/welcome_dag.py took 0.530 seconds
[2024-03-06T06:58:54.496+0000] {processor.py:161} INFO - Started process (PID=76) to work on /opt/airflow/dags/welcome_dag.py
[2024-03-06T06:58:54.498+0000] {processor.py:830} INFO - Processing file /opt/airflow/dags/welcome_dag.py for tasks to queue
[2024-03-06T06:58:54.499+0000] {logging_mixin.py:188} INFO - [2024-03-06T06:58:54.499+0000] {dagbag.py:540} INFO - Filling up the DagBag from /opt/airflow/dags/welcome_dag.py
[2024-03-06T06:58:54.544+0000] {processor.py:840} INFO - DAG(s) 'welcome_dag' retrieved from /opt/airflow/dags/welcome_dag.py
[2024-03-06T06:58:54.637+0000] {logging_mixin.py:188} INFO - [2024-03-06T06:58:54.635+0000] {dag.py:3047} INFO - Sync 1 DAGs
[2024-03-06T06:58:54.850+0000] {logging_mixin.py:188} INFO - [2024-03-06T06:58:54.849+0000] {dag.py:3834} INFO - Setting next_dagrun for welcome_dag to 2024-03-05 23:00:00+00:00, run_after=2024-03-06 23:00:00+00:00
[2024-03-06T06:58:54.983+0000] {processor.py:183} INFO - Processing /opt/airflow/dags/welcome_dag.py took 0.491 seconds
[2024-03-06T06:59:25.275+0000] {processor.py:161} INFO - Started process (PID=77) to work on /opt/airflow/dags/welcome_dag.py
[2024-03-06T06:59:25.278+0000] {processor.py:830} INFO - Processing file /opt/airflow/dags/welcome_dag.py for tasks to queue
[2024-03-06T06:59:25.281+0000] {logging_mixin.py:188} INFO - [2024-03-06T06:59:25.280+0000] {dagbag.py:540} INFO - Filling up the DagBag from /opt/airflow/dags/welcome_dag.py
[2024-03-06T06:59:25.334+0000] {processor.py:840} INFO - DAG(s) 'welcome_dag' retrieved from /opt/airflow/dags/welcome_dag.py
[2024-03-06T06:59:25.395+0000] {logging_mixin.py:188} INFO - [2024-03-06T06:59:25.394+0000] {dag.py:3047} INFO - Sync 1 DAGs
[2024-03-06T06:59:25.477+0000] {logging_mixin.py:188} INFO - [2024-03-06T06:59:25.477+0000] {dag.py:3834} INFO - Setting next_dagrun for welcome_dag to 2024-03-05 23:00:00+00:00, run_after=2024-03-06 23:00:00+00:00
[2024-03-06T06:59:25.559+0000] {processor.py:183} INFO - Processing /opt/airflow/dags/welcome_dag.py took 0.287 seconds
[2024-03-06T06:59:56.134+0000] {processor.py:161} INFO - Started process (PID=78) to work on /opt/airflow/dags/welcome_dag.py
[2024-03-06T06:59:56.139+0000] {processor.py:830} INFO - Processing file /opt/airflow/dags/welcome_dag.py for tasks to queue
[2024-03-06T06:59:56.143+0000] {logging_mixin.py:188} INFO - [2024-03-06T06:59:56.141+0000] {dagbag.py:540} INFO - Filling up the DagBag from /opt/airflow/dags/welcome_dag.py
[2024-03-06T06:59:56.209+0000] {processor.py:840} INFO - DAG(s) 'welcome_dag' retrieved from /opt/airflow/dags/welcome_dag.py
[2024-03-06T06:59:56.347+0000] {logging_mixin.py:188} INFO - [2024-03-06T06:59:56.346+0000] {dag.py:3047} INFO - Sync 1 DAGs
[2024-03-06T06:59:56.426+0000] {logging_mixin.py:188} INFO - [2024-03-06T06:59:56.426+0000] {dag.py:3834} INFO - Setting next_dagrun for welcome_dag to 2024-03-05 23:00:00+00:00, run_after=2024-03-06 23:00:00+00:00
[2024-03-06T06:59:56.740+0000] {processor.py:183} INFO - Processing /opt/airflow/dags/welcome_dag.py took 0.622 seconds
[2024-03-06T07:45:58.140+0000] {processor.py:161} INFO - Started process (PID=85) to work on /opt/airflow/dags/welcome_dag.py
[2024-03-06T07:45:58.197+0000] {processor.py:830} INFO - Processing file /opt/airflow/dags/welcome_dag.py for tasks to queue
[2024-03-06T07:45:58.359+0000] {logging_mixin.py:188} INFO - [2024-03-06T07:45:58.255+0000] {dagbag.py:540} INFO - Filling up the DagBag from /opt/airflow/dags/welcome_dag.py
[2024-03-06T07:45:59.420+0000] {processor.py:840} INFO - DAG(s) 'welcome_dag' retrieved from /opt/airflow/dags/welcome_dag.py
[2024-03-06T07:46:00.392+0000] {logging_mixin.py:188} INFO - [2024-03-06T07:46:00.390+0000] {dag.py:3047} INFO - Sync 1 DAGs
[2024-03-06T07:46:01.127+0000] {logging_mixin.py:188} INFO - [2024-03-06T07:46:01.125+0000] {dag.py:3834} INFO - Setting next_dagrun for welcome_dag to 2024-03-05 23:00:00+00:00, run_after=2024-03-06 23:00:00+00:00
[2024-03-06T07:46:02.253+0000] {processor.py:183} INFO - Processing /opt/airflow/dags/welcome_dag.py took 4.640 seconds
[2024-03-06T07:46:32.828+0000] {processor.py:161} INFO - Started process (PID=86) to work on /opt/airflow/dags/welcome_dag.py
[2024-03-06T07:46:32.831+0000] {processor.py:830} INFO - Processing file /opt/airflow/dags/welcome_dag.py for tasks to queue
[2024-03-06T07:46:32.834+0000] {logging_mixin.py:188} INFO - [2024-03-06T07:46:32.833+0000] {dagbag.py:540} INFO - Filling up the DagBag from /opt/airflow/dags/welcome_dag.py
[2024-03-06T07:46:32.935+0000] {processor.py:840} INFO - DAG(s) 'welcome_dag' retrieved from /opt/airflow/dags/welcome_dag.py
[2024-03-06T07:46:33.060+0000] {logging_mixin.py:188} INFO - [2024-03-06T07:46:33.060+0000] {dag.py:3047} INFO - Sync 1 DAGs
[2024-03-06T07:46:33.206+0000] {logging_mixin.py:188} INFO - [2024-03-06T07:46:33.206+0000] {dag.py:3834} INFO - Setting next_dagrun for welcome_dag to 2024-03-05 23:00:00+00:00, run_after=2024-03-06 23:00:00+00:00
[2024-03-06T07:46:33.397+0000] {processor.py:183} INFO - Processing /opt/airflow/dags/welcome_dag.py took 0.579 seconds
[2024-03-06T07:47:03.713+0000] {processor.py:161} INFO - Started process (PID=87) to work on /opt/airflow/dags/welcome_dag.py
[2024-03-06T07:47:03.717+0000] {processor.py:830} INFO - Processing file /opt/airflow/dags/welcome_dag.py for tasks to queue
[2024-03-06T07:47:03.721+0000] {logging_mixin.py:188} INFO - [2024-03-06T07:47:03.719+0000] {dagbag.py:540} INFO - Filling up the DagBag from /opt/airflow/dags/welcome_dag.py
[2024-03-06T07:47:03.772+0000] {processor.py:840} INFO - DAG(s) 'welcome_dag' retrieved from /opt/airflow/dags/welcome_dag.py
[2024-03-06T07:47:03.838+0000] {logging_mixin.py:188} INFO - [2024-03-06T07:47:03.838+0000] {dag.py:3047} INFO - Sync 1 DAGs
[2024-03-06T07:47:04.053+0000] {logging_mixin.py:188} INFO - [2024-03-06T07:47:04.052+0000] {dag.py:3834} INFO - Setting next_dagrun for welcome_dag to 2024-03-05 23:00:00+00:00, run_after=2024-03-06 23:00:00+00:00
[2024-03-06T07:47:04.302+0000] {processor.py:183} INFO - Processing /opt/airflow/dags/welcome_dag.py took 0.603 seconds
[2024-03-06T07:47:34.971+0000] {processor.py:161} INFO - Started process (PID=88) to work on /opt/airflow/dags/welcome_dag.py
[2024-03-06T07:47:34.985+0000] {processor.py:830} INFO - Processing file /opt/airflow/dags/welcome_dag.py for tasks to queue
[2024-03-06T07:47:34.995+0000] {logging_mixin.py:188} INFO - [2024-03-06T07:47:34.991+0000] {dagbag.py:540} INFO - Filling up the DagBag from /opt/airflow/dags/welcome_dag.py
[2024-03-06T07:47:35.759+0000] {processor.py:840} INFO - DAG(s) 'welcome_dag' retrieved from /opt/airflow/dags/welcome_dag.py
[2024-03-06T07:47:36.359+0000] {logging_mixin.py:188} INFO - [2024-03-06T07:47:36.358+0000] {dag.py:3047} INFO - Sync 1 DAGs
[2024-03-06T07:47:36.667+0000] {logging_mixin.py:188} INFO - [2024-03-06T07:47:36.665+0000] {dag.py:3834} INFO - Setting next_dagrun for welcome_dag to 2024-03-05 23:00:00+00:00, run_after=2024-03-06 23:00:00+00:00
[2024-03-06T07:47:36.961+0000] {processor.py:183} INFO - Processing /opt/airflow/dags/welcome_dag.py took 2.067 seconds
[2024-03-06T07:48:07.469+0000] {processor.py:161} INFO - Started process (PID=89) to work on /opt/airflow/dags/welcome_dag.py
[2024-03-06T07:48:07.472+0000] {processor.py:830} INFO - Processing file /opt/airflow/dags/welcome_dag.py for tasks to queue
[2024-03-06T07:48:07.475+0000] {logging_mixin.py:188} INFO - [2024-03-06T07:48:07.474+0000] {dagbag.py:540} INFO - Filling up the DagBag from /opt/airflow/dags/welcome_dag.py
[2024-03-06T07:48:07.551+0000] {processor.py:840} INFO - DAG(s) 'welcome_dag' retrieved from /opt/airflow/dags/welcome_dag.py
[2024-03-06T07:48:07.723+0000] {logging_mixin.py:188} INFO - [2024-03-06T07:48:07.722+0000] {dag.py:3047} INFO - Sync 1 DAGs
[2024-03-06T07:48:07.818+0000] {logging_mixin.py:188} INFO - [2024-03-06T07:48:07.817+0000] {dag.py:3834} INFO - Setting next_dagrun for welcome_dag to 2024-03-05 23:00:00+00:00, run_after=2024-03-06 23:00:00+00:00
[2024-03-06T07:48:08.220+0000] {processor.py:183} INFO - Processing /opt/airflow/dags/welcome_dag.py took 0.760 seconds
[2024-03-06T07:48:39.088+0000] {processor.py:161} INFO - Started process (PID=90) to work on /opt/airflow/dags/welcome_dag.py
[2024-03-06T07:48:39.105+0000] {processor.py:830} INFO - Processing file /opt/airflow/dags/welcome_dag.py for tasks to queue
[2024-03-06T07:48:39.118+0000] {logging_mixin.py:188} INFO - [2024-03-06T07:48:39.111+0000] {dagbag.py:540} INFO - Filling up the DagBag from /opt/airflow/dags/welcome_dag.py
[2024-03-06T07:48:39.330+0000] {processor.py:840} INFO - DAG(s) 'welcome_dag' retrieved from /opt/airflow/dags/welcome_dag.py
[2024-03-06T07:48:39.431+0000] {logging_mixin.py:188} INFO - [2024-03-06T07:48:39.431+0000] {dag.py:3047} INFO - Sync 1 DAGs
[2024-03-06T07:48:39.534+0000] {logging_mixin.py:188} INFO - [2024-03-06T07:48:39.533+0000] {dag.py:3834} INFO - Setting next_dagrun for welcome_dag to 2024-03-05 23:00:00+00:00, run_after=2024-03-06 23:00:00+00:00
[2024-03-06T07:48:39.689+0000] {processor.py:183} INFO - Processing /opt/airflow/dags/welcome_dag.py took 0.666 seconds
[2024-03-06T07:49:10.520+0000] {processor.py:161} INFO - Started process (PID=91) to work on /opt/airflow/dags/welcome_dag.py
[2024-03-06T07:49:10.525+0000] {processor.py:830} INFO - Processing file /opt/airflow/dags/welcome_dag.py for tasks to queue
[2024-03-06T07:49:10.531+0000] {logging_mixin.py:188} INFO - [2024-03-06T07:49:10.528+0000] {dagbag.py:540} INFO - Filling up the DagBag from /opt/airflow/dags/welcome_dag.py
[2024-03-06T07:49:10.673+0000] {processor.py:840} INFO - DAG(s) 'welcome_dag' retrieved from /opt/airflow/dags/welcome_dag.py
[2024-03-06T07:49:10.748+0000] {logging_mixin.py:188} INFO - [2024-03-06T07:49:10.748+0000] {dag.py:3047} INFO - Sync 1 DAGs
[2024-03-06T07:49:10.857+0000] {logging_mixin.py:188} INFO - [2024-03-06T07:49:10.856+0000] {dag.py:3834} INFO - Setting next_dagrun for welcome_dag to 2024-03-05 23:00:00+00:00, run_after=2024-03-06 23:00:00+00:00
[2024-03-06T07:49:11.034+0000] {processor.py:183} INFO - Processing /opt/airflow/dags/welcome_dag.py took 0.528 seconds
[2024-03-06T07:49:41.626+0000] {processor.py:161} INFO - Started process (PID=92) to work on /opt/airflow/dags/welcome_dag.py
[2024-03-06T07:49:41.630+0000] {processor.py:830} INFO - Processing file /opt/airflow/dags/welcome_dag.py for tasks to queue
[2024-03-06T07:49:41.635+0000] {logging_mixin.py:188} INFO - [2024-03-06T07:49:41.633+0000] {dagbag.py:540} INFO - Filling up the DagBag from /opt/airflow/dags/welcome_dag.py
[2024-03-06T07:49:41.737+0000] {processor.py:840} INFO - DAG(s) 'welcome_dag' retrieved from /opt/airflow/dags/welcome_dag.py
[2024-03-06T07:49:41.891+0000] {logging_mixin.py:188} INFO - [2024-03-06T07:49:41.891+0000] {dag.py:3047} INFO - Sync 1 DAGs
[2024-03-06T07:49:41.977+0000] {logging_mixin.py:188} INFO - [2024-03-06T07:49:41.977+0000] {dag.py:3834} INFO - Setting next_dagrun for welcome_dag to 2024-03-05 23:00:00+00:00, run_after=2024-03-06 23:00:00+00:00
[2024-03-06T07:49:42.179+0000] {processor.py:183} INFO - Processing /opt/airflow/dags/welcome_dag.py took 0.569 seconds
[2024-03-06T07:50:13.209+0000] {processor.py:161} INFO - Started process (PID=93) to work on /opt/airflow/dags/welcome_dag.py
[2024-03-06T07:50:13.235+0000] {processor.py:830} INFO - Processing file /opt/airflow/dags/welcome_dag.py for tasks to queue
[2024-03-06T07:50:13.249+0000] {logging_mixin.py:188} INFO - [2024-03-06T07:50:13.243+0000] {dagbag.py:540} INFO - Filling up the DagBag from /opt/airflow/dags/welcome_dag.py
[2024-03-06T07:50:13.600+0000] {processor.py:840} INFO - DAG(s) 'welcome_dag' retrieved from /opt/airflow/dags/welcome_dag.py
[2024-03-06T07:50:13.972+0000] {logging_mixin.py:188} INFO - [2024-03-06T07:50:13.972+0000] {dag.py:3047} INFO - Sync 1 DAGs
[2024-03-06T07:50:14.194+0000] {logging_mixin.py:188} INFO - [2024-03-06T07:50:14.194+0000] {dag.py:3834} INFO - Setting next_dagrun for welcome_dag to 2024-03-05 23:00:00+00:00, run_after=2024-03-06 23:00:00+00:00
[2024-03-06T07:50:14.490+0000] {processor.py:183} INFO - Processing /opt/airflow/dags/welcome_dag.py took 1.448 seconds
[2024-03-06T07:50:45.421+0000] {processor.py:161} INFO - Started process (PID=94) to work on /opt/airflow/dags/welcome_dag.py
[2024-03-06T07:50:45.426+0000] {processor.py:830} INFO - Processing file /opt/airflow/dags/welcome_dag.py for tasks to queue
[2024-03-06T07:50:45.432+0000] {logging_mixin.py:188} INFO - [2024-03-06T07:50:45.430+0000] {dagbag.py:540} INFO - Filling up the DagBag from /opt/airflow/dags/welcome_dag.py
[2024-03-06T07:50:45.628+0000] {processor.py:840} INFO - DAG(s) 'welcome_dag' retrieved from /opt/airflow/dags/welcome_dag.py
[2024-03-06T07:50:45.748+0000] {logging_mixin.py:188} INFO - [2024-03-06T07:50:45.748+0000] {dag.py:3047} INFO - Sync 1 DAGs
[2024-03-06T07:50:45.811+0000] {logging_mixin.py:188} INFO - [2024-03-06T07:50:45.811+0000] {dag.py:3834} INFO - Setting next_dagrun for welcome_dag to 2024-03-05 23:00:00+00:00, run_after=2024-03-06 23:00:00+00:00
[2024-03-06T07:50:46.056+0000] {processor.py:183} INFO - Processing /opt/airflow/dags/welcome_dag.py took 0.649 seconds
[2024-03-06T07:51:17.082+0000] {processor.py:161} INFO - Started process (PID=95) to work on /opt/airflow/dags/welcome_dag.py
[2024-03-06T07:51:17.097+0000] {processor.py:830} INFO - Processing file /opt/airflow/dags/welcome_dag.py for tasks to queue
[2024-03-06T07:51:17.109+0000] {logging_mixin.py:188} INFO - [2024-03-06T07:51:17.102+0000] {dagbag.py:540} INFO - Filling up the DagBag from /opt/airflow/dags/welcome_dag.py
[2024-03-06T07:51:17.528+0000] {processor.py:840} INFO - DAG(s) 'welcome_dag' retrieved from /opt/airflow/dags/welcome_dag.py
[2024-03-06T07:51:17.887+0000] {logging_mixin.py:188} INFO - [2024-03-06T07:51:17.887+0000] {dag.py:3047} INFO - Sync 1 DAGs
[2024-03-06T07:51:18.039+0000] {logging_mixin.py:188} INFO - [2024-03-06T07:51:18.039+0000] {dag.py:3834} INFO - Setting next_dagrun for welcome_dag to 2024-03-05 23:00:00+00:00, run_after=2024-03-06 23:00:00+00:00
[2024-03-06T07:51:18.446+0000] {processor.py:183} INFO - Processing /opt/airflow/dags/welcome_dag.py took 1.459 seconds
[2024-03-06T07:51:55.174+0000] {processor.py:161} INFO - Started process (PID=114) to work on /opt/airflow/dags/welcome_dag.py
[2024-03-06T07:51:55.178+0000] {processor.py:830} INFO - Processing file /opt/airflow/dags/welcome_dag.py for tasks to queue
[2024-03-06T07:51:55.181+0000] {logging_mixin.py:188} INFO - [2024-03-06T07:51:55.180+0000] {dagbag.py:540} INFO - Filling up the DagBag from /opt/airflow/dags/welcome_dag.py
[2024-03-06T07:51:55.302+0000] {processor.py:840} INFO - DAG(s) 'welcome_dag' retrieved from /opt/airflow/dags/welcome_dag.py
[2024-03-06T07:51:55.603+0000] {logging_mixin.py:188} INFO - [2024-03-06T07:51:55.602+0000] {dag.py:3047} INFO - Sync 1 DAGs
[2024-03-06T07:51:55.667+0000] {logging_mixin.py:188} INFO - [2024-03-06T07:51:55.666+0000] {dag.py:3834} INFO - Setting next_dagrun for welcome_dag to 2024-03-05 23:00:00+00:00, run_after=2024-03-06 23:00:00+00:00
[2024-03-06T07:51:55.816+0000] {processor.py:183} INFO - Processing /opt/airflow/dags/welcome_dag.py took 0.649 seconds
[2024-03-06T07:52:26.347+0000] {processor.py:161} INFO - Started process (PID=124) to work on /opt/airflow/dags/welcome_dag.py
[2024-03-06T07:52:26.349+0000] {processor.py:830} INFO - Processing file /opt/airflow/dags/welcome_dag.py for tasks to queue
[2024-03-06T07:52:26.357+0000] {logging_mixin.py:188} INFO - [2024-03-06T07:52:26.352+0000] {dagbag.py:540} INFO - Filling up the DagBag from /opt/airflow/dags/welcome_dag.py
[2024-03-06T07:52:26.462+0000] {processor.py:840} INFO - DAG(s) 'welcome_dag' retrieved from /opt/airflow/dags/welcome_dag.py
[2024-03-06T07:52:26.541+0000] {logging_mixin.py:188} INFO - [2024-03-06T07:52:26.541+0000] {dag.py:3047} INFO - Sync 1 DAGs
[2024-03-06T07:52:26.677+0000] {logging_mixin.py:188} INFO - [2024-03-06T07:52:26.677+0000] {dag.py:3834} INFO - Setting next_dagrun for welcome_dag to 2024-03-05 23:00:00+00:00, run_after=2024-03-06 23:00:00+00:00
[2024-03-06T07:52:26.830+0000] {processor.py:183} INFO - Processing /opt/airflow/dags/welcome_dag.py took 0.491 seconds
[2024-03-06T07:52:57.210+0000] {processor.py:161} INFO - Started process (PID=125) to work on /opt/airflow/dags/welcome_dag.py
[2024-03-06T07:52:57.216+0000] {processor.py:830} INFO - Processing file /opt/airflow/dags/welcome_dag.py for tasks to queue
[2024-03-06T07:52:57.221+0000] {logging_mixin.py:188} INFO - [2024-03-06T07:52:57.219+0000] {dagbag.py:540} INFO - Filling up the DagBag from /opt/airflow/dags/welcome_dag.py
[2024-03-06T07:52:57.365+0000] {processor.py:840} INFO - DAG(s) 'welcome_dag' retrieved from /opt/airflow/dags/welcome_dag.py
[2024-03-06T07:52:57.527+0000] {logging_mixin.py:188} INFO - [2024-03-06T07:52:57.527+0000] {dag.py:3047} INFO - Sync 1 DAGs
[2024-03-06T07:52:57.648+0000] {logging_mixin.py:188} INFO - [2024-03-06T07:52:57.647+0000] {dag.py:3834} INFO - Setting next_dagrun for welcome_dag to 2024-03-05 23:00:00+00:00, run_after=2024-03-06 23:00:00+00:00
[2024-03-06T07:52:57.944+0000] {processor.py:183} INFO - Processing /opt/airflow/dags/welcome_dag.py took 0.751 seconds
[2024-03-06T07:53:28.368+0000] {processor.py:161} INFO - Started process (PID=126) to work on /opt/airflow/dags/welcome_dag.py
[2024-03-06T07:53:28.374+0000] {processor.py:830} INFO - Processing file /opt/airflow/dags/welcome_dag.py for tasks to queue
[2024-03-06T07:53:28.379+0000] {logging_mixin.py:188} INFO - [2024-03-06T07:53:28.377+0000] {dagbag.py:540} INFO - Filling up the DagBag from /opt/airflow/dags/welcome_dag.py
[2024-03-06T07:53:28.545+0000] {processor.py:840} INFO - DAG(s) 'welcome_dag' retrieved from /opt/airflow/dags/welcome_dag.py
[2024-03-06T07:53:28.712+0000] {logging_mixin.py:188} INFO - [2024-03-06T07:53:28.711+0000] {dag.py:3047} INFO - Sync 1 DAGs
[2024-03-06T07:53:28.785+0000] {logging_mixin.py:188} INFO - [2024-03-06T07:53:28.785+0000] {dag.py:3834} INFO - Setting next_dagrun for welcome_dag to 2024-03-05 23:00:00+00:00, run_after=2024-03-06 23:00:00+00:00
[2024-03-06T07:53:29.066+0000] {processor.py:183} INFO - Processing /opt/airflow/dags/welcome_dag.py took 0.710 seconds
[2024-03-06T07:53:59.973+0000] {processor.py:161} INFO - Started process (PID=127) to work on /opt/airflow/dags/welcome_dag.py
[2024-03-06T07:53:59.985+0000] {processor.py:830} INFO - Processing file /opt/airflow/dags/welcome_dag.py for tasks to queue
[2024-03-06T07:53:59.994+0000] {logging_mixin.py:188} INFO - [2024-03-06T07:53:59.991+0000] {dagbag.py:540} INFO - Filling up the DagBag from /opt/airflow/dags/welcome_dag.py
[2024-03-06T07:54:00.174+0000] {processor.py:840} INFO - DAG(s) 'welcome_dag' retrieved from /opt/airflow/dags/welcome_dag.py
[2024-03-06T07:54:00.348+0000] {logging_mixin.py:188} INFO - [2024-03-06T07:54:00.346+0000] {dag.py:3047} INFO - Sync 1 DAGs
[2024-03-06T07:54:00.474+0000] {logging_mixin.py:188} INFO - [2024-03-06T07:54:00.474+0000] {dag.py:3834} INFO - Setting next_dagrun for welcome_dag to 2024-03-05 23:00:00+00:00, run_after=2024-03-06 23:00:00+00:00
[2024-03-06T07:54:00.780+0000] {processor.py:183} INFO - Processing /opt/airflow/dags/welcome_dag.py took 0.866 seconds
[2024-03-06T07:54:31.382+0000] {processor.py:161} INFO - Started process (PID=128) to work on /opt/airflow/dags/welcome_dag.py
[2024-03-06T07:54:31.388+0000] {processor.py:830} INFO - Processing file /opt/airflow/dags/welcome_dag.py for tasks to queue
[2024-03-06T07:54:31.392+0000] {logging_mixin.py:188} INFO - [2024-03-06T07:54:31.391+0000] {dagbag.py:540} INFO - Filling up the DagBag from /opt/airflow/dags/welcome_dag.py
[2024-03-06T07:54:31.553+0000] {processor.py:840} INFO - DAG(s) 'welcome_dag' retrieved from /opt/airflow/dags/welcome_dag.py
[2024-03-06T07:54:31.702+0000] {logging_mixin.py:188} INFO - [2024-03-06T07:54:31.700+0000] {dag.py:3047} INFO - Sync 1 DAGs
[2024-03-06T07:54:31.818+0000] {logging_mixin.py:188} INFO - [2024-03-06T07:54:31.818+0000] {dag.py:3834} INFO - Setting next_dagrun for welcome_dag to 2024-03-05 23:00:00+00:00, run_after=2024-03-06 23:00:00+00:00
[2024-03-06T07:54:31.998+0000] {processor.py:183} INFO - Processing /opt/airflow/dags/welcome_dag.py took 0.633 seconds
[2024-03-06T07:55:02.829+0000] {processor.py:161} INFO - Started process (PID=129) to work on /opt/airflow/dags/welcome_dag.py
[2024-03-06T07:55:02.835+0000] {processor.py:830} INFO - Processing file /opt/airflow/dags/welcome_dag.py for tasks to queue
[2024-03-06T07:55:02.840+0000] {logging_mixin.py:188} INFO - [2024-03-06T07:55:02.839+0000] {dagbag.py:540} INFO - Filling up the DagBag from /opt/airflow/dags/welcome_dag.py
[2024-03-06T07:55:03.046+0000] {processor.py:840} INFO - DAG(s) 'welcome_dag' retrieved from /opt/airflow/dags/welcome_dag.py
[2024-03-06T07:55:03.215+0000] {logging_mixin.py:188} INFO - [2024-03-06T07:55:03.214+0000] {dag.py:3047} INFO - Sync 1 DAGs
[2024-03-06T07:55:03.332+0000] {logging_mixin.py:188} INFO - [2024-03-06T07:55:03.331+0000] {dag.py:3834} INFO - Setting next_dagrun for welcome_dag to 2024-03-05 23:00:00+00:00, run_after=2024-03-06 23:00:00+00:00
[2024-03-06T07:55:03.647+0000] {processor.py:183} INFO - Processing /opt/airflow/dags/welcome_dag.py took 0.831 seconds
[2024-03-06T07:55:34.386+0000] {processor.py:161} INFO - Started process (PID=130) to work on /opt/airflow/dags/welcome_dag.py
[2024-03-06T07:55:34.390+0000] {processor.py:830} INFO - Processing file /opt/airflow/dags/welcome_dag.py for tasks to queue
[2024-03-06T07:55:34.396+0000] {logging_mixin.py:188} INFO - [2024-03-06T07:55:34.393+0000] {dagbag.py:540} INFO - Filling up the DagBag from /opt/airflow/dags/welcome_dag.py
[2024-03-06T07:55:34.538+0000] {processor.py:840} INFO - DAG(s) 'welcome_dag' retrieved from /opt/airflow/dags/welcome_dag.py
[2024-03-06T07:55:34.684+0000] {logging_mixin.py:188} INFO - [2024-03-06T07:55:34.683+0000] {dag.py:3047} INFO - Sync 1 DAGs
[2024-03-06T07:55:34.768+0000] {logging_mixin.py:188} INFO - [2024-03-06T07:55:34.767+0000] {dag.py:3834} INFO - Setting next_dagrun for welcome_dag to 2024-03-05 23:00:00+00:00, run_after=2024-03-06 23:00:00+00:00
[2024-03-06T07:55:34.970+0000] {processor.py:183} INFO - Processing /opt/airflow/dags/welcome_dag.py took 0.596 seconds
[2024-03-06T07:56:05.472+0000] {processor.py:161} INFO - Started process (PID=131) to work on /opt/airflow/dags/welcome_dag.py
[2024-03-06T07:56:05.476+0000] {processor.py:830} INFO - Processing file /opt/airflow/dags/welcome_dag.py for tasks to queue
[2024-03-06T07:56:05.479+0000] {logging_mixin.py:188} INFO - [2024-03-06T07:56:05.478+0000] {dagbag.py:540} INFO - Filling up the DagBag from /opt/airflow/dags/welcome_dag.py
[2024-03-06T07:56:05.562+0000] {processor.py:840} INFO - DAG(s) 'welcome_dag' retrieved from /opt/airflow/dags/welcome_dag.py
[2024-03-06T07:56:05.644+0000] {logging_mixin.py:188} INFO - [2024-03-06T07:56:05.643+0000] {dag.py:3047} INFO - Sync 1 DAGs
[2024-03-06T07:56:05.711+0000] {logging_mixin.py:188} INFO - [2024-03-06T07:56:05.710+0000] {dag.py:3834} INFO - Setting next_dagrun for welcome_dag to 2024-03-05 23:00:00+00:00, run_after=2024-03-06 23:00:00+00:00
[2024-03-06T07:56:05.888+0000] {processor.py:183} INFO - Processing /opt/airflow/dags/welcome_dag.py took 0.423 seconds
[2024-03-06T07:56:36.422+0000] {processor.py:161} INFO - Started process (PID=132) to work on /opt/airflow/dags/welcome_dag.py
[2024-03-06T07:56:36.437+0000] {processor.py:830} INFO - Processing file /opt/airflow/dags/welcome_dag.py for tasks to queue
[2024-03-06T07:56:36.443+0000] {logging_mixin.py:188} INFO - [2024-03-06T07:56:36.441+0000] {dagbag.py:540} INFO - Filling up the DagBag from /opt/airflow/dags/welcome_dag.py
[2024-03-06T07:56:36.611+0000] {processor.py:840} INFO - DAG(s) 'welcome_dag' retrieved from /opt/airflow/dags/welcome_dag.py
[2024-03-06T07:56:36.748+0000] {logging_mixin.py:188} INFO - [2024-03-06T07:56:36.747+0000] {dag.py:3047} INFO - Sync 1 DAGs
[2024-03-06T07:56:36.899+0000] {logging_mixin.py:188} INFO - [2024-03-06T07:56:36.897+0000] {dag.py:3834} INFO - Setting next_dagrun for welcome_dag to 2024-03-05 23:00:00+00:00, run_after=2024-03-06 23:00:00+00:00
[2024-03-06T07:56:37.236+0000] {processor.py:183} INFO - Processing /opt/airflow/dags/welcome_dag.py took 0.854 seconds
[2024-03-06T07:57:08.212+0000] {processor.py:161} INFO - Started process (PID=133) to work on /opt/airflow/dags/welcome_dag.py
[2024-03-06T07:57:08.214+0000] {processor.py:830} INFO - Processing file /opt/airflow/dags/welcome_dag.py for tasks to queue
[2024-03-06T07:57:08.217+0000] {logging_mixin.py:188} INFO - [2024-03-06T07:57:08.216+0000] {dagbag.py:540} INFO - Filling up the DagBag from /opt/airflow/dags/welcome_dag.py
[2024-03-06T07:57:08.290+0000] {processor.py:840} INFO - DAG(s) 'welcome_dag' retrieved from /opt/airflow/dags/welcome_dag.py
[2024-03-06T07:57:08.361+0000] {logging_mixin.py:188} INFO - [2024-03-06T07:57:08.361+0000] {dag.py:3047} INFO - Sync 1 DAGs
[2024-03-06T07:57:08.424+0000] {logging_mixin.py:188} INFO - [2024-03-06T07:57:08.423+0000] {dag.py:3834} INFO - Setting next_dagrun for welcome_dag to 2024-03-05 23:00:00+00:00, run_after=2024-03-06 23:00:00+00:00
[2024-03-06T07:57:08.599+0000] {processor.py:183} INFO - Processing /opt/airflow/dags/welcome_dag.py took 0.394 seconds
[2024-03-06T07:57:38.940+0000] {processor.py:161} INFO - Started process (PID=134) to work on /opt/airflow/dags/welcome_dag.py
[2024-03-06T07:57:38.941+0000] {processor.py:830} INFO - Processing file /opt/airflow/dags/welcome_dag.py for tasks to queue
[2024-03-06T07:57:38.942+0000] {logging_mixin.py:188} INFO - [2024-03-06T07:57:38.942+0000] {dagbag.py:540} INFO - Filling up the DagBag from /opt/airflow/dags/welcome_dag.py
[2024-03-06T07:57:38.969+0000] {processor.py:840} INFO - DAG(s) 'welcome_dag' retrieved from /opt/airflow/dags/welcome_dag.py
[2024-03-06T07:57:39.002+0000] {logging_mixin.py:188} INFO - [2024-03-06T07:57:39.002+0000] {dag.py:3047} INFO - Sync 1 DAGs
[2024-03-06T07:57:39.031+0000] {logging_mixin.py:188} INFO - [2024-03-06T07:57:39.031+0000] {dag.py:3834} INFO - Setting next_dagrun for welcome_dag to 2024-03-05 23:00:00+00:00, run_after=2024-03-06 23:00:00+00:00
[2024-03-06T07:57:39.104+0000] {processor.py:183} INFO - Processing /opt/airflow/dags/welcome_dag.py took 0.167 seconds
[2024-03-06T07:58:09.955+0000] {processor.py:161} INFO - Started process (PID=135) to work on /opt/airflow/dags/welcome_dag.py
[2024-03-06T07:58:09.957+0000] {processor.py:830} INFO - Processing file /opt/airflow/dags/welcome_dag.py for tasks to queue
[2024-03-06T07:58:09.959+0000] {logging_mixin.py:188} INFO - [2024-03-06T07:58:09.958+0000] {dagbag.py:540} INFO - Filling up the DagBag from /opt/airflow/dags/welcome_dag.py
[2024-03-06T07:58:10.003+0000] {processor.py:840} INFO - DAG(s) 'welcome_dag' retrieved from /opt/airflow/dags/welcome_dag.py
[2024-03-06T07:58:10.054+0000] {logging_mixin.py:188} INFO - [2024-03-06T07:58:10.054+0000] {dag.py:3047} INFO - Sync 1 DAGs
[2024-03-06T07:58:10.092+0000] {logging_mixin.py:188} INFO - [2024-03-06T07:58:10.092+0000] {dag.py:3834} INFO - Setting next_dagrun for welcome_dag to 2024-03-05 23:00:00+00:00, run_after=2024-03-06 23:00:00+00:00
[2024-03-06T07:58:10.191+0000] {processor.py:183} INFO - Processing /opt/airflow/dags/welcome_dag.py took 0.239 seconds
[2024-03-06T07:58:40.891+0000] {processor.py:161} INFO - Started process (PID=136) to work on /opt/airflow/dags/welcome_dag.py
[2024-03-06T07:58:40.893+0000] {processor.py:830} INFO - Processing file /opt/airflow/dags/welcome_dag.py for tasks to queue
[2024-03-06T07:58:40.895+0000] {logging_mixin.py:188} INFO - [2024-03-06T07:58:40.894+0000] {dagbag.py:540} INFO - Filling up the DagBag from /opt/airflow/dags/welcome_dag.py
[2024-03-06T07:58:40.944+0000] {processor.py:840} INFO - DAG(s) 'welcome_dag' retrieved from /opt/airflow/dags/welcome_dag.py
[2024-03-06T07:58:40.992+0000] {logging_mixin.py:188} INFO - [2024-03-06T07:58:40.992+0000] {dag.py:3047} INFO - Sync 1 DAGs
[2024-03-06T07:58:41.034+0000] {logging_mixin.py:188} INFO - [2024-03-06T07:58:41.034+0000] {dag.py:3834} INFO - Setting next_dagrun for welcome_dag to 2024-03-05 23:00:00+00:00, run_after=2024-03-06 23:00:00+00:00
[2024-03-06T07:58:41.128+0000] {processor.py:183} INFO - Processing /opt/airflow/dags/welcome_dag.py took 0.253 seconds
[2024-03-06T07:59:11.838+0000] {processor.py:161} INFO - Started process (PID=137) to work on /opt/airflow/dags/welcome_dag.py
[2024-03-06T07:59:11.842+0000] {processor.py:830} INFO - Processing file /opt/airflow/dags/welcome_dag.py for tasks to queue
[2024-03-06T07:59:11.843+0000] {logging_mixin.py:188} INFO - [2024-03-06T07:59:11.843+0000] {dagbag.py:540} INFO - Filling up the DagBag from /opt/airflow/dags/welcome_dag.py
[2024-03-06T07:59:11.880+0000] {processor.py:840} INFO - DAG(s) 'welcome_dag' retrieved from /opt/airflow/dags/welcome_dag.py
[2024-03-06T07:59:11.922+0000] {logging_mixin.py:188} INFO - [2024-03-06T07:59:11.922+0000] {dag.py:3047} INFO - Sync 1 DAGs
[2024-03-06T07:59:11.954+0000] {logging_mixin.py:188} INFO - [2024-03-06T07:59:11.954+0000] {dag.py:3834} INFO - Setting next_dagrun for welcome_dag to 2024-03-05 23:00:00+00:00, run_after=2024-03-06 23:00:00+00:00
[2024-03-06T07:59:12.033+0000] {processor.py:183} INFO - Processing /opt/airflow/dags/welcome_dag.py took 0.202 seconds
[2024-03-06T07:59:42.382+0000] {processor.py:161} INFO - Started process (PID=138) to work on /opt/airflow/dags/welcome_dag.py
[2024-03-06T07:59:42.383+0000] {processor.py:830} INFO - Processing file /opt/airflow/dags/welcome_dag.py for tasks to queue
[2024-03-06T07:59:42.385+0000] {logging_mixin.py:188} INFO - [2024-03-06T07:59:42.384+0000] {dagbag.py:540} INFO - Filling up the DagBag from /opt/airflow/dags/welcome_dag.py
[2024-03-06T07:59:42.418+0000] {processor.py:840} INFO - DAG(s) 'welcome_dag' retrieved from /opt/airflow/dags/welcome_dag.py
[2024-03-06T07:59:42.459+0000] {logging_mixin.py:188} INFO - [2024-03-06T07:59:42.458+0000] {dag.py:3047} INFO - Sync 1 DAGs
[2024-03-06T07:59:42.492+0000] {logging_mixin.py:188} INFO - [2024-03-06T07:59:42.492+0000] {dag.py:3834} INFO - Setting next_dagrun for welcome_dag to 2024-03-05 23:00:00+00:00, run_after=2024-03-06 23:00:00+00:00
[2024-03-06T07:59:42.573+0000] {processor.py:183} INFO - Processing /opt/airflow/dags/welcome_dag.py took 0.196 seconds
[2024-03-06T08:00:12.971+0000] {processor.py:161} INFO - Started process (PID=139) to work on /opt/airflow/dags/welcome_dag.py
[2024-03-06T08:00:12.973+0000] {processor.py:830} INFO - Processing file /opt/airflow/dags/welcome_dag.py for tasks to queue
[2024-03-06T08:00:12.974+0000] {logging_mixin.py:188} INFO - [2024-03-06T08:00:12.974+0000] {dagbag.py:540} INFO - Filling up the DagBag from /opt/airflow/dags/welcome_dag.py
[2024-03-06T08:00:13.008+0000] {processor.py:840} INFO - DAG(s) 'welcome_dag' retrieved from /opt/airflow/dags/welcome_dag.py
[2024-03-06T08:00:13.047+0000] {logging_mixin.py:188} INFO - [2024-03-06T08:00:13.047+0000] {dag.py:3047} INFO - Sync 1 DAGs
[2024-03-06T08:00:13.083+0000] {logging_mixin.py:188} INFO - [2024-03-06T08:00:13.083+0000] {dag.py:3834} INFO - Setting next_dagrun for welcome_dag to 2024-03-05 23:00:00+00:00, run_after=2024-03-06 23:00:00+00:00
[2024-03-06T08:00:13.177+0000] {processor.py:183} INFO - Processing /opt/airflow/dags/welcome_dag.py took 0.210 seconds
[2024-03-06T08:00:43.555+0000] {processor.py:161} INFO - Started process (PID=140) to work on /opt/airflow/dags/welcome_dag.py
[2024-03-06T08:00:43.557+0000] {processor.py:830} INFO - Processing file /opt/airflow/dags/welcome_dag.py for tasks to queue
[2024-03-06T08:00:43.558+0000] {logging_mixin.py:188} INFO - [2024-03-06T08:00:43.557+0000] {dagbag.py:540} INFO - Filling up the DagBag from /opt/airflow/dags/welcome_dag.py
[2024-03-06T08:00:43.592+0000] {processor.py:840} INFO - DAG(s) 'welcome_dag' retrieved from /opt/airflow/dags/welcome_dag.py
[2024-03-06T08:00:43.630+0000] {logging_mixin.py:188} INFO - [2024-03-06T08:00:43.630+0000] {dag.py:3047} INFO - Sync 1 DAGs
[2024-03-06T08:00:43.667+0000] {logging_mixin.py:188} INFO - [2024-03-06T08:00:43.667+0000] {dag.py:3834} INFO - Setting next_dagrun for welcome_dag to 2024-03-05 23:00:00+00:00, run_after=2024-03-06 23:00:00+00:00
[2024-03-06T08:00:43.765+0000] {processor.py:183} INFO - Processing /opt/airflow/dags/welcome_dag.py took 0.213 seconds
[2024-03-06T08:01:14.160+0000] {processor.py:161} INFO - Started process (PID=141) to work on /opt/airflow/dags/welcome_dag.py
[2024-03-06T08:01:14.164+0000] {processor.py:830} INFO - Processing file /opt/airflow/dags/welcome_dag.py for tasks to queue
[2024-03-06T08:01:14.167+0000] {logging_mixin.py:188} INFO - [2024-03-06T08:01:14.166+0000] {dagbag.py:540} INFO - Filling up the DagBag from /opt/airflow/dags/welcome_dag.py
[2024-03-06T08:01:14.226+0000] {processor.py:840} INFO - DAG(s) 'welcome_dag' retrieved from /opt/airflow/dags/welcome_dag.py
[2024-03-06T08:01:14.266+0000] {logging_mixin.py:188} INFO - [2024-03-06T08:01:14.266+0000] {dag.py:3047} INFO - Sync 1 DAGs
[2024-03-06T08:01:14.322+0000] {logging_mixin.py:188} INFO - [2024-03-06T08:01:14.322+0000] {dag.py:3834} INFO - Setting next_dagrun for welcome_dag to 2024-03-05 23:00:00+00:00, run_after=2024-03-06 23:00:00+00:00
[2024-03-06T08:01:14.418+0000] {processor.py:183} INFO - Processing /opt/airflow/dags/welcome_dag.py took 0.262 seconds
[2024-03-06T08:01:44.502+0000] {processor.py:161} INFO - Started process (PID=142) to work on /opt/airflow/dags/welcome_dag.py
[2024-03-06T08:01:44.505+0000] {processor.py:830} INFO - Processing file /opt/airflow/dags/welcome_dag.py for tasks to queue
[2024-03-06T08:01:44.509+0000] {logging_mixin.py:188} INFO - [2024-03-06T08:01:44.507+0000] {dagbag.py:540} INFO - Filling up the DagBag from /opt/airflow/dags/welcome_dag.py
[2024-03-06T08:01:44.553+0000] {processor.py:840} INFO - DAG(s) 'welcome_dag' retrieved from /opt/airflow/dags/welcome_dag.py
[2024-03-06T08:01:44.615+0000] {logging_mixin.py:188} INFO - [2024-03-06T08:01:44.615+0000] {dag.py:3047} INFO - Sync 1 DAGs
[2024-03-06T08:01:44.666+0000] {logging_mixin.py:188} INFO - [2024-03-06T08:01:44.666+0000] {dag.py:3834} INFO - Setting next_dagrun for welcome_dag to 2024-03-05 23:00:00+00:00, run_after=2024-03-06 23:00:00+00:00
[2024-03-06T08:01:44.782+0000] {processor.py:183} INFO - Processing /opt/airflow/dags/welcome_dag.py took 0.291 seconds
[2024-03-06T08:02:15.217+0000] {processor.py:161} INFO - Started process (PID=143) to work on /opt/airflow/dags/welcome_dag.py
[2024-03-06T08:02:15.221+0000] {processor.py:830} INFO - Processing file /opt/airflow/dags/welcome_dag.py for tasks to queue
[2024-03-06T08:02:15.224+0000] {logging_mixin.py:188} INFO - [2024-03-06T08:02:15.223+0000] {dagbag.py:540} INFO - Filling up the DagBag from /opt/airflow/dags/welcome_dag.py
[2024-03-06T08:02:15.276+0000] {processor.py:840} INFO - DAG(s) 'welcome_dag' retrieved from /opt/airflow/dags/welcome_dag.py
[2024-03-06T08:02:15.313+0000] {logging_mixin.py:188} INFO - [2024-03-06T08:02:15.313+0000] {dag.py:3047} INFO - Sync 1 DAGs
[2024-03-06T08:02:15.426+0000] {logging_mixin.py:188} INFO - [2024-03-06T08:02:15.426+0000] {dag.py:3834} INFO - Setting next_dagrun for welcome_dag to 2024-03-05 23:00:00+00:00, run_after=2024-03-06 23:00:00+00:00
[2024-03-06T08:02:15.543+0000] {processor.py:183} INFO - Processing /opt/airflow/dags/welcome_dag.py took 0.339 seconds
[2024-03-06T08:02:45.855+0000] {processor.py:161} INFO - Started process (PID=144) to work on /opt/airflow/dags/welcome_dag.py
[2024-03-06T08:02:45.856+0000] {processor.py:830} INFO - Processing file /opt/airflow/dags/welcome_dag.py for tasks to queue
[2024-03-06T08:02:45.858+0000] {logging_mixin.py:188} INFO - [2024-03-06T08:02:45.857+0000] {dagbag.py:540} INFO - Filling up the DagBag from /opt/airflow/dags/welcome_dag.py
[2024-03-06T08:02:45.891+0000] {processor.py:840} INFO - DAG(s) 'welcome_dag' retrieved from /opt/airflow/dags/welcome_dag.py
[2024-03-06T08:02:45.938+0000] {logging_mixin.py:188} INFO - [2024-03-06T08:02:45.938+0000] {dag.py:3047} INFO - Sync 1 DAGs
[2024-03-06T08:02:45.986+0000] {logging_mixin.py:188} INFO - [2024-03-06T08:02:45.986+0000] {dag.py:3834} INFO - Setting next_dagrun for welcome_dag to 2024-03-05 23:00:00+00:00, run_after=2024-03-06 23:00:00+00:00
[2024-03-06T08:02:46.104+0000] {processor.py:183} INFO - Processing /opt/airflow/dags/welcome_dag.py took 0.253 seconds
[2024-03-06T08:03:16.514+0000] {processor.py:161} INFO - Started process (PID=145) to work on /opt/airflow/dags/welcome_dag.py
[2024-03-06T08:03:16.516+0000] {processor.py:830} INFO - Processing file /opt/airflow/dags/welcome_dag.py for tasks to queue
[2024-03-06T08:03:16.517+0000] {logging_mixin.py:188} INFO - [2024-03-06T08:03:16.516+0000] {dagbag.py:540} INFO - Filling up the DagBag from /opt/airflow/dags/welcome_dag.py
[2024-03-06T08:03:16.549+0000] {processor.py:840} INFO - DAG(s) 'welcome_dag' retrieved from /opt/airflow/dags/welcome_dag.py
[2024-03-06T08:03:16.588+0000] {logging_mixin.py:188} INFO - [2024-03-06T08:03:16.587+0000] {dag.py:3047} INFO - Sync 1 DAGs
[2024-03-06T08:03:16.621+0000] {logging_mixin.py:188} INFO - [2024-03-06T08:03:16.621+0000] {dag.py:3834} INFO - Setting next_dagrun for welcome_dag to 2024-03-05 23:00:00+00:00, run_after=2024-03-06 23:00:00+00:00
[2024-03-06T08:03:16.696+0000] {processor.py:183} INFO - Processing /opt/airflow/dags/welcome_dag.py took 0.184 seconds
[2024-03-06T08:03:46.935+0000] {processor.py:161} INFO - Started process (PID=146) to work on /opt/airflow/dags/welcome_dag.py
[2024-03-06T08:03:46.936+0000] {processor.py:830} INFO - Processing file /opt/airflow/dags/welcome_dag.py for tasks to queue
[2024-03-06T08:03:46.938+0000] {logging_mixin.py:188} INFO - [2024-03-06T08:03:46.937+0000] {dagbag.py:540} INFO - Filling up the DagBag from /opt/airflow/dags/welcome_dag.py
[2024-03-06T08:03:46.967+0000] {processor.py:840} INFO - DAG(s) 'welcome_dag' retrieved from /opt/airflow/dags/welcome_dag.py
[2024-03-06T08:03:47.007+0000] {logging_mixin.py:188} INFO - [2024-03-06T08:03:47.006+0000] {dag.py:3047} INFO - Sync 1 DAGs
[2024-03-06T08:03:47.057+0000] {logging_mixin.py:188} INFO - [2024-03-06T08:03:47.057+0000] {dag.py:3834} INFO - Setting next_dagrun for welcome_dag to 2024-03-05 23:00:00+00:00, run_after=2024-03-06 23:00:00+00:00
[2024-03-06T08:03:47.142+0000] {processor.py:183} INFO - Processing /opt/airflow/dags/welcome_dag.py took 0.210 seconds
[2024-03-06T08:04:17.598+0000] {processor.py:161} INFO - Started process (PID=147) to work on /opt/airflow/dags/welcome_dag.py
[2024-03-06T08:04:17.599+0000] {processor.py:830} INFO - Processing file /opt/airflow/dags/welcome_dag.py for tasks to queue
[2024-03-06T08:04:17.601+0000] {logging_mixin.py:188} INFO - [2024-03-06T08:04:17.600+0000] {dagbag.py:540} INFO - Filling up the DagBag from /opt/airflow/dags/welcome_dag.py
[2024-03-06T08:04:17.628+0000] {processor.py:840} INFO - DAG(s) 'welcome_dag' retrieved from /opt/airflow/dags/welcome_dag.py
[2024-03-06T08:04:17.661+0000] {logging_mixin.py:188} INFO - [2024-03-06T08:04:17.661+0000] {dag.py:3047} INFO - Sync 1 DAGs
[2024-03-06T08:04:17.692+0000] {logging_mixin.py:188} INFO - [2024-03-06T08:04:17.692+0000] {dag.py:3834} INFO - Setting next_dagrun for welcome_dag to 2024-03-05 23:00:00+00:00, run_after=2024-03-06 23:00:00+00:00
[2024-03-06T08:04:17.762+0000] {processor.py:183} INFO - Processing /opt/airflow/dags/welcome_dag.py took 0.167 seconds
[2024-03-06T08:04:48.095+0000] {processor.py:161} INFO - Started process (PID=148) to work on /opt/airflow/dags/welcome_dag.py
[2024-03-06T08:04:48.096+0000] {processor.py:830} INFO - Processing file /opt/airflow/dags/welcome_dag.py for tasks to queue
[2024-03-06T08:04:48.098+0000] {logging_mixin.py:188} INFO - [2024-03-06T08:04:48.097+0000] {dagbag.py:540} INFO - Filling up the DagBag from /opt/airflow/dags/welcome_dag.py
[2024-03-06T08:04:48.135+0000] {processor.py:840} INFO - DAG(s) 'welcome_dag' retrieved from /opt/airflow/dags/welcome_dag.py
[2024-03-06T08:04:48.178+0000] {logging_mixin.py:188} INFO - [2024-03-06T08:04:48.178+0000] {dag.py:3047} INFO - Sync 1 DAGs
[2024-03-06T08:04:48.212+0000] {logging_mixin.py:188} INFO - [2024-03-06T08:04:48.211+0000] {dag.py:3834} INFO - Setting next_dagrun for welcome_dag to 2024-03-05 23:00:00+00:00, run_after=2024-03-06 23:00:00+00:00
[2024-03-06T08:04:48.294+0000] {processor.py:183} INFO - Processing /opt/airflow/dags/welcome_dag.py took 0.203 seconds
[2024-03-06T08:05:18.493+0000] {processor.py:161} INFO - Started process (PID=149) to work on /opt/airflow/dags/welcome_dag.py
[2024-03-06T08:05:18.494+0000] {processor.py:830} INFO - Processing file /opt/airflow/dags/welcome_dag.py for tasks to queue
[2024-03-06T08:05:18.495+0000] {logging_mixin.py:188} INFO - [2024-03-06T08:05:18.495+0000] {dagbag.py:540} INFO - Filling up the DagBag from /opt/airflow/dags/welcome_dag.py
[2024-03-06T08:05:18.525+0000] {processor.py:840} INFO - DAG(s) 'welcome_dag' retrieved from /opt/airflow/dags/welcome_dag.py
[2024-03-06T08:05:18.561+0000] {logging_mixin.py:188} INFO - [2024-03-06T08:05:18.561+0000] {dag.py:3047} INFO - Sync 1 DAGs
[2024-03-06T08:05:18.594+0000] {logging_mixin.py:188} INFO - [2024-03-06T08:05:18.594+0000] {dag.py:3834} INFO - Setting next_dagrun for welcome_dag to 2024-03-05 23:00:00+00:00, run_after=2024-03-06 23:00:00+00:00
[2024-03-06T08:05:18.670+0000] {processor.py:183} INFO - Processing /opt/airflow/dags/welcome_dag.py took 0.180 seconds
[2024-03-06T08:05:48.995+0000] {processor.py:161} INFO - Started process (PID=150) to work on /opt/airflow/dags/welcome_dag.py
[2024-03-06T08:05:48.997+0000] {processor.py:830} INFO - Processing file /opt/airflow/dags/welcome_dag.py for tasks to queue
[2024-03-06T08:05:48.999+0000] {logging_mixin.py:188} INFO - [2024-03-06T08:05:48.998+0000] {dagbag.py:540} INFO - Filling up the DagBag from /opt/airflow/dags/welcome_dag.py
[2024-03-06T08:05:49.030+0000] {processor.py:840} INFO - DAG(s) 'welcome_dag' retrieved from /opt/airflow/dags/welcome_dag.py
[2024-03-06T08:05:49.068+0000] {logging_mixin.py:188} INFO - [2024-03-06T08:05:49.067+0000] {dag.py:3047} INFO - Sync 1 DAGs
[2024-03-06T08:05:49.099+0000] {logging_mixin.py:188} INFO - [2024-03-06T08:05:49.099+0000] {dag.py:3834} INFO - Setting next_dagrun for welcome_dag to 2024-03-05 23:00:00+00:00, run_after=2024-03-06 23:00:00+00:00
[2024-03-06T08:05:49.175+0000] {processor.py:183} INFO - Processing /opt/airflow/dags/welcome_dag.py took 0.183 seconds
[2024-03-06T08:06:19.220+0000] {processor.py:161} INFO - Started process (PID=151) to work on /opt/airflow/dags/welcome_dag.py
[2024-03-06T08:06:19.221+0000] {processor.py:830} INFO - Processing file /opt/airflow/dags/welcome_dag.py for tasks to queue
[2024-03-06T08:06:19.222+0000] {logging_mixin.py:188} INFO - [2024-03-06T08:06:19.222+0000] {dagbag.py:540} INFO - Filling up the DagBag from /opt/airflow/dags/welcome_dag.py
[2024-03-06T08:06:19.253+0000] {processor.py:840} INFO - DAG(s) 'welcome_dag' retrieved from /opt/airflow/dags/welcome_dag.py
[2024-03-06T08:06:19.290+0000] {logging_mixin.py:188} INFO - [2024-03-06T08:06:19.289+0000] {dag.py:3047} INFO - Sync 1 DAGs
[2024-03-06T08:06:19.324+0000] {logging_mixin.py:188} INFO - [2024-03-06T08:06:19.324+0000] {dag.py:3834} INFO - Setting next_dagrun for welcome_dag to 2024-03-05 23:00:00+00:00, run_after=2024-03-06 23:00:00+00:00
[2024-03-06T08:06:19.401+0000] {processor.py:183} INFO - Processing /opt/airflow/dags/welcome_dag.py took 0.187 seconds
[2024-03-06T08:06:49.772+0000] {processor.py:161} INFO - Started process (PID=152) to work on /opt/airflow/dags/welcome_dag.py
[2024-03-06T08:06:49.774+0000] {processor.py:830} INFO - Processing file /opt/airflow/dags/welcome_dag.py for tasks to queue
[2024-03-06T08:06:49.775+0000] {logging_mixin.py:188} INFO - [2024-03-06T08:06:49.775+0000] {dagbag.py:540} INFO - Filling up the DagBag from /opt/airflow/dags/welcome_dag.py
[2024-03-06T08:06:49.807+0000] {processor.py:840} INFO - DAG(s) 'welcome_dag' retrieved from /opt/airflow/dags/welcome_dag.py
[2024-03-06T08:06:49.849+0000] {logging_mixin.py:188} INFO - [2024-03-06T08:06:49.848+0000] {dag.py:3047} INFO - Sync 1 DAGs
[2024-03-06T08:06:49.885+0000] {logging_mixin.py:188} INFO - [2024-03-06T08:06:49.884+0000] {dag.py:3834} INFO - Setting next_dagrun for welcome_dag to 2024-03-05 23:00:00+00:00, run_after=2024-03-06 23:00:00+00:00
[2024-03-06T08:06:49.961+0000] {processor.py:183} INFO - Processing /opt/airflow/dags/welcome_dag.py took 0.196 seconds
[2024-03-06T08:07:20.428+0000] {processor.py:161} INFO - Started process (PID=153) to work on /opt/airflow/dags/welcome_dag.py
[2024-03-06T08:07:20.430+0000] {processor.py:830} INFO - Processing file /opt/airflow/dags/welcome_dag.py for tasks to queue
[2024-03-06T08:07:20.431+0000] {logging_mixin.py:188} INFO - [2024-03-06T08:07:20.431+0000] {dagbag.py:540} INFO - Filling up the DagBag from /opt/airflow/dags/welcome_dag.py
[2024-03-06T08:07:20.469+0000] {processor.py:840} INFO - DAG(s) 'welcome_dag' retrieved from /opt/airflow/dags/welcome_dag.py
[2024-03-06T08:07:20.505+0000] {logging_mixin.py:188} INFO - [2024-03-06T08:07:20.505+0000] {dag.py:3047} INFO - Sync 1 DAGs
[2024-03-06T08:07:20.535+0000] {logging_mixin.py:188} INFO - [2024-03-06T08:07:20.535+0000] {dag.py:3834} INFO - Setting next_dagrun for welcome_dag to 2024-03-05 23:00:00+00:00, run_after=2024-03-06 23:00:00+00:00
[2024-03-06T08:07:20.628+0000] {processor.py:183} INFO - Processing /opt/airflow/dags/welcome_dag.py took 0.205 seconds
[2024-03-06T08:07:50.925+0000] {processor.py:161} INFO - Started process (PID=154) to work on /opt/airflow/dags/welcome_dag.py
[2024-03-06T08:07:50.927+0000] {processor.py:830} INFO - Processing file /opt/airflow/dags/welcome_dag.py for tasks to queue
[2024-03-06T08:07:50.928+0000] {logging_mixin.py:188} INFO - [2024-03-06T08:07:50.927+0000] {dagbag.py:540} INFO - Filling up the DagBag from /opt/airflow/dags/welcome_dag.py
[2024-03-06T08:07:50.958+0000] {processor.py:840} INFO - DAG(s) 'welcome_dag' retrieved from /opt/airflow/dags/welcome_dag.py
[2024-03-06T08:07:50.991+0000] {logging_mixin.py:188} INFO - [2024-03-06T08:07:50.990+0000] {dag.py:3047} INFO - Sync 1 DAGs
[2024-03-06T08:07:51.020+0000] {logging_mixin.py:188} INFO - [2024-03-06T08:07:51.019+0000] {dag.py:3834} INFO - Setting next_dagrun for welcome_dag to 2024-03-05 23:00:00+00:00, run_after=2024-03-06 23:00:00+00:00
[2024-03-06T08:07:51.085+0000] {processor.py:183} INFO - Processing /opt/airflow/dags/welcome_dag.py took 0.162 seconds
[2024-03-06T08:08:21.388+0000] {processor.py:161} INFO - Started process (PID=155) to work on /opt/airflow/dags/welcome_dag.py
[2024-03-06T08:08:21.390+0000] {processor.py:830} INFO - Processing file /opt/airflow/dags/welcome_dag.py for tasks to queue
[2024-03-06T08:08:21.391+0000] {logging_mixin.py:188} INFO - [2024-03-06T08:08:21.391+0000] {dagbag.py:540} INFO - Filling up the DagBag from /opt/airflow/dags/welcome_dag.py
[2024-03-06T08:08:21.422+0000] {processor.py:840} INFO - DAG(s) 'welcome_dag' retrieved from /opt/airflow/dags/welcome_dag.py
[2024-03-06T08:08:21.458+0000] {logging_mixin.py:188} INFO - [2024-03-06T08:08:21.458+0000] {dag.py:3047} INFO - Sync 1 DAGs
[2024-03-06T08:08:21.492+0000] {logging_mixin.py:188} INFO - [2024-03-06T08:08:21.492+0000] {dag.py:3834} INFO - Setting next_dagrun for welcome_dag to 2024-03-05 23:00:00+00:00, run_after=2024-03-06 23:00:00+00:00
[2024-03-06T08:08:21.569+0000] {processor.py:183} INFO - Processing /opt/airflow/dags/welcome_dag.py took 0.184 seconds
[2024-03-06T08:08:51.896+0000] {processor.py:161} INFO - Started process (PID=156) to work on /opt/airflow/dags/welcome_dag.py
[2024-03-06T08:08:51.898+0000] {processor.py:830} INFO - Processing file /opt/airflow/dags/welcome_dag.py for tasks to queue
[2024-03-06T08:08:51.900+0000] {logging_mixin.py:188} INFO - [2024-03-06T08:08:51.899+0000] {dagbag.py:540} INFO - Filling up the DagBag from /opt/airflow/dags/welcome_dag.py
[2024-03-06T08:08:51.955+0000] {processor.py:840} INFO - DAG(s) 'welcome_dag' retrieved from /opt/airflow/dags/welcome_dag.py
[2024-03-06T08:08:52.058+0000] {logging_mixin.py:188} INFO - [2024-03-06T08:08:52.057+0000] {dag.py:3047} INFO - Sync 1 DAGs
[2024-03-06T08:08:52.188+0000] {logging_mixin.py:188} INFO - [2024-03-06T08:08:52.188+0000] {dag.py:3834} INFO - Setting next_dagrun for welcome_dag to 2024-03-05 23:00:00+00:00, run_after=2024-03-06 23:00:00+00:00
[2024-03-06T08:08:52.458+0000] {processor.py:183} INFO - Processing /opt/airflow/dags/welcome_dag.py took 0.568 seconds
[2024-03-06T08:09:22.946+0000] {processor.py:161} INFO - Started process (PID=157) to work on /opt/airflow/dags/welcome_dag.py
[2024-03-06T08:09:22.949+0000] {processor.py:830} INFO - Processing file /opt/airflow/dags/welcome_dag.py for tasks to queue
[2024-03-06T08:09:22.951+0000] {logging_mixin.py:188} INFO - [2024-03-06T08:09:22.950+0000] {dagbag.py:540} INFO - Filling up the DagBag from /opt/airflow/dags/welcome_dag.py
[2024-03-06T08:09:22.990+0000] {processor.py:840} INFO - DAG(s) 'welcome_dag' retrieved from /opt/airflow/dags/welcome_dag.py
[2024-03-06T08:09:23.029+0000] {logging_mixin.py:188} INFO - [2024-03-06T08:09:23.029+0000] {dag.py:3047} INFO - Sync 1 DAGs
[2024-03-06T08:09:23.062+0000] {logging_mixin.py:188} INFO - [2024-03-06T08:09:23.062+0000] {dag.py:3834} INFO - Setting next_dagrun for welcome_dag to 2024-03-05 23:00:00+00:00, run_after=2024-03-06 23:00:00+00:00
[2024-03-06T08:09:23.142+0000] {processor.py:183} INFO - Processing /opt/airflow/dags/welcome_dag.py took 0.213 seconds
[2024-03-06T08:09:53.439+0000] {processor.py:161} INFO - Started process (PID=158) to work on /opt/airflow/dags/welcome_dag.py
[2024-03-06T08:09:53.441+0000] {processor.py:830} INFO - Processing file /opt/airflow/dags/welcome_dag.py for tasks to queue
[2024-03-06T08:09:53.442+0000] {logging_mixin.py:188} INFO - [2024-03-06T08:09:53.441+0000] {dagbag.py:540} INFO - Filling up the DagBag from /opt/airflow/dags/welcome_dag.py
[2024-03-06T08:09:53.470+0000] {processor.py:840} INFO - DAG(s) 'welcome_dag' retrieved from /opt/airflow/dags/welcome_dag.py
[2024-03-06T08:09:53.508+0000] {logging_mixin.py:188} INFO - [2024-03-06T08:09:53.508+0000] {dag.py:3047} INFO - Sync 1 DAGs
[2024-03-06T08:09:53.540+0000] {logging_mixin.py:188} INFO - [2024-03-06T08:09:53.540+0000] {dag.py:3834} INFO - Setting next_dagrun for welcome_dag to 2024-03-05 23:00:00+00:00, run_after=2024-03-06 23:00:00+00:00
[2024-03-06T08:09:53.612+0000] {processor.py:183} INFO - Processing /opt/airflow/dags/welcome_dag.py took 0.177 seconds
[2024-03-06T08:10:23.682+0000] {processor.py:161} INFO - Started process (PID=159) to work on /opt/airflow/dags/welcome_dag.py
[2024-03-06T08:10:23.683+0000] {processor.py:830} INFO - Processing file /opt/airflow/dags/welcome_dag.py for tasks to queue
[2024-03-06T08:10:23.685+0000] {logging_mixin.py:188} INFO - [2024-03-06T08:10:23.684+0000] {dagbag.py:540} INFO - Filling up the DagBag from /opt/airflow/dags/welcome_dag.py
[2024-03-06T08:10:23.716+0000] {processor.py:840} INFO - DAG(s) 'welcome_dag' retrieved from /opt/airflow/dags/welcome_dag.py
[2024-03-06T08:10:23.753+0000] {logging_mixin.py:188} INFO - [2024-03-06T08:10:23.753+0000] {dag.py:3047} INFO - Sync 1 DAGs
[2024-03-06T08:10:23.785+0000] {logging_mixin.py:188} INFO - [2024-03-06T08:10:23.785+0000] {dag.py:3834} INFO - Setting next_dagrun for welcome_dag to 2024-03-05 23:00:00+00:00, run_after=2024-03-06 23:00:00+00:00
[2024-03-06T08:10:23.873+0000] {processor.py:183} INFO - Processing /opt/airflow/dags/welcome_dag.py took 0.194 seconds
[2024-03-06T08:10:54.231+0000] {processor.py:161} INFO - Started process (PID=160) to work on /opt/airflow/dags/welcome_dag.py
[2024-03-06T08:10:54.233+0000] {processor.py:830} INFO - Processing file /opt/airflow/dags/welcome_dag.py for tasks to queue
[2024-03-06T08:10:54.235+0000] {logging_mixin.py:188} INFO - [2024-03-06T08:10:54.234+0000] {dagbag.py:540} INFO - Filling up the DagBag from /opt/airflow/dags/welcome_dag.py
[2024-03-06T08:10:54.266+0000] {processor.py:840} INFO - DAG(s) 'welcome_dag' retrieved from /opt/airflow/dags/welcome_dag.py
[2024-03-06T08:10:54.297+0000] {logging_mixin.py:188} INFO - [2024-03-06T08:10:54.296+0000] {dag.py:3047} INFO - Sync 1 DAGs
[2024-03-06T08:10:54.327+0000] {logging_mixin.py:188} INFO - [2024-03-06T08:10:54.326+0000] {dag.py:3834} INFO - Setting next_dagrun for welcome_dag to 2024-03-05 23:00:00+00:00, run_after=2024-03-06 23:00:00+00:00
[2024-03-06T08:10:54.400+0000] {processor.py:183} INFO - Processing /opt/airflow/dags/welcome_dag.py took 0.174 seconds
[2024-03-06T08:11:24.543+0000] {processor.py:161} INFO - Started process (PID=161) to work on /opt/airflow/dags/welcome_dag.py
[2024-03-06T08:11:24.544+0000] {processor.py:830} INFO - Processing file /opt/airflow/dags/welcome_dag.py for tasks to queue
[2024-03-06T08:11:24.545+0000] {logging_mixin.py:188} INFO - [2024-03-06T08:11:24.545+0000] {dagbag.py:540} INFO - Filling up the DagBag from /opt/airflow/dags/welcome_dag.py
[2024-03-06T08:11:24.575+0000] {processor.py:840} INFO - DAG(s) 'welcome_dag' retrieved from /opt/airflow/dags/welcome_dag.py
[2024-03-06T08:11:24.608+0000] {logging_mixin.py:188} INFO - [2024-03-06T08:11:24.608+0000] {dag.py:3047} INFO - Sync 1 DAGs
[2024-03-06T08:11:24.641+0000] {logging_mixin.py:188} INFO - [2024-03-06T08:11:24.640+0000] {dag.py:3834} INFO - Setting next_dagrun for welcome_dag to 2024-03-05 23:00:00+00:00, run_after=2024-03-06 23:00:00+00:00
[2024-03-06T08:11:24.737+0000] {processor.py:183} INFO - Processing /opt/airflow/dags/welcome_dag.py took 0.198 seconds
