[2024-03-06T06:46:19.492+0000] {manager.py:469} INFO - Processing files using up to 1 processes at a time 
[2024-03-06T06:46:19.494+0000] {manager.py:470} INFO - Process each file at most once every 30 seconds
[2024-03-06T06:46:19.496+0000] {manager.py:471} INFO - Checking for new files in /opt/airflow/dags every 300 seconds
[2024-03-06T06:46:19.497+0000] {manager.py:738} INFO - Searching for files in /opt/airflow/dags
[2024-03-06T06:46:19.500+0000] {manager.py:741} INFO - There are 0 files in /opt/airflow/dags
[2024-03-06T06:51:19.519+0000] {manager.py:738} INFO - Searching for files in /opt/airflow/dags
[2024-03-06T06:51:19.539+0000] {manager.py:741} INFO - There are 0 files in /opt/airflow/dags
[2024-03-06T06:56:19.770+0000] {manager.py:738} INFO - Searching for files in /opt/airflow/dags
[2024-03-06T06:56:19.801+0000] {manager.py:741} INFO - There are 1 files in /opt/airflow/dags
[2024-03-06T06:56:29.441+0000] {manager.py:879} INFO - 
================================================================================
DAG File Processing Stats

File Path                         PID    Runtime      # DAGs    # Errors  Last Runtime    Last Run
--------------------------------  -----  ---------  --------  ----------  --------------  -------------------
/opt/airflow/dags/welcome_dag.py                           1           0  1.20s           2024-03-06T06:56:21
================================================================================
[2024-03-06T06:56:59.884+0000] {manager.py:879} INFO - 
================================================================================
DAG File Processing Stats

File Path                         PID    Runtime      # DAGs    # Errors  Last Runtime    Last Run
--------------------------------  -----  ---------  --------  ----------  --------------  -------------------
/opt/airflow/dags/welcome_dag.py                           1           0  0.25s           2024-03-06T06:56:52
================================================================================
[2024-03-06T06:57:30.204+0000] {manager.py:879} INFO - 
================================================================================
DAG File Processing Stats

File Path                         PID    Runtime      # DAGs    # Errors  Last Runtime    Last Run
--------------------------------  -----  ---------  --------  ----------  --------------  -------------------
/opt/airflow/dags/welcome_dag.py                           1           0  0.31s           2024-03-06T06:57:22
================================================================================
[2024-03-06T06:58:01.074+0000] {manager.py:879} INFO - 
================================================================================
DAG File Processing Stats

File Path                         PID    Runtime      # DAGs    # Errors  Last Runtime    Last Run
--------------------------------  -----  ---------  --------  ----------  --------------  -------------------
/opt/airflow/dags/welcome_dag.py                           1           0  0.21s           2024-03-06T06:57:53
================================================================================
[2024-03-06T06:58:31.407+0000] {manager.py:879} INFO - 
================================================================================
DAG File Processing Stats

File Path                         PID    Runtime      # DAGs    # Errors  Last Runtime    Last Run
--------------------------------  -----  ---------  --------  ----------  --------------  -------------------
/opt/airflow/dags/welcome_dag.py                           1           0  0.62s           2024-03-06T06:58:24
================================================================================
[2024-03-06T06:59:01.713+0000] {manager.py:879} INFO - 
================================================================================
DAG File Processing Stats

File Path                         PID    Runtime      # DAGs    # Errors  Last Runtime    Last Run
--------------------------------  -----  ---------  --------  ----------  --------------  -------------------
/opt/airflow/dags/welcome_dag.py                           1           0  0.61s           2024-03-06T06:58:55
================================================================================
[2024-03-06T06:59:32.054+0000] {manager.py:879} INFO - 
================================================================================
DAG File Processing Stats

File Path                         PID    Runtime      # DAGs    # Errors  Last Runtime    Last Run
--------------------------------  -----  ---------  --------  ----------  --------------  -------------------
/opt/airflow/dags/welcome_dag.py                           1           0  0.33s           2024-03-06T06:59:25
================================================================================
[2024-03-06T07:00:02.557+0000] {manager.py:879} INFO - 
================================================================================
DAG File Processing Stats

File Path                         PID    Runtime      # DAGs    # Errors  Last Runtime    Last Run
--------------------------------  -----  ---------  --------  ----------  --------------  -------------------
/opt/airflow/dags/welcome_dag.py                           1           0  0.72s           2024-03-06T06:59:56
================================================================================
[2024-03-06T07:45:51.919+0000] {manager.py:738} INFO - Searching for files in /opt/airflow/dags
[2024-03-06T07:45:52.436+0000] {manager.py:741} INFO - There are 1 files in /opt/airflow/dags
[2024-03-06T07:46:02.376+0000] {manager.py:879} INFO - 
================================================================================
DAG File Processing Stats

File Path                         PID    Runtime      # DAGs    # Errors  Last Runtime    Last Run
--------------------------------  -----  ---------  --------  ----------  --------------  -------------------
/opt/airflow/dags/welcome_dag.py                           1           0  5.46s           2024-03-06T07:46:02
================================================================================
[2024-03-06T07:46:33.459+0000] {manager.py:879} INFO - 
================================================================================
DAG File Processing Stats

File Path                         PID    Runtime      # DAGs    # Errors  Last Runtime    Last Run
--------------------------------  -----  ---------  --------  ----------  --------------  -------------------
/opt/airflow/dags/welcome_dag.py                           1           0  0.73s           2024-03-06T07:46:33
================================================================================
[2024-03-06T07:47:04.375+0000] {manager.py:879} INFO - 
================================================================================
DAG File Processing Stats

File Path                         PID    Runtime      # DAGs    # Errors  Last Runtime    Last Run
--------------------------------  -----  ---------  --------  ----------  --------------  -------------------
/opt/airflow/dags/welcome_dag.py                           1           0  0.71s           2024-03-06T07:47:04
================================================================================
[2024-03-06T07:47:36.983+0000] {manager.py:879} INFO - 
================================================================================
DAG File Processing Stats

File Path                         PID    Runtime      # DAGs    # Errors  Last Runtime    Last Run
--------------------------------  -----  ---------  --------  ----------  --------------  -------------------
/opt/airflow/dags/welcome_dag.py                           1           0  2.25s           2024-03-06T07:47:36
================================================================================
[2024-03-06T07:48:08.265+0000] {manager.py:879} INFO - 
================================================================================
DAG File Processing Stats

File Path                         PID    Runtime      # DAGs    # Errors  Last Runtime    Last Run
--------------------------------  -----  ---------  --------  ----------  --------------  -------------------
/opt/airflow/dags/welcome_dag.py                           1           0  0.85s           2024-03-06T07:48:08
================================================================================
[2024-03-06T07:48:39.757+0000] {manager.py:879} INFO - 
================================================================================
DAG File Processing Stats

File Path                         PID    Runtime      # DAGs    # Errors  Last Runtime    Last Run
--------------------------------  -----  ---------  --------  ----------  --------------  -------------------
/opt/airflow/dags/welcome_dag.py                           1           0  0.83s           2024-03-06T07:48:39
================================================================================
[2024-03-06T07:49:11.120+0000] {manager.py:879} INFO - 
================================================================================
DAG File Processing Stats

File Path                         PID    Runtime      # DAGs    # Errors  Last Runtime    Last Run
--------------------------------  -----  ---------  --------  ----------  --------------  -------------------
/opt/airflow/dags/welcome_dag.py                           1           0  0.73s           2024-03-06T07:49:11
================================================================================
[2024-03-06T07:49:42.269+0000] {manager.py:879} INFO - 
================================================================================
DAG File Processing Stats

File Path                         PID    Runtime      # DAGs    # Errors  Last Runtime    Last Run
--------------------------------  -----  ---------  --------  ----------  --------------  -------------------
/opt/airflow/dags/welcome_dag.py                           1           0  0.73s           2024-03-06T07:49:42
================================================================================
[2024-03-06T07:50:14.554+0000] {manager.py:879} INFO - 
================================================================================
DAG File Processing Stats

File Path                         PID    Runtime      # DAGs    # Errors  Last Runtime    Last Run
--------------------------------  -----  ---------  --------  ----------  --------------  -------------------
/opt/airflow/dags/welcome_dag.py                           1           0  1.64s           2024-03-06T07:50:14
================================================================================
[2024-03-06T07:50:46.145+0000] {manager.py:879} INFO - 
================================================================================
DAG File Processing Stats

File Path                         PID    Runtime      # DAGs    # Errors  Last Runtime    Last Run
--------------------------------  -----  ---------  --------  ----------  --------------  -------------------
/opt/airflow/dags/welcome_dag.py                           1           0  0.83s           2024-03-06T07:50:46
================================================================================
[2024-03-06T07:50:52.282+0000] {manager.py:738} INFO - Searching for files in /opt/airflow/dags
[2024-03-06T07:50:52.482+0000] {manager.py:741} INFO - There are 1 files in /opt/airflow/dags
[2024-03-06T07:51:18.530+0000] {manager.py:879} INFO - 
================================================================================
DAG File Processing Stats

File Path                         PID    Runtime      # DAGs    # Errors  Last Runtime    Last Run
--------------------------------  -----  ---------  --------  ----------  --------------  -------------------
/opt/airflow/dags/welcome_dag.py                           1           0  1.76s           2024-03-06T07:51:18
================================================================================
[2024-03-06T07:51:55.837+0000] {manager.py:879} INFO - 
================================================================================
DAG File Processing Stats

File Path                         PID    Runtime      # DAGs    # Errors  Last Runtime    Last Run
--------------------------------  -----  ---------  --------  ----------  --------------  -------------------
/opt/airflow/dags/welcome_dag.py                           1           0  0.71s           2024-03-06T07:51:55
================================================================================
[2024-03-06T07:52:26.915+0000] {manager.py:879} INFO - 
================================================================================
DAG File Processing Stats

File Path                         PID    Runtime      # DAGs    # Errors  Last Runtime    Last Run
--------------------------------  -----  ---------  --------  ----------  --------------  -------------------
/opt/airflow/dags/welcome_dag.py                           1           0  0.62s           2024-03-06T07:52:26
================================================================================
[2024-03-06T07:52:58.040+0000] {manager.py:879} INFO - 
================================================================================
DAG File Processing Stats

File Path                         PID    Runtime      # DAGs    # Errors  Last Runtime    Last Run
--------------------------------  -----  ---------  --------  ----------  --------------  -------------------
/opt/airflow/dags/welcome_dag.py                           1           0  0.92s           2024-03-06T07:52:58
================================================================================
[2024-03-06T07:53:29.107+0000] {manager.py:879} INFO - 
================================================================================
DAG File Processing Stats

File Path                         PID    Runtime      # DAGs    # Errors  Last Runtime    Last Run
--------------------------------  -----  ---------  --------  ----------  --------------  -------------------
/opt/airflow/dags/welcome_dag.py                           1           0  0.86s           2024-03-06T07:53:29
================================================================================
[2024-03-06T07:54:00.832+0000] {manager.py:879} INFO - 
================================================================================
DAG File Processing Stats

File Path                         PID    Runtime      # DAGs    # Errors  Last Runtime    Last Run
--------------------------------  -----  ---------  --------  ----------  --------------  -------------------
/opt/airflow/dags/welcome_dag.py                           1           0  1.03s           2024-03-06T07:54:00
================================================================================
[2024-03-06T07:54:32.019+0000] {manager.py:879} INFO - 
================================================================================
DAG File Processing Stats

File Path                         PID    Runtime      # DAGs    # Errors  Last Runtime    Last Run
--------------------------------  -----  ---------  --------  ----------  --------------  -------------------
/opt/airflow/dags/welcome_dag.py                           1           0  0.73s           2024-03-06T07:54:32
================================================================================
[2024-03-06T07:55:03.674+0000] {manager.py:879} INFO - 
================================================================================
DAG File Processing Stats

File Path                         PID    Runtime      # DAGs    # Errors  Last Runtime    Last Run
--------------------------------  -----  ---------  --------  ----------  --------------  -------------------
/opt/airflow/dags/welcome_dag.py                           1           0  0.97s           2024-03-06T07:55:03
================================================================================
[2024-03-06T07:55:35.024+0000] {manager.py:879} INFO - 
================================================================================
DAG File Processing Stats

File Path                         PID    Runtime      # DAGs    # Errors  Last Runtime    Last Run
--------------------------------  -----  ---------  --------  ----------  --------------  -------------------
/opt/airflow/dags/welcome_dag.py                           1           0  0.75s           2024-03-06T07:55:35
================================================================================
[2024-03-06T07:55:53.289+0000] {manager.py:738} INFO - Searching for files in /opt/airflow/dags
[2024-03-06T07:55:53.361+0000] {manager.py:741} INFO - There are 1 files in /opt/airflow/dags
[2024-03-06T07:56:05.922+0000] {manager.py:879} INFO - 
================================================================================
DAG File Processing Stats

File Path                         PID    Runtime      # DAGs    # Errors  Last Runtime    Last Run
--------------------------------  -----  ---------  --------  ----------  --------------  -------------------
/opt/airflow/dags/welcome_dag.py                           1           0  0.53s           2024-03-06T07:56:05
================================================================================
[2024-03-06T07:56:37.301+0000] {manager.py:879} INFO - 
================================================================================
DAG File Processing Stats

File Path                         PID    Runtime      # DAGs    # Errors  Last Runtime    Last Run
--------------------------------  -----  ---------  --------  ----------  --------------  -------------------
/opt/airflow/dags/welcome_dag.py                           1           0  1.08s           2024-03-06T07:56:37
================================================================================
[2024-03-06T07:57:08.681+0000] {manager.py:879} INFO - 
================================================================================
DAG File Processing Stats

File Path                         PID    Runtime      # DAGs    # Errors  Last Runtime    Last Run
--------------------------------  -----  ---------  --------  ----------  --------------  -------------------
/opt/airflow/dags/welcome_dag.py                           1           0  0.52s           2024-03-06T07:57:08
================================================================================
[2024-03-06T07:57:39.128+0000] {manager.py:879} INFO - 
================================================================================
DAG File Processing Stats

File Path                         PID    Runtime      # DAGs    # Errors  Last Runtime    Last Run
--------------------------------  -----  ---------  --------  ----------  --------------  -------------------
/opt/airflow/dags/welcome_dag.py                           1           0  0.21s           2024-03-06T07:57:39
================================================================================
[2024-03-06T07:58:10.242+0000] {manager.py:879} INFO - 
================================================================================
DAG File Processing Stats

File Path                         PID    Runtime      # DAGs    # Errors  Last Runtime    Last Run
--------------------------------  -----  ---------  --------  ----------  --------------  -------------------
/opt/airflow/dags/welcome_dag.py                           1           0  0.31s           2024-03-06T07:58:10
================================================================================
[2024-03-06T07:58:41.146+0000] {manager.py:879} INFO - 
================================================================================
DAG File Processing Stats

File Path                         PID    Runtime      # DAGs    # Errors  Last Runtime    Last Run
--------------------------------  -----  ---------  --------  ----------  --------------  -------------------
/opt/airflow/dags/welcome_dag.py                           1           0  0.31s           2024-03-06T07:58:41
================================================================================
[2024-03-06T07:59:12.116+0000] {manager.py:879} INFO - 
================================================================================
DAG File Processing Stats

File Path                         PID    Runtime      # DAGs    # Errors  Last Runtime    Last Run
--------------------------------  -----  ---------  --------  ----------  --------------  -------------------
/opt/airflow/dags/welcome_dag.py                           1           0  0.31s           2024-03-06T07:59:12
================================================================================
[2024-03-06T07:59:42.669+0000] {manager.py:879} INFO - 
================================================================================
DAG File Processing Stats

File Path                         PID    Runtime      # DAGs    # Errors  Last Runtime    Last Run
--------------------------------  -----  ---------  --------  ----------  --------------  -------------------
/opt/airflow/dags/welcome_dag.py                           1           0  0.31s           2024-03-06T07:59:42
================================================================================
[2024-03-06T08:00:13.242+0000] {manager.py:879} INFO - 
================================================================================
DAG File Processing Stats

File Path                         PID    Runtime      # DAGs    # Errors  Last Runtime    Last Run
--------------------------------  -----  ---------  --------  ----------  --------------  -------------------
/opt/airflow/dags/welcome_dag.py                           1           0  0.31s           2024-03-06T08:00:13
================================================================================
[2024-03-06T08:00:43.842+0000] {manager.py:879} INFO - 
================================================================================
DAG File Processing Stats

File Path                         PID    Runtime      # DAGs    # Errors  Last Runtime    Last Run
--------------------------------  -----  ---------  --------  ----------  --------------  -------------------
/opt/airflow/dags/welcome_dag.py                           1           0  0.31s           2024-03-06T08:00:43
================================================================================
[2024-03-06T08:00:53.437+0000] {manager.py:738} INFO - Searching for files in /opt/airflow/dags
[2024-03-06T08:00:53.462+0000] {manager.py:741} INFO - There are 1 files in /opt/airflow/dags
[2024-03-06T08:01:14.448+0000] {manager.py:879} INFO - 
================================================================================
DAG File Processing Stats

File Path                         PID    Runtime      # DAGs    # Errors  Last Runtime    Last Run
--------------------------------  -----  ---------  --------  ----------  --------------  -------------------
/opt/airflow/dags/welcome_dag.py                           1           0  0.31s           2024-03-06T08:01:14
================================================================================
[2024-03-06T08:01:44.883+0000] {manager.py:879} INFO - 
================================================================================
DAG File Processing Stats

File Path                         PID    Runtime      # DAGs    # Errors  Last Runtime    Last Run
--------------------------------  -----  ---------  --------  ----------  --------------  -------------------
/opt/airflow/dags/welcome_dag.py                           1           0  0.41s           2024-03-06T08:01:44
================================================================================
[2024-03-06T08:02:15.583+0000] {manager.py:879} INFO - 
================================================================================
DAG File Processing Stats

File Path                         PID    Runtime      # DAGs    # Errors  Last Runtime    Last Run
--------------------------------  -----  ---------  --------  ----------  --------------  -------------------
/opt/airflow/dags/welcome_dag.py                           1           0  0.41s           2024-03-06T08:02:15
================================================================================
[2024-03-06T08:02:46.138+0000] {manager.py:879} INFO - 
================================================================================
DAG File Processing Stats

File Path                         PID    Runtime      # DAGs    # Errors  Last Runtime    Last Run
--------------------------------  -----  ---------  --------  ----------  --------------  -------------------
/opt/airflow/dags/welcome_dag.py                           1           0  0.32s           2024-03-06T08:02:46
================================================================================
[2024-03-06T08:03:16.704+0000] {manager.py:879} INFO - 
================================================================================
DAG File Processing Stats

File Path                         PID    Runtime      # DAGs    # Errors  Last Runtime    Last Run
--------------------------------  -----  ---------  --------  ----------  --------------  -------------------
/opt/airflow/dags/welcome_dag.py                           1           0  0.25s           2024-03-06T08:03:16
================================================================================
[2024-03-06T08:03:47.223+0000] {manager.py:879} INFO - 
================================================================================
DAG File Processing Stats

File Path                         PID    Runtime      # DAGs    # Errors  Last Runtime    Last Run
--------------------------------  -----  ---------  --------  ----------  --------------  -------------------
/opt/airflow/dags/welcome_dag.py                           1           0  0.31s           2024-03-06T08:03:47
================================================================================
[2024-03-06T08:04:17.783+0000] {manager.py:879} INFO - 
================================================================================
DAG File Processing Stats

File Path                         PID    Runtime      # DAGs    # Errors  Last Runtime    Last Run
--------------------------------  -----  ---------  --------  ----------  --------------  -------------------
/opt/airflow/dags/welcome_dag.py                           1           0  0.25s           2024-03-06T08:04:17
================================================================================
[2024-03-06T08:04:48.380+0000] {manager.py:879} INFO - 
================================================================================
DAG File Processing Stats

File Path                         PID    Runtime      # DAGs    # Errors  Last Runtime    Last Run
--------------------------------  -----  ---------  --------  ----------  --------------  -------------------
/opt/airflow/dags/welcome_dag.py                           1           0  0.31s           2024-03-06T08:04:48
================================================================================
[2024-03-06T08:05:18.677+0000] {manager.py:879} INFO - 
================================================================================
DAG File Processing Stats

File Path                         PID    Runtime      # DAGs    # Errors  Last Runtime    Last Run
--------------------------------  -----  ---------  --------  ----------  --------------  -------------------
/opt/airflow/dags/welcome_dag.py                           1           0  0.25s           2024-03-06T08:05:18
================================================================================
[2024-03-06T08:05:49.183+0000] {manager.py:879} INFO - 
================================================================================
DAG File Processing Stats

File Path                         PID    Runtime      # DAGs    # Errors  Last Runtime    Last Run
--------------------------------  -----  ---------  --------  ----------  --------------  -------------------
/opt/airflow/dags/welcome_dag.py                           1           0  0.21s           2024-03-06T08:05:49
================================================================================
[2024-03-06T08:05:54.538+0000] {manager.py:738} INFO - Searching for files in /opt/airflow/dags
[2024-03-06T08:05:54.568+0000] {manager.py:741} INFO - There are 1 files in /opt/airflow/dags
[2024-03-06T08:06:19.409+0000] {manager.py:879} INFO - 
================================================================================
DAG File Processing Stats

File Path                         PID    Runtime      # DAGs    # Errors  Last Runtime    Last Run
--------------------------------  -----  ---------  --------  ----------  --------------  -------------------
/opt/airflow/dags/welcome_dag.py                           1           0  0.21s           2024-03-06T08:06:19
================================================================================
[2024-03-06T08:06:50.049+0000] {manager.py:879} INFO - 
================================================================================
DAG File Processing Stats

File Path                         PID    Runtime      # DAGs    # Errors  Last Runtime    Last Run
--------------------------------  -----  ---------  --------  ----------  --------------  -------------------
/opt/airflow/dags/welcome_dag.py                           1           0  0.31s           2024-03-06T08:06:50
================================================================================
[2024-03-06T08:07:20.712+0000] {manager.py:879} INFO - 
================================================================================
DAG File Processing Stats

File Path                         PID    Runtime      # DAGs    # Errors  Last Runtime    Last Run
--------------------------------  -----  ---------  --------  ----------  --------------  -------------------
/opt/airflow/dags/welcome_dag.py                           1           0  0.31s           2024-03-06T08:07:20
================================================================================
[2024-03-06T08:07:51.115+0000] {manager.py:879} INFO - 
================================================================================
DAG File Processing Stats

File Path                         PID    Runtime      # DAGs    # Errors  Last Runtime    Last Run
--------------------------------  -----  ---------  --------  ----------  --------------  -------------------
/opt/airflow/dags/welcome_dag.py                           1           0  0.20s           2024-03-06T08:07:51
================================================================================
[2024-03-06T08:08:21.577+0000] {manager.py:879} INFO - 
================================================================================
DAG File Processing Stats

File Path                         PID    Runtime      # DAGs    # Errors  Last Runtime    Last Run
--------------------------------  -----  ---------  --------  ----------  --------------  -------------------
/opt/airflow/dags/welcome_dag.py                           1           0  0.21s           2024-03-06T08:08:21
================================================================================
[2024-03-06T08:08:52.470+0000] {manager.py:879} INFO - 
================================================================================
DAG File Processing Stats

File Path                         PID    Runtime      # DAGs    # Errors  Last Runtime    Last Run
--------------------------------  -----  ---------  --------  ----------  --------------  -------------------
/opt/airflow/dags/welcome_dag.py                           1           0  0.61s           2024-03-06T08:08:52
================================================================================
[2024-03-06T08:09:23.200+0000] {manager.py:879} INFO - 
================================================================================
DAG File Processing Stats

File Path                         PID    Runtime      # DAGs    # Errors  Last Runtime    Last Run
--------------------------------  -----  ---------  --------  ----------  --------------  -------------------
/opt/airflow/dags/welcome_dag.py                           1           0  0.31s           2024-03-06T08:09:23
================================================================================
[2024-03-06T08:09:53.625+0000] {manager.py:879} INFO - 
================================================================================
DAG File Processing Stats

File Path                         PID    Runtime      # DAGs    # Errors  Last Runtime    Last Run
--------------------------------  -----  ---------  --------  ----------  --------------  -------------------
/opt/airflow/dags/welcome_dag.py                           1           0  0.21s           2024-03-06T08:09:53
================================================================================
[2024-03-06T08:10:23.969+0000] {manager.py:879} INFO - 
================================================================================
DAG File Processing Stats

File Path                         PID    Runtime      # DAGs    # Errors  Last Runtime    Last Run
--------------------------------  -----  ---------  --------  ----------  --------------  -------------------
/opt/airflow/dags/welcome_dag.py                           1           0  0.31s           2024-03-06T08:10:23
================================================================================
[2024-03-06T08:10:54.416+0000] {manager.py:879} INFO - 
================================================================================
DAG File Processing Stats

File Path                         PID    Runtime      # DAGs    # Errors  Last Runtime    Last Run
--------------------------------  -----  ---------  --------  ----------  --------------  -------------------
/opt/airflow/dags/welcome_dag.py                           1           0  0.20s           2024-03-06T08:10:54
================================================================================
[2024-03-06T08:10:55.523+0000] {manager.py:738} INFO - Searching for files in /opt/airflow/dags
[2024-03-06T08:10:55.550+0000] {manager.py:741} INFO - There are 1 files in /opt/airflow/dags
[2024-03-06T08:11:24.828+0000] {manager.py:879} INFO - 
================================================================================
DAG File Processing Stats

File Path                         PID    Runtime      # DAGs    # Errors  Last Runtime    Last Run
--------------------------------  -----  ---------  --------  ----------  --------------  -------------------
/opt/airflow/dags/welcome_dag.py                           1           0  0.31s           2024-03-06T08:11:24
================================================================================
[2024-03-06T08:28:10.780+0000] {manager.py:469} INFO - Processing files using up to 1 processes at a time 
[2024-03-06T08:28:10.787+0000] {manager.py:470} INFO - Process each file at most once every 30 seconds
[2024-03-06T08:28:10.794+0000] {manager.py:471} INFO - Checking for new files in /opt/airflow/dags every 300 seconds
[2024-03-06T08:28:10.796+0000] {manager.py:738} INFO - Searching for files in /opt/airflow/dags
[2024-03-06T08:28:10.889+0000] {manager.py:741} INFO - There are 2 files in /opt/airflow/dags
[2024-03-06T08:28:11.414+0000] {manager.py:879} INFO - 
================================================================================
DAG File Processing Stats

File Path                          PID    Runtime      # DAGs    # Errors  Last Runtime    Last Run
---------------------------------  -----  ---------  --------  ----------  --------------  -------------------
/opt/airflow/dags/sequence_dag.py                           0           1  0.24s           2024-03-06T08:28:11
/opt/airflow/dags/welcome_dag.py                            0           0
================================================================================
[2024-03-06T08:28:53.358+0000] {manager.py:879} INFO - 
================================================================================
DAG File Processing Stats

File Path                          PID    Runtime      # DAGs    # Errors  Last Runtime    Last Run
---------------------------------  -----  ---------  --------  ----------  --------------  -------------------
/opt/airflow/dags/sequence_dag.py                           0           1  9.16s           2024-03-06T08:28:53
/opt/airflow/dags/welcome_dag.py                            1           0  0.31s           2024-03-06T08:28:12
================================================================================
[2024-03-06T08:29:24.123+0000] {manager.py:879} INFO - 
================================================================================
DAG File Processing Stats

File Path                          PID    Runtime      # DAGs    # Errors  Last Runtime    Last Run
---------------------------------  -----  ---------  --------  ----------  --------------  -------------------
/opt/airflow/dags/welcome_dag.py                            1           0  2.02s           2024-03-06T08:28:57
/opt/airflow/dags/sequence_dag.py                           0           1  0.31s           2024-03-06T08:29:24
================================================================================
[2024-03-06T08:29:54.939+0000] {manager.py:879} INFO - 
================================================================================
DAG File Processing Stats

File Path                          PID    Runtime      # DAGs    # Errors  Last Runtime    Last Run
---------------------------------  -----  ---------  --------  ----------  --------------  -------------------
/opt/airflow/dags/welcome_dag.py                            1           0  0.87s           2024-03-06T08:29:28
/opt/airflow/dags/sequence_dag.py                           0           1  0.31s           2024-03-06T08:29:54
================================================================================
[2024-03-06T08:30:25.674+0000] {manager.py:879} INFO - 
================================================================================
DAG File Processing Stats

File Path                          PID    Runtime      # DAGs    # Errors  Last Runtime    Last Run
---------------------------------  -----  ---------  --------  ----------  --------------  -------------------
/opt/airflow/dags/welcome_dag.py                            1           0  0.61s           2024-03-06T08:29:59
/opt/airflow/dags/sequence_dag.py                           0           1  0.21s           2024-03-06T08:30:25
================================================================================
[2024-03-06T08:30:56.126+0000] {manager.py:879} INFO - 
================================================================================
DAG File Processing Stats

File Path                          PID    Runtime      # DAGs    # Errors  Last Runtime    Last Run
---------------------------------  -----  ---------  --------  ----------  --------------  -------------------
/opt/airflow/dags/welcome_dag.py                            1           0  0.31s           2024-03-06T08:30:29
/opt/airflow/dags/sequence_dag.py                           0           1  0.20s           2024-03-06T08:30:56
================================================================================
[2024-03-06T08:31:26.560+0000] {manager.py:879} INFO - 
================================================================================
DAG File Processing Stats

File Path                          PID    Runtime      # DAGs    # Errors  Last Runtime    Last Run
---------------------------------  -----  ---------  --------  ----------  --------------  -------------------
/opt/airflow/dags/welcome_dag.py                            1           0  0.31s           2024-03-06T08:31:00
/opt/airflow/dags/sequence_dag.py                           0           1  0.11s           2024-03-06T08:31:26
================================================================================
[2024-03-06T08:31:57.296+0000] {manager.py:879} INFO - 
================================================================================
DAG File Processing Stats

File Path                          PID    Runtime      # DAGs    # Errors  Last Runtime    Last Run
---------------------------------  -----  ---------  --------  ----------  --------------  -------------------
/opt/airflow/dags/welcome_dag.py                            1           0  0.62s           2024-03-06T08:31:31
/opt/airflow/dags/sequence_dag.py                           0           1  0.21s           2024-03-06T08:31:57
================================================================================
[2024-03-06T08:32:27.955+0000] {manager.py:879} INFO - 
================================================================================
DAG File Processing Stats

File Path                          PID    Runtime      # DAGs    # Errors  Last Runtime    Last Run
---------------------------------  -----  ---------  --------  ----------  --------------  -------------------
/opt/airflow/dags/welcome_dag.py                            1           0  0.51s           2024-03-06T08:32:02
/opt/airflow/dags/sequence_dag.py                           0           1  0.12s           2024-03-06T08:32:27
================================================================================
[2024-03-06T08:32:58.817+0000] {manager.py:879} INFO - 
================================================================================
DAG File Processing Stats

File Path                          PID    Runtime      # DAGs    # Errors  Last Runtime    Last Run
---------------------------------  -----  ---------  --------  ----------  --------------  -------------------
/opt/airflow/dags/welcome_dag.py                            1           0  2.41s           2024-03-06T08:32:34
/opt/airflow/dags/sequence_dag.py                           0           1  0.21s           2024-03-06T08:32:58
================================================================================
[2024-03-06T08:33:10.870+0000] {manager.py:738} INFO - Searching for files in /opt/airflow/dags
[2024-03-06T08:33:10.918+0000] {manager.py:741} INFO - There are 2 files in /opt/airflow/dags
[2024-03-06T08:33:29.340+0000] {manager.py:879} INFO - 
================================================================================
DAG File Processing Stats

File Path                          PID    Runtime      # DAGs    # Errors  Last Runtime    Last Run
---------------------------------  -----  ---------  --------  ----------  --------------  -------------------
/opt/airflow/dags/welcome_dag.py                            1           0  0.93s           2024-03-06T08:33:06
/opt/airflow/dags/sequence_dag.py                           0           1  0.21s           2024-03-06T08:33:29
================================================================================
[2024-03-06T08:33:59.793+0000] {manager.py:879} INFO - 
================================================================================
DAG File Processing Stats

File Path                          PID    Runtime      # DAGs    # Errors  Last Runtime    Last Run
---------------------------------  -----  ---------  --------  ----------  --------------  -------------------
/opt/airflow/dags/welcome_dag.py                            1           0  0.81s           2024-03-06T08:33:36
/opt/airflow/dags/sequence_dag.py                           0           1  0.20s           2024-03-06T08:33:59
================================================================================
[2024-03-06T08:34:30.433+0000] {manager.py:879} INFO - 
================================================================================
DAG File Processing Stats

File Path                          PID    Runtime      # DAGs    # Errors  Last Runtime    Last Run
---------------------------------  -----  ---------  --------  ----------  --------------  -------------------
/opt/airflow/dags/welcome_dag.py                            1           0  0.81s           2024-03-06T08:34:07
/opt/airflow/dags/sequence_dag.py                           0           1  0.11s           2024-03-06T08:34:30
================================================================================
[2024-03-06T08:35:00.725+0000] {manager.py:879} INFO - 
================================================================================
DAG File Processing Stats

File Path                          PID    Runtime      # DAGs    # Errors  Last Runtime    Last Run
---------------------------------  -----  ---------  --------  ----------  --------------  -------------------
/opt/airflow/dags/welcome_dag.py                            1           0  0.61s           2024-03-06T08:34:38
/opt/airflow/dags/sequence_dag.py                           0           1  0.11s           2024-03-06T08:34:37
================================================================================
[2024-03-06T08:35:30.964+0000] {manager.py:879} INFO - 
================================================================================
DAG File Processing Stats

File Path                          PID    Runtime      # DAGs    # Errors  Last Runtime    Last Run
---------------------------------  -----  ---------  --------  ----------  --------------  -------------------
/opt/airflow/dags/welcome_dag.py                            1           0  0.71s           2024-03-06T08:35:09
/opt/airflow/dags/sequence_dag.py                           0           1  0.20s           2024-03-06T08:35:07
================================================================================
[2024-03-06T08:36:01.242+0000] {manager.py:879} INFO - 
================================================================================
DAG File Processing Stats

File Path                          PID    Runtime      # DAGs    # Errors  Last Runtime    Last Run
---------------------------------  -----  ---------  --------  ----------  --------------  -------------------
/opt/airflow/dags/welcome_dag.py                            1           0  1.92s           2024-03-06T08:35:43
/opt/airflow/dags/sequence_dag.py                           0           1  0.73s           2024-03-06T08:35:39
================================================================================
[2024-03-06T08:36:32.006+0000] {manager.py:879} INFO - 
================================================================================
DAG File Processing Stats

File Path                          PID    Runtime      # DAGs    # Errors  Last Runtime    Last Run
---------------------------------  -----  ---------  --------  ----------  --------------  -------------------
/opt/airflow/dags/welcome_dag.py                            1           0  0.21s           2024-03-06T08:36:13
/opt/airflow/dags/sequence_dag.py                           0           1  0.21s           2024-03-06T08:36:10
================================================================================
