[2024-03-07T10:19:22.358+0000] {processor.py:161} INFO - Started process (PID=517) to work on /opt/airflow/dags/S_Concurrent.py
[2024-03-07T10:19:22.359+0000] {processor.py:830} INFO - Processing file /opt/airflow/dags/S_Concurrent.py for tasks to queue
[2024-03-07T10:19:22.361+0000] {logging_mixin.py:188} INFO - [2024-03-07T10:19:22.360+0000] {dagbag.py:540} INFO - Filling up the DagBag from /opt/airflow/dags/S_Concurrent.py
[2024-03-07T10:19:22.573+0000] {processor.py:840} INFO - DAG(s) 'concurrent' retrieved from /opt/airflow/dags/S_Concurrent.py
[2024-03-07T10:19:23.377+0000] {logging_mixin.py:188} INFO - [2024-03-07T10:19:23.363+0000] {override.py:1769} INFO - Created Permission View: can edit on DAG:concurrent
[2024-03-07T10:19:23.474+0000] {logging_mixin.py:188} INFO - [2024-03-07T10:19:23.472+0000] {override.py:1769} INFO - Created Permission View: can delete on DAG:concurrent
[2024-03-07T10:19:23.553+0000] {logging_mixin.py:188} INFO - [2024-03-07T10:19:23.553+0000] {override.py:1769} INFO - Created Permission View: can read on DAG:concurrent
[2024-03-07T10:19:23.555+0000] {logging_mixin.py:188} INFO - [2024-03-07T10:19:23.554+0000] {dag.py:3047} INFO - Sync 1 DAGs
[2024-03-07T10:19:23.631+0000] {logging_mixin.py:188} INFO - [2024-03-07T10:19:23.631+0000] {dag.py:3069} INFO - Creating ORM DAG for concurrent
[2024-03-07T10:19:23.636+0000] {logging_mixin.py:188} INFO - [2024-03-07T10:19:23.636+0000] {dag.py:3834} INFO - Setting next_dagrun for concurrent to None, run_after=None
[2024-03-07T10:19:23.833+0000] {processor.py:183} INFO - Processing /opt/airflow/dags/S_Concurrent.py took 1.478 seconds
[2024-03-07T10:20:59.469+0000] {processor.py:161} INFO - Started process (PID=555) to work on /opt/airflow/dags/S_Concurrent.py
[2024-03-07T10:20:59.488+0000] {processor.py:830} INFO - Processing file /opt/airflow/dags/S_Concurrent.py for tasks to queue
[2024-03-07T10:20:59.500+0000] {logging_mixin.py:188} INFO - [2024-03-07T10:20:59.494+0000] {dagbag.py:540} INFO - Filling up the DagBag from /opt/airflow/dags/S_Concurrent.py
[2024-03-07T10:21:00.872+0000] {processor.py:840} INFO - DAG(s) 'concurrent' retrieved from /opt/airflow/dags/S_Concurrent.py
[2024-03-07T10:21:01.158+0000] {logging_mixin.py:188} INFO - [2024-03-07T10:21:01.158+0000] {dag.py:3047} INFO - Sync 1 DAGs
[2024-03-07T10:21:01.361+0000] {logging_mixin.py:188} INFO - [2024-03-07T10:21:01.360+0000] {dag.py:3834} INFO - Setting next_dagrun for concurrent to None, run_after=None
[2024-03-07T10:21:01.689+0000] {processor.py:183} INFO - Processing /opt/airflow/dags/S_Concurrent.py took 2.224 seconds
[2024-03-07T10:21:33.538+0000] {processor.py:161} INFO - Started process (PID=576) to work on /opt/airflow/dags/S_Concurrent.py
[2024-03-07T10:21:33.541+0000] {processor.py:830} INFO - Processing file /opt/airflow/dags/S_Concurrent.py for tasks to queue
[2024-03-07T10:21:33.543+0000] {logging_mixin.py:188} INFO - [2024-03-07T10:21:33.542+0000] {dagbag.py:540} INFO - Filling up the DagBag from /opt/airflow/dags/S_Concurrent.py
[2024-03-07T10:21:33.758+0000] {processor.py:840} INFO - DAG(s) 'concurrent' retrieved from /opt/airflow/dags/S_Concurrent.py
[2024-03-07T10:21:33.808+0000] {logging_mixin.py:188} INFO - [2024-03-07T10:21:33.807+0000] {dag.py:3047} INFO - Sync 1 DAGs
[2024-03-07T10:21:33.828+0000] {logging_mixin.py:188} INFO - [2024-03-07T10:21:33.828+0000] {dag.py:3834} INFO - Setting next_dagrun for concurrent to None, run_after=None
[2024-03-07T10:21:33.948+0000] {processor.py:183} INFO - Processing /opt/airflow/dags/S_Concurrent.py took 0.416 seconds
[2024-03-07T10:22:04.654+0000] {processor.py:161} INFO - Started process (PID=581) to work on /opt/airflow/dags/S_Concurrent.py
[2024-03-07T10:22:04.655+0000] {processor.py:830} INFO - Processing file /opt/airflow/dags/S_Concurrent.py for tasks to queue
[2024-03-07T10:22:04.657+0000] {logging_mixin.py:188} INFO - [2024-03-07T10:22:04.656+0000] {dagbag.py:540} INFO - Filling up the DagBag from /opt/airflow/dags/S_Concurrent.py
[2024-03-07T10:22:04.785+0000] {processor.py:840} INFO - DAG(s) 'concurrent' retrieved from /opt/airflow/dags/S_Concurrent.py
[2024-03-07T10:22:04.822+0000] {logging_mixin.py:188} INFO - [2024-03-07T10:22:04.821+0000] {dag.py:3047} INFO - Sync 1 DAGs
[2024-03-07T10:22:04.837+0000] {logging_mixin.py:188} INFO - [2024-03-07T10:22:04.837+0000] {dag.py:3834} INFO - Setting next_dagrun for concurrent to None, run_after=None
[2024-03-07T10:22:04.924+0000] {processor.py:183} INFO - Processing /opt/airflow/dags/S_Concurrent.py took 0.274 seconds
[2024-03-07T10:22:35.505+0000] {processor.py:161} INFO - Started process (PID=585) to work on /opt/airflow/dags/S_Concurrent.py
[2024-03-07T10:22:35.507+0000] {processor.py:830} INFO - Processing file /opt/airflow/dags/S_Concurrent.py for tasks to queue
[2024-03-07T10:22:35.508+0000] {logging_mixin.py:188} INFO - [2024-03-07T10:22:35.507+0000] {dagbag.py:540} INFO - Filling up the DagBag from /opt/airflow/dags/S_Concurrent.py
[2024-03-07T10:22:35.643+0000] {processor.py:840} INFO - DAG(s) 'concurrent' retrieved from /opt/airflow/dags/S_Concurrent.py
[2024-03-07T10:22:35.675+0000] {logging_mixin.py:188} INFO - [2024-03-07T10:22:35.675+0000] {dag.py:3047} INFO - Sync 1 DAGs
[2024-03-07T10:22:35.690+0000] {logging_mixin.py:188} INFO - [2024-03-07T10:22:35.690+0000] {dag.py:3834} INFO - Setting next_dagrun for concurrent to None, run_after=None
[2024-03-07T10:22:35.775+0000] {processor.py:183} INFO - Processing /opt/airflow/dags/S_Concurrent.py took 0.295 seconds
[2024-03-07T10:23:08.944+0000] {processor.py:161} INFO - Started process (PID=590) to work on /opt/airflow/dags/S_Concurrent.py
[2024-03-07T10:23:08.948+0000] {processor.py:830} INFO - Processing file /opt/airflow/dags/S_Concurrent.py for tasks to queue
[2024-03-07T10:23:08.950+0000] {logging_mixin.py:188} INFO - [2024-03-07T10:23:08.949+0000] {dagbag.py:540} INFO - Filling up the DagBag from /opt/airflow/dags/S_Concurrent.py
[2024-03-07T10:23:09.157+0000] {processor.py:840} INFO - DAG(s) 'concurrent' retrieved from /opt/airflow/dags/S_Concurrent.py
[2024-03-07T10:23:09.215+0000] {logging_mixin.py:188} INFO - [2024-03-07T10:23:09.214+0000] {dag.py:3047} INFO - Sync 1 DAGs
[2024-03-07T10:23:09.240+0000] {logging_mixin.py:188} INFO - [2024-03-07T10:23:09.239+0000] {dag.py:3834} INFO - Setting next_dagrun for concurrent to None, run_after=None
[2024-03-07T10:23:09.365+0000] {processor.py:183} INFO - Processing /opt/airflow/dags/S_Concurrent.py took 0.430 seconds
[2024-03-07T10:23:39.910+0000] {processor.py:161} INFO - Started process (PID=595) to work on /opt/airflow/dags/S_Concurrent.py
[2024-03-07T10:23:39.912+0000] {processor.py:830} INFO - Processing file /opt/airflow/dags/S_Concurrent.py for tasks to queue
[2024-03-07T10:23:39.914+0000] {logging_mixin.py:188} INFO - [2024-03-07T10:23:39.913+0000] {dagbag.py:540} INFO - Filling up the DagBag from /opt/airflow/dags/S_Concurrent.py
[2024-03-07T10:23:40.083+0000] {processor.py:840} INFO - DAG(s) 'concurrent' retrieved from /opt/airflow/dags/S_Concurrent.py
[2024-03-07T10:23:40.162+0000] {logging_mixin.py:188} INFO - [2024-03-07T10:23:40.162+0000] {dag.py:3047} INFO - Sync 1 DAGs
[2024-03-07T10:23:40.176+0000] {logging_mixin.py:188} INFO - [2024-03-07T10:23:40.176+0000] {dag.py:3834} INFO - Setting next_dagrun for concurrent to None, run_after=None
[2024-03-07T10:23:40.261+0000] {processor.py:183} INFO - Processing /opt/airflow/dags/S_Concurrent.py took 0.354 seconds
[2024-03-07T10:24:13.713+0000] {processor.py:161} INFO - Started process (PID=600) to work on /opt/airflow/dags/S_Concurrent.py
[2024-03-07T10:24:13.716+0000] {processor.py:830} INFO - Processing file /opt/airflow/dags/S_Concurrent.py for tasks to queue
[2024-03-07T10:24:13.717+0000] {logging_mixin.py:188} INFO - [2024-03-07T10:24:13.717+0000] {dagbag.py:540} INFO - Filling up the DagBag from /opt/airflow/dags/S_Concurrent.py
[2024-03-07T10:24:13.850+0000] {processor.py:840} INFO - DAG(s) 'concurrent' retrieved from /opt/airflow/dags/S_Concurrent.py
[2024-03-07T10:24:13.885+0000] {logging_mixin.py:188} INFO - [2024-03-07T10:24:13.885+0000] {dag.py:3047} INFO - Sync 1 DAGs
[2024-03-07T10:24:13.900+0000] {logging_mixin.py:188} INFO - [2024-03-07T10:24:13.899+0000] {dag.py:3834} INFO - Setting next_dagrun for concurrent to None, run_after=None
[2024-03-07T10:24:14.158+0000] {processor.py:183} INFO - Processing /opt/airflow/dags/S_Concurrent.py took 0.449 seconds
[2024-03-07T10:24:45.032+0000] {processor.py:161} INFO - Started process (PID=605) to work on /opt/airflow/dags/S_Concurrent.py
[2024-03-07T10:24:45.033+0000] {processor.py:830} INFO - Processing file /opt/airflow/dags/S_Concurrent.py for tasks to queue
[2024-03-07T10:24:45.034+0000] {logging_mixin.py:188} INFO - [2024-03-07T10:24:45.034+0000] {dagbag.py:540} INFO - Filling up the DagBag from /opt/airflow/dags/S_Concurrent.py
[2024-03-07T10:24:45.184+0000] {processor.py:840} INFO - DAG(s) 'concurrent' retrieved from /opt/airflow/dags/S_Concurrent.py
[2024-03-07T10:24:45.234+0000] {logging_mixin.py:188} INFO - [2024-03-07T10:24:45.234+0000] {dag.py:3047} INFO - Sync 1 DAGs
[2024-03-07T10:24:45.269+0000] {logging_mixin.py:188} INFO - [2024-03-07T10:24:45.268+0000] {dag.py:3834} INFO - Setting next_dagrun for concurrent to None, run_after=None
[2024-03-07T10:24:45.382+0000] {processor.py:183} INFO - Processing /opt/airflow/dags/S_Concurrent.py took 0.353 seconds
[2024-03-07T11:59:02.565+0000] {processor.py:161} INFO - Started process (PID=615) to work on /opt/airflow/dags/S_Concurrent.py
[2024-03-07T11:59:02.624+0000] {processor.py:830} INFO - Processing file /opt/airflow/dags/S_Concurrent.py for tasks to queue
[2024-03-07T11:59:02.677+0000] {logging_mixin.py:188} INFO - [2024-03-07T11:59:02.647+0000] {dagbag.py:540} INFO - Filling up the DagBag from /opt/airflow/dags/S_Concurrent.py
[2024-03-07T11:59:05.607+0000] {processor.py:840} INFO - DAG(s) 'concurrent' retrieved from /opt/airflow/dags/S_Concurrent.py
[2024-03-07T11:59:06.316+0000] {logging_mixin.py:188} INFO - [2024-03-07T11:59:06.316+0000] {dag.py:3047} INFO - Sync 1 DAGs
[2024-03-07T11:59:06.622+0000] {logging_mixin.py:188} INFO - [2024-03-07T11:59:06.622+0000] {dag.py:3834} INFO - Setting next_dagrun for concurrent to None, run_after=None
[2024-03-07T11:59:07.018+0000] {processor.py:183} INFO - Processing /opt/airflow/dags/S_Concurrent.py took 4.776 seconds
[2024-03-07T11:59:37.726+0000] {processor.py:161} INFO - Started process (PID=620) to work on /opt/airflow/dags/S_Concurrent.py
[2024-03-07T11:59:37.729+0000] {processor.py:830} INFO - Processing file /opt/airflow/dags/S_Concurrent.py for tasks to queue
[2024-03-07T11:59:37.732+0000] {logging_mixin.py:188} INFO - [2024-03-07T11:59:37.731+0000] {dagbag.py:540} INFO - Filling up the DagBag from /opt/airflow/dags/S_Concurrent.py
[2024-03-07T11:59:37.870+0000] {processor.py:840} INFO - DAG(s) 'concurrent' retrieved from /opt/airflow/dags/S_Concurrent.py
[2024-03-07T11:59:37.982+0000] {logging_mixin.py:188} INFO - [2024-03-07T11:59:37.981+0000] {dag.py:3047} INFO - Sync 1 DAGs
[2024-03-07T11:59:38.097+0000] {logging_mixin.py:188} INFO - [2024-03-07T11:59:38.097+0000] {dag.py:3834} INFO - Setting next_dagrun for concurrent to None, run_after=None
[2024-03-07T11:59:38.312+0000] {processor.py:183} INFO - Processing /opt/airflow/dags/S_Concurrent.py took 0.598 seconds
[2024-03-07T12:00:08.607+0000] {processor.py:161} INFO - Started process (PID=625) to work on /opt/airflow/dags/S_Concurrent.py
[2024-03-07T12:00:08.610+0000] {processor.py:830} INFO - Processing file /opt/airflow/dags/S_Concurrent.py for tasks to queue
[2024-03-07T12:00:08.611+0000] {logging_mixin.py:188} INFO - [2024-03-07T12:00:08.611+0000] {dagbag.py:540} INFO - Filling up the DagBag from /opt/airflow/dags/S_Concurrent.py
[2024-03-07T12:00:08.715+0000] {processor.py:840} INFO - DAG(s) 'concurrent' retrieved from /opt/airflow/dags/S_Concurrent.py
[2024-03-07T12:00:08.837+0000] {logging_mixin.py:188} INFO - [2024-03-07T12:00:08.836+0000] {dag.py:3047} INFO - Sync 1 DAGs
[2024-03-07T12:00:08.972+0000] {logging_mixin.py:188} INFO - [2024-03-07T12:00:08.972+0000] {dag.py:3834} INFO - Setting next_dagrun for concurrent to None, run_after=None
[2024-03-07T12:00:09.136+0000] {processor.py:183} INFO - Processing /opt/airflow/dags/S_Concurrent.py took 0.531 seconds
[2024-03-07T12:00:39.446+0000] {processor.py:161} INFO - Started process (PID=630) to work on /opt/airflow/dags/S_Concurrent.py
[2024-03-07T12:00:39.448+0000] {processor.py:830} INFO - Processing file /opt/airflow/dags/S_Concurrent.py for tasks to queue
[2024-03-07T12:00:39.449+0000] {logging_mixin.py:188} INFO - [2024-03-07T12:00:39.448+0000] {dagbag.py:540} INFO - Filling up the DagBag from /opt/airflow/dags/S_Concurrent.py
[2024-03-07T12:00:39.555+0000] {processor.py:840} INFO - DAG(s) 'concurrent' retrieved from /opt/airflow/dags/S_Concurrent.py
[2024-03-07T12:00:39.608+0000] {logging_mixin.py:188} INFO - [2024-03-07T12:00:39.608+0000] {dag.py:3047} INFO - Sync 1 DAGs
[2024-03-07T12:00:39.623+0000] {logging_mixin.py:188} INFO - [2024-03-07T12:00:39.622+0000] {dag.py:3834} INFO - Setting next_dagrun for concurrent to None, run_after=None
[2024-03-07T12:00:39.854+0000] {processor.py:183} INFO - Processing /opt/airflow/dags/S_Concurrent.py took 0.411 seconds
[2024-03-07T12:01:10.232+0000] {processor.py:161} INFO - Started process (PID=635) to work on /opt/airflow/dags/S_Concurrent.py
[2024-03-07T12:01:10.235+0000] {processor.py:830} INFO - Processing file /opt/airflow/dags/S_Concurrent.py for tasks to queue
[2024-03-07T12:01:10.238+0000] {logging_mixin.py:188} INFO - [2024-03-07T12:01:10.237+0000] {dagbag.py:540} INFO - Filling up the DagBag from /opt/airflow/dags/S_Concurrent.py
[2024-03-07T12:01:10.556+0000] {processor.py:840} INFO - DAG(s) 'concurrent' retrieved from /opt/airflow/dags/S_Concurrent.py
[2024-03-07T12:01:10.608+0000] {logging_mixin.py:188} INFO - [2024-03-07T12:01:10.607+0000] {dag.py:3047} INFO - Sync 1 DAGs
[2024-03-07T12:01:10.634+0000] {logging_mixin.py:188} INFO - [2024-03-07T12:01:10.632+0000] {dag.py:3834} INFO - Setting next_dagrun for concurrent to None, run_after=None
[2024-03-07T12:01:10.759+0000] {processor.py:183} INFO - Processing /opt/airflow/dags/S_Concurrent.py took 0.531 seconds
[2024-03-07T12:01:41.047+0000] {processor.py:161} INFO - Started process (PID=640) to work on /opt/airflow/dags/S_Concurrent.py
[2024-03-07T12:01:41.048+0000] {processor.py:830} INFO - Processing file /opt/airflow/dags/S_Concurrent.py for tasks to queue
[2024-03-07T12:01:41.050+0000] {logging_mixin.py:188} INFO - [2024-03-07T12:01:41.049+0000] {dagbag.py:540} INFO - Filling up the DagBag from /opt/airflow/dags/S_Concurrent.py
[2024-03-07T12:01:41.223+0000] {processor.py:840} INFO - DAG(s) 'concurrent' retrieved from /opt/airflow/dags/S_Concurrent.py
[2024-03-07T12:01:41.269+0000] {logging_mixin.py:188} INFO - [2024-03-07T12:01:41.269+0000] {dag.py:3047} INFO - Sync 1 DAGs
[2024-03-07T12:01:41.290+0000] {logging_mixin.py:188} INFO - [2024-03-07T12:01:41.290+0000] {dag.py:3834} INFO - Setting next_dagrun for concurrent to None, run_after=None
[2024-03-07T12:01:41.409+0000] {processor.py:183} INFO - Processing /opt/airflow/dags/S_Concurrent.py took 0.365 seconds
[2024-03-07T12:02:11.784+0000] {processor.py:161} INFO - Started process (PID=645) to work on /opt/airflow/dags/S_Concurrent.py
[2024-03-07T12:02:11.789+0000] {processor.py:830} INFO - Processing file /opt/airflow/dags/S_Concurrent.py for tasks to queue
[2024-03-07T12:02:11.792+0000] {logging_mixin.py:188} INFO - [2024-03-07T12:02:11.791+0000] {dagbag.py:540} INFO - Filling up the DagBag from /opt/airflow/dags/S_Concurrent.py
[2024-03-07T12:02:11.926+0000] {processor.py:840} INFO - DAG(s) 'concurrent' retrieved from /opt/airflow/dags/S_Concurrent.py
[2024-03-07T12:02:11.974+0000] {logging_mixin.py:188} INFO - [2024-03-07T12:02:11.973+0000] {dag.py:3047} INFO - Sync 1 DAGs
[2024-03-07T12:02:11.989+0000] {logging_mixin.py:188} INFO - [2024-03-07T12:02:11.989+0000] {dag.py:3834} INFO - Setting next_dagrun for concurrent to None, run_after=None
[2024-03-07T12:02:12.104+0000] {processor.py:183} INFO - Processing /opt/airflow/dags/S_Concurrent.py took 0.333 seconds
[2024-03-07T12:02:42.525+0000] {processor.py:161} INFO - Started process (PID=650) to work on /opt/airflow/dags/S_Concurrent.py
[2024-03-07T12:02:42.527+0000] {processor.py:830} INFO - Processing file /opt/airflow/dags/S_Concurrent.py for tasks to queue
[2024-03-07T12:02:42.529+0000] {logging_mixin.py:188} INFO - [2024-03-07T12:02:42.528+0000] {dagbag.py:540} INFO - Filling up the DagBag from /opt/airflow/dags/S_Concurrent.py
[2024-03-07T12:02:42.662+0000] {processor.py:840} INFO - DAG(s) 'concurrent' retrieved from /opt/airflow/dags/S_Concurrent.py
[2024-03-07T12:02:42.730+0000] {logging_mixin.py:188} INFO - [2024-03-07T12:02:42.729+0000] {dag.py:3047} INFO - Sync 1 DAGs
[2024-03-07T12:02:42.747+0000] {logging_mixin.py:188} INFO - [2024-03-07T12:02:42.747+0000] {dag.py:3834} INFO - Setting next_dagrun for concurrent to None, run_after=None
[2024-03-07T12:02:42.827+0000] {processor.py:183} INFO - Processing /opt/airflow/dags/S_Concurrent.py took 0.305 seconds
[2024-03-07T12:03:13.249+0000] {processor.py:161} INFO - Started process (PID=655) to work on /opt/airflow/dags/S_Concurrent.py
[2024-03-07T12:03:13.253+0000] {processor.py:830} INFO - Processing file /opt/airflow/dags/S_Concurrent.py for tasks to queue
[2024-03-07T12:03:13.254+0000] {logging_mixin.py:188} INFO - [2024-03-07T12:03:13.254+0000] {dagbag.py:540} INFO - Filling up the DagBag from /opt/airflow/dags/S_Concurrent.py
[2024-03-07T12:03:13.374+0000] {processor.py:840} INFO - DAG(s) 'concurrent' retrieved from /opt/airflow/dags/S_Concurrent.py
[2024-03-07T12:03:13.417+0000] {logging_mixin.py:188} INFO - [2024-03-07T12:03:13.416+0000] {dag.py:3047} INFO - Sync 1 DAGs
[2024-03-07T12:03:13.433+0000] {logging_mixin.py:188} INFO - [2024-03-07T12:03:13.433+0000] {dag.py:3834} INFO - Setting next_dagrun for concurrent to None, run_after=None
[2024-03-07T12:03:13.514+0000] {processor.py:183} INFO - Processing /opt/airflow/dags/S_Concurrent.py took 0.315 seconds
[2024-03-07T12:03:43.636+0000] {processor.py:161} INFO - Started process (PID=660) to work on /opt/airflow/dags/S_Concurrent.py
[2024-03-07T12:03:43.637+0000] {processor.py:830} INFO - Processing file /opt/airflow/dags/S_Concurrent.py for tasks to queue
[2024-03-07T12:03:43.639+0000] {logging_mixin.py:188} INFO - [2024-03-07T12:03:43.638+0000] {dagbag.py:540} INFO - Filling up the DagBag from /opt/airflow/dags/S_Concurrent.py
[2024-03-07T12:03:43.737+0000] {processor.py:840} INFO - DAG(s) 'concurrent' retrieved from /opt/airflow/dags/S_Concurrent.py
[2024-03-07T12:03:43.768+0000] {logging_mixin.py:188} INFO - [2024-03-07T12:03:43.767+0000] {dag.py:3047} INFO - Sync 1 DAGs
[2024-03-07T12:03:43.795+0000] {logging_mixin.py:188} INFO - [2024-03-07T12:03:43.794+0000] {dag.py:3834} INFO - Setting next_dagrun for concurrent to None, run_after=None
[2024-03-07T12:03:43.898+0000] {processor.py:183} INFO - Processing /opt/airflow/dags/S_Concurrent.py took 0.264 seconds
[2024-03-07T12:04:14.218+0000] {processor.py:161} INFO - Started process (PID=665) to work on /opt/airflow/dags/S_Concurrent.py
[2024-03-07T12:04:14.220+0000] {processor.py:830} INFO - Processing file /opt/airflow/dags/S_Concurrent.py for tasks to queue
[2024-03-07T12:04:14.221+0000] {logging_mixin.py:188} INFO - [2024-03-07T12:04:14.220+0000] {dagbag.py:540} INFO - Filling up the DagBag from /opt/airflow/dags/S_Concurrent.py
[2024-03-07T12:04:14.331+0000] {processor.py:840} INFO - DAG(s) 'concurrent' retrieved from /opt/airflow/dags/S_Concurrent.py
[2024-03-07T12:04:14.365+0000] {logging_mixin.py:188} INFO - [2024-03-07T12:04:14.365+0000] {dag.py:3047} INFO - Sync 1 DAGs
[2024-03-07T12:04:14.380+0000] {logging_mixin.py:188} INFO - [2024-03-07T12:04:14.379+0000] {dag.py:3834} INFO - Setting next_dagrun for concurrent to None, run_after=None
[2024-03-07T12:04:14.467+0000] {processor.py:183} INFO - Processing /opt/airflow/dags/S_Concurrent.py took 0.252 seconds
[2024-03-07T12:04:44.981+0000] {processor.py:161} INFO - Started process (PID=670) to work on /opt/airflow/dags/S_Concurrent.py
[2024-03-07T12:04:44.986+0000] {processor.py:830} INFO - Processing file /opt/airflow/dags/S_Concurrent.py for tasks to queue
[2024-03-07T12:04:44.987+0000] {logging_mixin.py:188} INFO - [2024-03-07T12:04:44.987+0000] {dagbag.py:540} INFO - Filling up the DagBag from /opt/airflow/dags/S_Concurrent.py
[2024-03-07T12:04:45.100+0000] {processor.py:840} INFO - DAG(s) 'concurrent' retrieved from /opt/airflow/dags/S_Concurrent.py
[2024-03-07T12:04:45.135+0000] {logging_mixin.py:188} INFO - [2024-03-07T12:04:45.134+0000] {dag.py:3047} INFO - Sync 1 DAGs
[2024-03-07T12:04:45.237+0000] {logging_mixin.py:188} INFO - [2024-03-07T12:04:45.237+0000] {dag.py:3834} INFO - Setting next_dagrun for concurrent to None, run_after=None
[2024-03-07T12:04:45.577+0000] {processor.py:183} INFO - Processing /opt/airflow/dags/S_Concurrent.py took 0.613 seconds
[2024-03-07T12:05:15.988+0000] {processor.py:161} INFO - Started process (PID=675) to work on /opt/airflow/dags/S_Concurrent.py
[2024-03-07T12:05:15.989+0000] {processor.py:830} INFO - Processing file /opt/airflow/dags/S_Concurrent.py for tasks to queue
[2024-03-07T12:05:15.991+0000] {logging_mixin.py:188} INFO - [2024-03-07T12:05:15.990+0000] {dagbag.py:540} INFO - Filling up the DagBag from /opt/airflow/dags/S_Concurrent.py
[2024-03-07T12:05:16.108+0000] {processor.py:840} INFO - DAG(s) 'concurrent' retrieved from /opt/airflow/dags/S_Concurrent.py
[2024-03-07T12:05:16.140+0000] {logging_mixin.py:188} INFO - [2024-03-07T12:05:16.140+0000] {dag.py:3047} INFO - Sync 1 DAGs
[2024-03-07T12:05:16.154+0000] {logging_mixin.py:188} INFO - [2024-03-07T12:05:16.154+0000] {dag.py:3834} INFO - Setting next_dagrun for concurrent to None, run_after=None
[2024-03-07T12:05:16.221+0000] {processor.py:183} INFO - Processing /opt/airflow/dags/S_Concurrent.py took 0.236 seconds
[2024-03-07T12:05:46.749+0000] {processor.py:161} INFO - Started process (PID=680) to work on /opt/airflow/dags/S_Concurrent.py
[2024-03-07T12:05:46.751+0000] {processor.py:830} INFO - Processing file /opt/airflow/dags/S_Concurrent.py for tasks to queue
[2024-03-07T12:05:46.753+0000] {logging_mixin.py:188} INFO - [2024-03-07T12:05:46.752+0000] {dagbag.py:540} INFO - Filling up the DagBag from /opt/airflow/dags/S_Concurrent.py
[2024-03-07T12:05:46.861+0000] {processor.py:840} INFO - DAG(s) 'concurrent' retrieved from /opt/airflow/dags/S_Concurrent.py
[2024-03-07T12:05:46.899+0000] {logging_mixin.py:188} INFO - [2024-03-07T12:05:46.898+0000] {dag.py:3047} INFO - Sync 1 DAGs
[2024-03-07T12:05:46.913+0000] {logging_mixin.py:188} INFO - [2024-03-07T12:05:46.913+0000] {dag.py:3834} INFO - Setting next_dagrun for concurrent to None, run_after=None
[2024-03-07T12:05:47.041+0000] {processor.py:183} INFO - Processing /opt/airflow/dags/S_Concurrent.py took 0.303 seconds
[2024-03-07T12:06:17.675+0000] {processor.py:161} INFO - Started process (PID=685) to work on /opt/airflow/dags/S_Concurrent.py
[2024-03-07T12:06:17.677+0000] {processor.py:830} INFO - Processing file /opt/airflow/dags/S_Concurrent.py for tasks to queue
[2024-03-07T12:06:17.679+0000] {logging_mixin.py:188} INFO - [2024-03-07T12:06:17.678+0000] {dagbag.py:540} INFO - Filling up the DagBag from /opt/airflow/dags/S_Concurrent.py
[2024-03-07T12:06:17.908+0000] {processor.py:840} INFO - DAG(s) 'concurrent' retrieved from /opt/airflow/dags/S_Concurrent.py
[2024-03-07T12:06:18.285+0000] {logging_mixin.py:188} INFO - [2024-03-07T12:06:18.284+0000] {dag.py:3047} INFO - Sync 1 DAGs
[2024-03-07T12:06:18.522+0000] {logging_mixin.py:188} INFO - [2024-03-07T12:06:18.522+0000] {dag.py:3834} INFO - Setting next_dagrun for concurrent to None, run_after=None
[2024-03-07T12:06:18.679+0000] {processor.py:183} INFO - Processing /opt/airflow/dags/S_Concurrent.py took 1.017 seconds
[2024-03-07T12:06:49.026+0000] {processor.py:161} INFO - Started process (PID=690) to work on /opt/airflow/dags/S_Concurrent.py
[2024-03-07T12:06:49.028+0000] {processor.py:830} INFO - Processing file /opt/airflow/dags/S_Concurrent.py for tasks to queue
[2024-03-07T12:06:49.029+0000] {logging_mixin.py:188} INFO - [2024-03-07T12:06:49.029+0000] {dagbag.py:540} INFO - Filling up the DagBag from /opt/airflow/dags/S_Concurrent.py
[2024-03-07T12:06:49.178+0000] {processor.py:840} INFO - DAG(s) 'concurrent' retrieved from /opt/airflow/dags/S_Concurrent.py
[2024-03-07T12:06:49.240+0000] {logging_mixin.py:188} INFO - [2024-03-07T12:06:49.240+0000] {dag.py:3047} INFO - Sync 1 DAGs
[2024-03-07T12:06:49.273+0000] {logging_mixin.py:188} INFO - [2024-03-07T12:06:49.273+0000] {dag.py:3834} INFO - Setting next_dagrun for concurrent to None, run_after=None
[2024-03-07T12:06:49.365+0000] {processor.py:183} INFO - Processing /opt/airflow/dags/S_Concurrent.py took 0.344 seconds
[2024-03-07T12:07:19.567+0000] {processor.py:161} INFO - Started process (PID=695) to work on /opt/airflow/dags/S_Concurrent.py
[2024-03-07T12:07:19.568+0000] {processor.py:830} INFO - Processing file /opt/airflow/dags/S_Concurrent.py for tasks to queue
[2024-03-07T12:07:19.569+0000] {logging_mixin.py:188} INFO - [2024-03-07T12:07:19.569+0000] {dagbag.py:540} INFO - Filling up the DagBag from /opt/airflow/dags/S_Concurrent.py
[2024-03-07T12:07:19.682+0000] {processor.py:840} INFO - DAG(s) 'concurrent' retrieved from /opt/airflow/dags/S_Concurrent.py
[2024-03-07T12:07:19.715+0000] {logging_mixin.py:188} INFO - [2024-03-07T12:07:19.714+0000] {dag.py:3047} INFO - Sync 1 DAGs
[2024-03-07T12:07:19.731+0000] {logging_mixin.py:188} INFO - [2024-03-07T12:07:19.731+0000] {dag.py:3834} INFO - Setting next_dagrun for concurrent to None, run_after=None
[2024-03-07T12:07:19.799+0000] {processor.py:183} INFO - Processing /opt/airflow/dags/S_Concurrent.py took 0.235 seconds
[2024-03-07T12:07:50.447+0000] {processor.py:161} INFO - Started process (PID=700) to work on /opt/airflow/dags/S_Concurrent.py
[2024-03-07T12:07:50.449+0000] {processor.py:830} INFO - Processing file /opt/airflow/dags/S_Concurrent.py for tasks to queue
[2024-03-07T12:07:50.450+0000] {logging_mixin.py:188} INFO - [2024-03-07T12:07:50.449+0000] {dagbag.py:540} INFO - Filling up the DagBag from /opt/airflow/dags/S_Concurrent.py
[2024-03-07T12:07:50.625+0000] {processor.py:840} INFO - DAG(s) 'concurrent' retrieved from /opt/airflow/dags/S_Concurrent.py
[2024-03-07T12:07:50.676+0000] {logging_mixin.py:188} INFO - [2024-03-07T12:07:50.676+0000] {dag.py:3047} INFO - Sync 1 DAGs
[2024-03-07T12:07:50.695+0000] {logging_mixin.py:188} INFO - [2024-03-07T12:07:50.695+0000] {dag.py:3834} INFO - Setting next_dagrun for concurrent to None, run_after=None
[2024-03-07T12:07:50.794+0000] {processor.py:183} INFO - Processing /opt/airflow/dags/S_Concurrent.py took 0.351 seconds
[2024-03-07T12:08:21.347+0000] {processor.py:161} INFO - Started process (PID=705) to work on /opt/airflow/dags/S_Concurrent.py
[2024-03-07T12:08:21.348+0000] {processor.py:830} INFO - Processing file /opt/airflow/dags/S_Concurrent.py for tasks to queue
[2024-03-07T12:08:21.350+0000] {logging_mixin.py:188} INFO - [2024-03-07T12:08:21.349+0000] {dagbag.py:540} INFO - Filling up the DagBag from /opt/airflow/dags/S_Concurrent.py
[2024-03-07T12:08:21.470+0000] {processor.py:840} INFO - DAG(s) 'concurrent' retrieved from /opt/airflow/dags/S_Concurrent.py
[2024-03-07T12:08:21.507+0000] {logging_mixin.py:188} INFO - [2024-03-07T12:08:21.506+0000] {dag.py:3047} INFO - Sync 1 DAGs
[2024-03-07T12:08:21.521+0000] {logging_mixin.py:188} INFO - [2024-03-07T12:08:21.521+0000] {dag.py:3834} INFO - Setting next_dagrun for concurrent to None, run_after=None
[2024-03-07T12:08:21.614+0000] {processor.py:183} INFO - Processing /opt/airflow/dags/S_Concurrent.py took 0.271 seconds
[2024-03-07T12:08:52.232+0000] {processor.py:161} INFO - Started process (PID=710) to work on /opt/airflow/dags/S_Concurrent.py
[2024-03-07T12:08:52.233+0000] {processor.py:830} INFO - Processing file /opt/airflow/dags/S_Concurrent.py for tasks to queue
[2024-03-07T12:08:52.234+0000] {logging_mixin.py:188} INFO - [2024-03-07T12:08:52.234+0000] {dagbag.py:540} INFO - Filling up the DagBag from /opt/airflow/dags/S_Concurrent.py
[2024-03-07T12:08:52.354+0000] {processor.py:840} INFO - DAG(s) 'concurrent' retrieved from /opt/airflow/dags/S_Concurrent.py
[2024-03-07T12:08:52.387+0000] {logging_mixin.py:188} INFO - [2024-03-07T12:08:52.387+0000] {dag.py:3047} INFO - Sync 1 DAGs
[2024-03-07T12:08:52.403+0000] {logging_mixin.py:188} INFO - [2024-03-07T12:08:52.403+0000] {dag.py:3834} INFO - Setting next_dagrun for concurrent to None, run_after=None
[2024-03-07T12:08:52.476+0000] {processor.py:183} INFO - Processing /opt/airflow/dags/S_Concurrent.py took 0.248 seconds
[2024-03-07T12:09:22.926+0000] {processor.py:161} INFO - Started process (PID=715) to work on /opt/airflow/dags/S_Concurrent.py
[2024-03-07T12:09:22.928+0000] {processor.py:830} INFO - Processing file /opt/airflow/dags/S_Concurrent.py for tasks to queue
[2024-03-07T12:09:22.929+0000] {logging_mixin.py:188} INFO - [2024-03-07T12:09:22.929+0000] {dagbag.py:540} INFO - Filling up the DagBag from /opt/airflow/dags/S_Concurrent.py
[2024-03-07T12:09:23.074+0000] {processor.py:840} INFO - DAG(s) 'concurrent' retrieved from /opt/airflow/dags/S_Concurrent.py
[2024-03-07T12:09:23.109+0000] {logging_mixin.py:188} INFO - [2024-03-07T12:09:23.109+0000] {dag.py:3047} INFO - Sync 1 DAGs
[2024-03-07T12:09:23.124+0000] {logging_mixin.py:188} INFO - [2024-03-07T12:09:23.124+0000] {dag.py:3834} INFO - Setting next_dagrun for concurrent to None, run_after=None
[2024-03-07T12:09:23.195+0000] {processor.py:183} INFO - Processing /opt/airflow/dags/S_Concurrent.py took 0.272 seconds
[2024-03-07T12:09:53.624+0000] {processor.py:161} INFO - Started process (PID=720) to work on /opt/airflow/dags/S_Concurrent.py
[2024-03-07T12:09:53.626+0000] {processor.py:830} INFO - Processing file /opt/airflow/dags/S_Concurrent.py for tasks to queue
[2024-03-07T12:09:53.629+0000] {logging_mixin.py:188} INFO - [2024-03-07T12:09:53.627+0000] {dagbag.py:540} INFO - Filling up the DagBag from /opt/airflow/dags/S_Concurrent.py
[2024-03-07T12:09:53.761+0000] {processor.py:840} INFO - DAG(s) 'concurrent' retrieved from /opt/airflow/dags/S_Concurrent.py
[2024-03-07T12:09:53.801+0000] {logging_mixin.py:188} INFO - [2024-03-07T12:09:53.800+0000] {dag.py:3047} INFO - Sync 1 DAGs
[2024-03-07T12:09:53.817+0000] {logging_mixin.py:188} INFO - [2024-03-07T12:09:53.817+0000] {dag.py:3834} INFO - Setting next_dagrun for concurrent to None, run_after=None
[2024-03-07T12:09:53.907+0000] {processor.py:183} INFO - Processing /opt/airflow/dags/S_Concurrent.py took 0.287 seconds
[2024-03-07T12:10:24.502+0000] {processor.py:161} INFO - Started process (PID=725) to work on /opt/airflow/dags/S_Concurrent.py
[2024-03-07T12:10:24.503+0000] {processor.py:830} INFO - Processing file /opt/airflow/dags/S_Concurrent.py for tasks to queue
[2024-03-07T12:10:24.505+0000] {logging_mixin.py:188} INFO - [2024-03-07T12:10:24.504+0000] {dagbag.py:540} INFO - Filling up the DagBag from /opt/airflow/dags/S_Concurrent.py
[2024-03-07T12:10:24.622+0000] {processor.py:840} INFO - DAG(s) 'concurrent' retrieved from /opt/airflow/dags/S_Concurrent.py
[2024-03-07T12:10:24.654+0000] {logging_mixin.py:188} INFO - [2024-03-07T12:10:24.654+0000] {dag.py:3047} INFO - Sync 1 DAGs
[2024-03-07T12:10:24.670+0000] {logging_mixin.py:188} INFO - [2024-03-07T12:10:24.670+0000] {dag.py:3834} INFO - Setting next_dagrun for concurrent to None, run_after=None
[2024-03-07T12:10:24.763+0000] {processor.py:183} INFO - Processing /opt/airflow/dags/S_Concurrent.py took 0.265 seconds
[2024-03-07T12:10:55.412+0000] {processor.py:161} INFO - Started process (PID=730) to work on /opt/airflow/dags/S_Concurrent.py
[2024-03-07T12:10:55.414+0000] {processor.py:830} INFO - Processing file /opt/airflow/dags/S_Concurrent.py for tasks to queue
[2024-03-07T12:10:55.415+0000] {logging_mixin.py:188} INFO - [2024-03-07T12:10:55.414+0000] {dagbag.py:540} INFO - Filling up the DagBag from /opt/airflow/dags/S_Concurrent.py
[2024-03-07T12:10:55.533+0000] {processor.py:840} INFO - DAG(s) 'concurrent' retrieved from /opt/airflow/dags/S_Concurrent.py
[2024-03-07T12:10:55.566+0000] {logging_mixin.py:188} INFO - [2024-03-07T12:10:55.565+0000] {dag.py:3047} INFO - Sync 1 DAGs
[2024-03-07T12:10:55.580+0000] {logging_mixin.py:188} INFO - [2024-03-07T12:10:55.580+0000] {dag.py:3834} INFO - Setting next_dagrun for concurrent to None, run_after=None
[2024-03-07T12:10:55.684+0000] {processor.py:183} INFO - Processing /opt/airflow/dags/S_Concurrent.py took 0.275 seconds
[2024-03-07T12:11:26.209+0000] {processor.py:161} INFO - Started process (PID=735) to work on /opt/airflow/dags/S_Concurrent.py
[2024-03-07T12:11:26.211+0000] {processor.py:830} INFO - Processing file /opt/airflow/dags/S_Concurrent.py for tasks to queue
[2024-03-07T12:11:26.213+0000] {logging_mixin.py:188} INFO - [2024-03-07T12:11:26.212+0000] {dagbag.py:540} INFO - Filling up the DagBag from /opt/airflow/dags/S_Concurrent.py
[2024-03-07T12:11:26.333+0000] {processor.py:840} INFO - DAG(s) 'concurrent' retrieved from /opt/airflow/dags/S_Concurrent.py
[2024-03-07T12:11:26.365+0000] {logging_mixin.py:188} INFO - [2024-03-07T12:11:26.365+0000] {dag.py:3047} INFO - Sync 1 DAGs
[2024-03-07T12:11:26.383+0000] {logging_mixin.py:188} INFO - [2024-03-07T12:11:26.383+0000] {dag.py:3834} INFO - Setting next_dagrun for concurrent to None, run_after=None
[2024-03-07T12:11:26.474+0000] {processor.py:183} INFO - Processing /opt/airflow/dags/S_Concurrent.py took 0.270 seconds
[2024-03-07T12:11:56.974+0000] {processor.py:161} INFO - Started process (PID=740) to work on /opt/airflow/dags/S_Concurrent.py
[2024-03-07T12:11:56.976+0000] {processor.py:830} INFO - Processing file /opt/airflow/dags/S_Concurrent.py for tasks to queue
[2024-03-07T12:11:56.977+0000] {logging_mixin.py:188} INFO - [2024-03-07T12:11:56.976+0000] {dagbag.py:540} INFO - Filling up the DagBag from /opt/airflow/dags/S_Concurrent.py
[2024-03-07T12:11:57.091+0000] {processor.py:840} INFO - DAG(s) 'concurrent' retrieved from /opt/airflow/dags/S_Concurrent.py
[2024-03-07T12:11:57.122+0000] {logging_mixin.py:188} INFO - [2024-03-07T12:11:57.122+0000] {dag.py:3047} INFO - Sync 1 DAGs
[2024-03-07T12:11:57.136+0000] {logging_mixin.py:188} INFO - [2024-03-07T12:11:57.136+0000] {dag.py:3834} INFO - Setting next_dagrun for concurrent to None, run_after=None
[2024-03-07T12:11:57.216+0000] {processor.py:183} INFO - Processing /opt/airflow/dags/S_Concurrent.py took 0.246 seconds
[2024-03-07T12:12:27.468+0000] {processor.py:161} INFO - Started process (PID=745) to work on /opt/airflow/dags/S_Concurrent.py
[2024-03-07T12:12:27.469+0000] {processor.py:830} INFO - Processing file /opt/airflow/dags/S_Concurrent.py for tasks to queue
[2024-03-07T12:12:27.471+0000] {logging_mixin.py:188} INFO - [2024-03-07T12:12:27.470+0000] {dagbag.py:540} INFO - Filling up the DagBag from /opt/airflow/dags/S_Concurrent.py
[2024-03-07T12:12:27.597+0000] {processor.py:840} INFO - DAG(s) 'concurrent' retrieved from /opt/airflow/dags/S_Concurrent.py
[2024-03-07T12:12:27.633+0000] {logging_mixin.py:188} INFO - [2024-03-07T12:12:27.633+0000] {dag.py:3047} INFO - Sync 1 DAGs
[2024-03-07T12:12:27.648+0000] {logging_mixin.py:188} INFO - [2024-03-07T12:12:27.647+0000] {dag.py:3834} INFO - Setting next_dagrun for concurrent to None, run_after=None
[2024-03-07T12:12:27.724+0000] {processor.py:183} INFO - Processing /opt/airflow/dags/S_Concurrent.py took 0.260 seconds
[2024-03-07T12:12:58.212+0000] {processor.py:161} INFO - Started process (PID=750) to work on /opt/airflow/dags/S_Concurrent.py
[2024-03-07T12:12:58.213+0000] {processor.py:830} INFO - Processing file /opt/airflow/dags/S_Concurrent.py for tasks to queue
[2024-03-07T12:12:58.214+0000] {logging_mixin.py:188} INFO - [2024-03-07T12:12:58.214+0000] {dagbag.py:540} INFO - Filling up the DagBag from /opt/airflow/dags/S_Concurrent.py
[2024-03-07T12:12:58.322+0000] {processor.py:840} INFO - DAG(s) 'concurrent' retrieved from /opt/airflow/dags/S_Concurrent.py
[2024-03-07T12:12:58.353+0000] {logging_mixin.py:188} INFO - [2024-03-07T12:12:58.353+0000] {dag.py:3047} INFO - Sync 1 DAGs
[2024-03-07T12:12:58.367+0000] {logging_mixin.py:188} INFO - [2024-03-07T12:12:58.367+0000] {dag.py:3834} INFO - Setting next_dagrun for concurrent to None, run_after=None
[2024-03-07T12:12:58.442+0000] {processor.py:183} INFO - Processing /opt/airflow/dags/S_Concurrent.py took 0.233 seconds
[2024-03-07T12:13:29.032+0000] {processor.py:161} INFO - Started process (PID=755) to work on /opt/airflow/dags/S_Concurrent.py
[2024-03-07T12:13:29.033+0000] {processor.py:830} INFO - Processing file /opt/airflow/dags/S_Concurrent.py for tasks to queue
[2024-03-07T12:13:29.035+0000] {logging_mixin.py:188} INFO - [2024-03-07T12:13:29.034+0000] {dagbag.py:540} INFO - Filling up the DagBag from /opt/airflow/dags/S_Concurrent.py
[2024-03-07T12:13:29.140+0000] {processor.py:840} INFO - DAG(s) 'concurrent' retrieved from /opt/airflow/dags/S_Concurrent.py
[2024-03-07T12:13:29.171+0000] {logging_mixin.py:188} INFO - [2024-03-07T12:13:29.171+0000] {dag.py:3047} INFO - Sync 1 DAGs
[2024-03-07T12:13:29.185+0000] {logging_mixin.py:188} INFO - [2024-03-07T12:13:29.185+0000] {dag.py:3834} INFO - Setting next_dagrun for concurrent to None, run_after=None
[2024-03-07T12:13:29.252+0000] {processor.py:183} INFO - Processing /opt/airflow/dags/S_Concurrent.py took 0.224 seconds
[2024-03-07T12:13:59.845+0000] {processor.py:161} INFO - Started process (PID=760) to work on /opt/airflow/dags/S_Concurrent.py
[2024-03-07T12:13:59.846+0000] {processor.py:830} INFO - Processing file /opt/airflow/dags/S_Concurrent.py for tasks to queue
[2024-03-07T12:13:59.848+0000] {logging_mixin.py:188} INFO - [2024-03-07T12:13:59.847+0000] {dagbag.py:540} INFO - Filling up the DagBag from /opt/airflow/dags/S_Concurrent.py
[2024-03-07T12:13:59.990+0000] {processor.py:840} INFO - DAG(s) 'concurrent' retrieved from /opt/airflow/dags/S_Concurrent.py
[2024-03-07T12:14:00.033+0000] {logging_mixin.py:188} INFO - [2024-03-07T12:14:00.033+0000] {dag.py:3047} INFO - Sync 1 DAGs
[2024-03-07T12:14:00.049+0000] {logging_mixin.py:188} INFO - [2024-03-07T12:14:00.049+0000] {dag.py:3834} INFO - Setting next_dagrun for concurrent to None, run_after=None
[2024-03-07T12:14:00.124+0000] {processor.py:183} INFO - Processing /opt/airflow/dags/S_Concurrent.py took 0.282 seconds
[2024-03-07T12:14:30.858+0000] {processor.py:161} INFO - Started process (PID=765) to work on /opt/airflow/dags/S_Concurrent.py
[2024-03-07T12:14:30.860+0000] {processor.py:830} INFO - Processing file /opt/airflow/dags/S_Concurrent.py for tasks to queue
[2024-03-07T12:14:30.861+0000] {logging_mixin.py:188} INFO - [2024-03-07T12:14:30.861+0000] {dagbag.py:540} INFO - Filling up the DagBag from /opt/airflow/dags/S_Concurrent.py
[2024-03-07T12:14:31.143+0000] {processor.py:840} INFO - DAG(s) 'concurrent' retrieved from /opt/airflow/dags/S_Concurrent.py
[2024-03-07T12:14:31.193+0000] {logging_mixin.py:188} INFO - [2024-03-07T12:14:31.193+0000] {dag.py:3047} INFO - Sync 1 DAGs
[2024-03-07T12:14:31.211+0000] {logging_mixin.py:188} INFO - [2024-03-07T12:14:31.211+0000] {dag.py:3834} INFO - Setting next_dagrun for concurrent to None, run_after=None
[2024-03-07T12:14:31.303+0000] {processor.py:183} INFO - Processing /opt/airflow/dags/S_Concurrent.py took 0.450 seconds
[2024-03-07T12:15:01.780+0000] {processor.py:161} INFO - Started process (PID=770) to work on /opt/airflow/dags/S_Concurrent.py
[2024-03-07T12:15:01.782+0000] {processor.py:830} INFO - Processing file /opt/airflow/dags/S_Concurrent.py for tasks to queue
[2024-03-07T12:15:01.784+0000] {logging_mixin.py:188} INFO - [2024-03-07T12:15:01.784+0000] {dagbag.py:540} INFO - Filling up the DagBag from /opt/airflow/dags/S_Concurrent.py
[2024-03-07T12:15:01.942+0000] {processor.py:840} INFO - DAG(s) 'concurrent' retrieved from /opt/airflow/dags/S_Concurrent.py
[2024-03-07T12:15:01.976+0000] {logging_mixin.py:188} INFO - [2024-03-07T12:15:01.976+0000] {dag.py:3047} INFO - Sync 1 DAGs
[2024-03-07T12:15:01.991+0000] {logging_mixin.py:188} INFO - [2024-03-07T12:15:01.990+0000] {dag.py:3834} INFO - Setting next_dagrun for concurrent to None, run_after=None
[2024-03-07T12:15:02.087+0000] {processor.py:183} INFO - Processing /opt/airflow/dags/S_Concurrent.py took 0.310 seconds
[2024-03-07T12:15:32.657+0000] {processor.py:161} INFO - Started process (PID=775) to work on /opt/airflow/dags/S_Concurrent.py
[2024-03-07T12:15:32.658+0000] {processor.py:830} INFO - Processing file /opt/airflow/dags/S_Concurrent.py for tasks to queue
[2024-03-07T12:15:32.660+0000] {logging_mixin.py:188} INFO - [2024-03-07T12:15:32.659+0000] {dagbag.py:540} INFO - Filling up the DagBag from /opt/airflow/dags/S_Concurrent.py
[2024-03-07T12:15:32.781+0000] {processor.py:840} INFO - DAG(s) 'concurrent' retrieved from /opt/airflow/dags/S_Concurrent.py
[2024-03-07T12:15:32.813+0000] {logging_mixin.py:188} INFO - [2024-03-07T12:15:32.812+0000] {dag.py:3047} INFO - Sync 1 DAGs
[2024-03-07T12:15:32.828+0000] {logging_mixin.py:188} INFO - [2024-03-07T12:15:32.828+0000] {dag.py:3834} INFO - Setting next_dagrun for concurrent to None, run_after=None
[2024-03-07T12:15:32.919+0000] {processor.py:183} INFO - Processing /opt/airflow/dags/S_Concurrent.py took 0.265 seconds
[2024-03-07T12:16:03.449+0000] {processor.py:161} INFO - Started process (PID=780) to work on /opt/airflow/dags/S_Concurrent.py
[2024-03-07T12:16:03.450+0000] {processor.py:830} INFO - Processing file /opt/airflow/dags/S_Concurrent.py for tasks to queue
[2024-03-07T12:16:03.451+0000] {logging_mixin.py:188} INFO - [2024-03-07T12:16:03.451+0000] {dagbag.py:540} INFO - Filling up the DagBag from /opt/airflow/dags/S_Concurrent.py
[2024-03-07T12:16:03.576+0000] {processor.py:840} INFO - DAG(s) 'concurrent' retrieved from /opt/airflow/dags/S_Concurrent.py
[2024-03-07T12:16:03.611+0000] {logging_mixin.py:188} INFO - [2024-03-07T12:16:03.611+0000] {dag.py:3047} INFO - Sync 1 DAGs
[2024-03-07T12:16:03.625+0000] {logging_mixin.py:188} INFO - [2024-03-07T12:16:03.625+0000] {dag.py:3834} INFO - Setting next_dagrun for concurrent to None, run_after=None
[2024-03-07T12:16:03.696+0000] {processor.py:183} INFO - Processing /opt/airflow/dags/S_Concurrent.py took 0.250 seconds
[2024-03-07T12:16:34.315+0000] {processor.py:161} INFO - Started process (PID=785) to work on /opt/airflow/dags/S_Concurrent.py
[2024-03-07T12:16:34.316+0000] {processor.py:830} INFO - Processing file /opt/airflow/dags/S_Concurrent.py for tasks to queue
[2024-03-07T12:16:34.318+0000] {logging_mixin.py:188} INFO - [2024-03-07T12:16:34.317+0000] {dagbag.py:540} INFO - Filling up the DagBag from /opt/airflow/dags/S_Concurrent.py
[2024-03-07T12:16:34.449+0000] {processor.py:840} INFO - DAG(s) 'concurrent' retrieved from /opt/airflow/dags/S_Concurrent.py
[2024-03-07T12:16:34.482+0000] {logging_mixin.py:188} INFO - [2024-03-07T12:16:34.482+0000] {dag.py:3047} INFO - Sync 1 DAGs
[2024-03-07T12:16:34.497+0000] {logging_mixin.py:188} INFO - [2024-03-07T12:16:34.496+0000] {dag.py:3834} INFO - Setting next_dagrun for concurrent to None, run_after=None
[2024-03-07T12:16:34.567+0000] {processor.py:183} INFO - Processing /opt/airflow/dags/S_Concurrent.py took 0.256 seconds
[2024-03-07T12:17:05.163+0000] {processor.py:161} INFO - Started process (PID=790) to work on /opt/airflow/dags/S_Concurrent.py
[2024-03-07T12:17:05.164+0000] {processor.py:830} INFO - Processing file /opt/airflow/dags/S_Concurrent.py for tasks to queue
[2024-03-07T12:17:05.165+0000] {logging_mixin.py:188} INFO - [2024-03-07T12:17:05.165+0000] {dagbag.py:540} INFO - Filling up the DagBag from /opt/airflow/dags/S_Concurrent.py
[2024-03-07T12:17:05.280+0000] {processor.py:840} INFO - DAG(s) 'concurrent' retrieved from /opt/airflow/dags/S_Concurrent.py
[2024-03-07T12:17:05.314+0000] {logging_mixin.py:188} INFO - [2024-03-07T12:17:05.314+0000] {dag.py:3047} INFO - Sync 1 DAGs
[2024-03-07T12:17:05.345+0000] {logging_mixin.py:188} INFO - [2024-03-07T12:17:05.345+0000] {dag.py:3834} INFO - Setting next_dagrun for concurrent to None, run_after=None
[2024-03-07T12:17:05.525+0000] {processor.py:183} INFO - Processing /opt/airflow/dags/S_Concurrent.py took 0.365 seconds
[2024-03-07T12:17:36.242+0000] {processor.py:161} INFO - Started process (PID=795) to work on /opt/airflow/dags/S_Concurrent.py
[2024-03-07T12:17:36.243+0000] {processor.py:830} INFO - Processing file /opt/airflow/dags/S_Concurrent.py for tasks to queue
[2024-03-07T12:17:36.245+0000] {logging_mixin.py:188} INFO - [2024-03-07T12:17:36.244+0000] {dagbag.py:540} INFO - Filling up the DagBag from /opt/airflow/dags/S_Concurrent.py
[2024-03-07T12:17:36.354+0000] {processor.py:840} INFO - DAG(s) 'concurrent' retrieved from /opt/airflow/dags/S_Concurrent.py
[2024-03-07T12:17:36.383+0000] {logging_mixin.py:188} INFO - [2024-03-07T12:17:36.383+0000] {dag.py:3047} INFO - Sync 1 DAGs
[2024-03-07T12:17:36.398+0000] {logging_mixin.py:188} INFO - [2024-03-07T12:17:36.398+0000] {dag.py:3834} INFO - Setting next_dagrun for concurrent to None, run_after=None
[2024-03-07T12:17:36.508+0000] {processor.py:183} INFO - Processing /opt/airflow/dags/S_Concurrent.py took 0.269 seconds
[2024-03-07T12:18:07.124+0000] {processor.py:161} INFO - Started process (PID=800) to work on /opt/airflow/dags/S_Concurrent.py
[2024-03-07T12:18:07.125+0000] {processor.py:830} INFO - Processing file /opt/airflow/dags/S_Concurrent.py for tasks to queue
[2024-03-07T12:18:07.127+0000] {logging_mixin.py:188} INFO - [2024-03-07T12:18:07.126+0000] {dagbag.py:540} INFO - Filling up the DagBag from /opt/airflow/dags/S_Concurrent.py
[2024-03-07T12:18:07.256+0000] {processor.py:840} INFO - DAG(s) 'concurrent' retrieved from /opt/airflow/dags/S_Concurrent.py
[2024-03-07T12:18:07.289+0000] {logging_mixin.py:188} INFO - [2024-03-07T12:18:07.289+0000] {dag.py:3047} INFO - Sync 1 DAGs
[2024-03-07T12:18:07.302+0000] {logging_mixin.py:188} INFO - [2024-03-07T12:18:07.301+0000] {dag.py:3834} INFO - Setting next_dagrun for concurrent to None, run_after=None
[2024-03-07T12:18:07.373+0000] {processor.py:183} INFO - Processing /opt/airflow/dags/S_Concurrent.py took 0.252 seconds
[2024-03-07T12:18:37.960+0000] {processor.py:161} INFO - Started process (PID=805) to work on /opt/airflow/dags/S_Concurrent.py
[2024-03-07T12:18:37.962+0000] {processor.py:830} INFO - Processing file /opt/airflow/dags/S_Concurrent.py for tasks to queue
[2024-03-07T12:18:37.963+0000] {logging_mixin.py:188} INFO - [2024-03-07T12:18:37.962+0000] {dagbag.py:540} INFO - Filling up the DagBag from /opt/airflow/dags/S_Concurrent.py
[2024-03-07T12:18:38.091+0000] {processor.py:840} INFO - DAG(s) 'concurrent' retrieved from /opt/airflow/dags/S_Concurrent.py
[2024-03-07T12:18:38.131+0000] {logging_mixin.py:188} INFO - [2024-03-07T12:18:38.131+0000] {dag.py:3047} INFO - Sync 1 DAGs
[2024-03-07T12:18:38.147+0000] {logging_mixin.py:188} INFO - [2024-03-07T12:18:38.147+0000] {dag.py:3834} INFO - Setting next_dagrun for concurrent to None, run_after=None
[2024-03-07T12:18:38.229+0000] {processor.py:183} INFO - Processing /opt/airflow/dags/S_Concurrent.py took 0.272 seconds
[2024-03-07T12:19:08.884+0000] {processor.py:161} INFO - Started process (PID=810) to work on /opt/airflow/dags/S_Concurrent.py
[2024-03-07T12:19:08.886+0000] {processor.py:830} INFO - Processing file /opt/airflow/dags/S_Concurrent.py for tasks to queue
[2024-03-07T12:19:08.887+0000] {logging_mixin.py:188} INFO - [2024-03-07T12:19:08.887+0000] {dagbag.py:540} INFO - Filling up the DagBag from /opt/airflow/dags/S_Concurrent.py
[2024-03-07T12:19:09.041+0000] {processor.py:840} INFO - DAG(s) 'concurrent' retrieved from /opt/airflow/dags/S_Concurrent.py
[2024-03-07T12:19:09.078+0000] {logging_mixin.py:188} INFO - [2024-03-07T12:19:09.078+0000] {dag.py:3047} INFO - Sync 1 DAGs
[2024-03-07T12:19:09.094+0000] {logging_mixin.py:188} INFO - [2024-03-07T12:19:09.094+0000] {dag.py:3834} INFO - Setting next_dagrun for concurrent to None, run_after=None
[2024-03-07T12:19:09.173+0000] {processor.py:183} INFO - Processing /opt/airflow/dags/S_Concurrent.py took 0.292 seconds
[2024-03-07T12:19:39.531+0000] {processor.py:161} INFO - Started process (PID=815) to work on /opt/airflow/dags/S_Concurrent.py
[2024-03-07T12:19:39.532+0000] {processor.py:830} INFO - Processing file /opt/airflow/dags/S_Concurrent.py for tasks to queue
[2024-03-07T12:19:39.535+0000] {logging_mixin.py:188} INFO - [2024-03-07T12:19:39.534+0000] {dagbag.py:540} INFO - Filling up the DagBag from /opt/airflow/dags/S_Concurrent.py
[2024-03-07T12:19:39.647+0000] {processor.py:840} INFO - DAG(s) 'concurrent' retrieved from /opt/airflow/dags/S_Concurrent.py
[2024-03-07T12:19:39.681+0000] {logging_mixin.py:188} INFO - [2024-03-07T12:19:39.681+0000] {dag.py:3047} INFO - Sync 1 DAGs
[2024-03-07T12:19:39.698+0000] {logging_mixin.py:188} INFO - [2024-03-07T12:19:39.698+0000] {dag.py:3834} INFO - Setting next_dagrun for concurrent to None, run_after=None
[2024-03-07T12:19:39.777+0000] {processor.py:183} INFO - Processing /opt/airflow/dags/S_Concurrent.py took 0.249 seconds
[2024-03-07T12:20:10.341+0000] {processor.py:161} INFO - Started process (PID=820) to work on /opt/airflow/dags/S_Concurrent.py
[2024-03-07T12:20:10.342+0000] {processor.py:830} INFO - Processing file /opt/airflow/dags/S_Concurrent.py for tasks to queue
[2024-03-07T12:20:10.343+0000] {logging_mixin.py:188} INFO - [2024-03-07T12:20:10.343+0000] {dagbag.py:540} INFO - Filling up the DagBag from /opt/airflow/dags/S_Concurrent.py
[2024-03-07T12:20:10.458+0000] {processor.py:840} INFO - DAG(s) 'concurrent' retrieved from /opt/airflow/dags/S_Concurrent.py
[2024-03-07T12:20:10.491+0000] {logging_mixin.py:188} INFO - [2024-03-07T12:20:10.490+0000] {dag.py:3047} INFO - Sync 1 DAGs
[2024-03-07T12:20:10.507+0000] {logging_mixin.py:188} INFO - [2024-03-07T12:20:10.506+0000] {dag.py:3834} INFO - Setting next_dagrun for concurrent to None, run_after=None
[2024-03-07T12:20:10.579+0000] {processor.py:183} INFO - Processing /opt/airflow/dags/S_Concurrent.py took 0.241 seconds
[2024-03-07T12:20:41.211+0000] {processor.py:161} INFO - Started process (PID=825) to work on /opt/airflow/dags/S_Concurrent.py
[2024-03-07T12:20:41.213+0000] {processor.py:830} INFO - Processing file /opt/airflow/dags/S_Concurrent.py for tasks to queue
[2024-03-07T12:20:41.215+0000] {logging_mixin.py:188} INFO - [2024-03-07T12:20:41.214+0000] {dagbag.py:540} INFO - Filling up the DagBag from /opt/airflow/dags/S_Concurrent.py
[2024-03-07T12:20:41.351+0000] {processor.py:840} INFO - DAG(s) 'concurrent' retrieved from /opt/airflow/dags/S_Concurrent.py
[2024-03-07T12:20:41.380+0000] {logging_mixin.py:188} INFO - [2024-03-07T12:20:41.380+0000] {dag.py:3047} INFO - Sync 1 DAGs
[2024-03-07T12:20:41.394+0000] {logging_mixin.py:188} INFO - [2024-03-07T12:20:41.394+0000] {dag.py:3834} INFO - Setting next_dagrun for concurrent to None, run_after=None
[2024-03-07T12:20:41.464+0000] {processor.py:183} INFO - Processing /opt/airflow/dags/S_Concurrent.py took 0.258 seconds
[2024-03-07T12:21:11.707+0000] {processor.py:161} INFO - Started process (PID=830) to work on /opt/airflow/dags/S_Concurrent.py
[2024-03-07T12:21:11.711+0000] {processor.py:830} INFO - Processing file /opt/airflow/dags/S_Concurrent.py for tasks to queue
[2024-03-07T12:21:11.713+0000] {logging_mixin.py:188} INFO - [2024-03-07T12:21:11.712+0000] {dagbag.py:540} INFO - Filling up the DagBag from /opt/airflow/dags/S_Concurrent.py
[2024-03-07T12:21:11.842+0000] {processor.py:840} INFO - DAG(s) 'concurrent' retrieved from /opt/airflow/dags/S_Concurrent.py
[2024-03-07T12:21:11.871+0000] {logging_mixin.py:188} INFO - [2024-03-07T12:21:11.870+0000] {dag.py:3047} INFO - Sync 1 DAGs
[2024-03-07T12:21:11.888+0000] {logging_mixin.py:188} INFO - [2024-03-07T12:21:11.888+0000] {dag.py:3834} INFO - Setting next_dagrun for concurrent to None, run_after=None
[2024-03-07T12:21:11.971+0000] {processor.py:183} INFO - Processing /opt/airflow/dags/S_Concurrent.py took 0.267 seconds
[2024-03-07T12:21:42.298+0000] {processor.py:161} INFO - Started process (PID=835) to work on /opt/airflow/dags/S_Concurrent.py
[2024-03-07T12:21:42.299+0000] {processor.py:830} INFO - Processing file /opt/airflow/dags/S_Concurrent.py for tasks to queue
[2024-03-07T12:21:42.300+0000] {logging_mixin.py:188} INFO - [2024-03-07T12:21:42.300+0000] {dagbag.py:540} INFO - Filling up the DagBag from /opt/airflow/dags/S_Concurrent.py
[2024-03-07T12:21:42.422+0000] {processor.py:840} INFO - DAG(s) 'concurrent' retrieved from /opt/airflow/dags/S_Concurrent.py
[2024-03-07T12:21:42.454+0000] {logging_mixin.py:188} INFO - [2024-03-07T12:21:42.454+0000] {dag.py:3047} INFO - Sync 1 DAGs
[2024-03-07T12:21:42.470+0000] {logging_mixin.py:188} INFO - [2024-03-07T12:21:42.469+0000] {dag.py:3834} INFO - Setting next_dagrun for concurrent to None, run_after=None
[2024-03-07T12:21:42.556+0000] {processor.py:183} INFO - Processing /opt/airflow/dags/S_Concurrent.py took 0.262 seconds
[2024-03-07T12:22:13.175+0000] {processor.py:161} INFO - Started process (PID=840) to work on /opt/airflow/dags/S_Concurrent.py
[2024-03-07T12:22:13.177+0000] {processor.py:830} INFO - Processing file /opt/airflow/dags/S_Concurrent.py for tasks to queue
[2024-03-07T12:22:13.178+0000] {logging_mixin.py:188} INFO - [2024-03-07T12:22:13.177+0000] {dagbag.py:540} INFO - Filling up the DagBag from /opt/airflow/dags/S_Concurrent.py
[2024-03-07T12:22:13.289+0000] {processor.py:840} INFO - DAG(s) 'concurrent' retrieved from /opt/airflow/dags/S_Concurrent.py
[2024-03-07T12:22:13.321+0000] {logging_mixin.py:188} INFO - [2024-03-07T12:22:13.321+0000] {dag.py:3047} INFO - Sync 1 DAGs
[2024-03-07T12:22:13.335+0000] {logging_mixin.py:188} INFO - [2024-03-07T12:22:13.335+0000] {dag.py:3834} INFO - Setting next_dagrun for concurrent to None, run_after=None
[2024-03-07T12:22:13.399+0000] {processor.py:183} INFO - Processing /opt/airflow/dags/S_Concurrent.py took 0.227 seconds
[2024-03-07T12:22:43.904+0000] {processor.py:161} INFO - Started process (PID=845) to work on /opt/airflow/dags/S_Concurrent.py
[2024-03-07T12:22:43.905+0000] {processor.py:830} INFO - Processing file /opt/airflow/dags/S_Concurrent.py for tasks to queue
[2024-03-07T12:22:43.906+0000] {logging_mixin.py:188} INFO - [2024-03-07T12:22:43.905+0000] {dagbag.py:540} INFO - Filling up the DagBag from /opt/airflow/dags/S_Concurrent.py
[2024-03-07T12:22:44.029+0000] {processor.py:840} INFO - DAG(s) 'concurrent' retrieved from /opt/airflow/dags/S_Concurrent.py
[2024-03-07T12:22:44.063+0000] {logging_mixin.py:188} INFO - [2024-03-07T12:22:44.063+0000] {dag.py:3047} INFO - Sync 1 DAGs
[2024-03-07T12:22:44.079+0000] {logging_mixin.py:188} INFO - [2024-03-07T12:22:44.078+0000] {dag.py:3834} INFO - Setting next_dagrun for concurrent to None, run_after=None
[2024-03-07T12:22:44.166+0000] {processor.py:183} INFO - Processing /opt/airflow/dags/S_Concurrent.py took 0.265 seconds
[2024-03-07T12:23:14.411+0000] {processor.py:161} INFO - Started process (PID=850) to work on /opt/airflow/dags/S_Concurrent.py
[2024-03-07T12:23:14.412+0000] {processor.py:830} INFO - Processing file /opt/airflow/dags/S_Concurrent.py for tasks to queue
[2024-03-07T12:23:14.413+0000] {logging_mixin.py:188} INFO - [2024-03-07T12:23:14.413+0000] {dagbag.py:540} INFO - Filling up the DagBag from /opt/airflow/dags/S_Concurrent.py
[2024-03-07T12:23:14.530+0000] {processor.py:840} INFO - DAG(s) 'concurrent' retrieved from /opt/airflow/dags/S_Concurrent.py
[2024-03-07T12:23:14.562+0000] {logging_mixin.py:188} INFO - [2024-03-07T12:23:14.562+0000] {dag.py:3047} INFO - Sync 1 DAGs
[2024-03-07T12:23:14.580+0000] {logging_mixin.py:188} INFO - [2024-03-07T12:23:14.580+0000] {dag.py:3834} INFO - Setting next_dagrun for concurrent to None, run_after=None
[2024-03-07T12:23:14.654+0000] {processor.py:183} INFO - Processing /opt/airflow/dags/S_Concurrent.py took 0.247 seconds
[2024-03-07T12:23:45.356+0000] {processor.py:161} INFO - Started process (PID=855) to work on /opt/airflow/dags/S_Concurrent.py
[2024-03-07T12:23:45.358+0000] {processor.py:830} INFO - Processing file /opt/airflow/dags/S_Concurrent.py for tasks to queue
[2024-03-07T12:23:45.359+0000] {logging_mixin.py:188} INFO - [2024-03-07T12:23:45.358+0000] {dagbag.py:540} INFO - Filling up the DagBag from /opt/airflow/dags/S_Concurrent.py
[2024-03-07T12:23:45.505+0000] {processor.py:840} INFO - DAG(s) 'concurrent' retrieved from /opt/airflow/dags/S_Concurrent.py
[2024-03-07T12:23:45.614+0000] {logging_mixin.py:188} INFO - [2024-03-07T12:23:45.614+0000] {dag.py:3047} INFO - Sync 1 DAGs
[2024-03-07T12:23:45.632+0000] {logging_mixin.py:188} INFO - [2024-03-07T12:23:45.631+0000] {dag.py:3834} INFO - Setting next_dagrun for concurrent to None, run_after=None
[2024-03-07T12:23:45.716+0000] {processor.py:183} INFO - Processing /opt/airflow/dags/S_Concurrent.py took 0.363 seconds
[2024-03-07T12:24:16.338+0000] {processor.py:161} INFO - Started process (PID=860) to work on /opt/airflow/dags/S_Concurrent.py
[2024-03-07T12:24:16.340+0000] {processor.py:830} INFO - Processing file /opt/airflow/dags/S_Concurrent.py for tasks to queue
[2024-03-07T12:24:16.341+0000] {logging_mixin.py:188} INFO - [2024-03-07T12:24:16.341+0000] {dagbag.py:540} INFO - Filling up the DagBag from /opt/airflow/dags/S_Concurrent.py
[2024-03-07T12:24:16.454+0000] {processor.py:840} INFO - DAG(s) 'concurrent' retrieved from /opt/airflow/dags/S_Concurrent.py
[2024-03-07T12:24:16.483+0000] {logging_mixin.py:188} INFO - [2024-03-07T12:24:16.483+0000] {dag.py:3047} INFO - Sync 1 DAGs
[2024-03-07T12:24:16.497+0000] {logging_mixin.py:188} INFO - [2024-03-07T12:24:16.497+0000] {dag.py:3834} INFO - Setting next_dagrun for concurrent to None, run_after=None
[2024-03-07T12:24:16.577+0000] {processor.py:183} INFO - Processing /opt/airflow/dags/S_Concurrent.py took 0.253 seconds
[2024-03-07T12:24:47.163+0000] {processor.py:161} INFO - Started process (PID=865) to work on /opt/airflow/dags/S_Concurrent.py
[2024-03-07T12:24:47.164+0000] {processor.py:830} INFO - Processing file /opt/airflow/dags/S_Concurrent.py for tasks to queue
[2024-03-07T12:24:47.165+0000] {logging_mixin.py:188} INFO - [2024-03-07T12:24:47.165+0000] {dagbag.py:540} INFO - Filling up the DagBag from /opt/airflow/dags/S_Concurrent.py
[2024-03-07T12:24:47.317+0000] {processor.py:840} INFO - DAG(s) 'concurrent' retrieved from /opt/airflow/dags/S_Concurrent.py
[2024-03-07T12:24:47.353+0000] {logging_mixin.py:188} INFO - [2024-03-07T12:24:47.353+0000] {dag.py:3047} INFO - Sync 1 DAGs
[2024-03-07T12:24:47.367+0000] {logging_mixin.py:188} INFO - [2024-03-07T12:24:47.367+0000] {dag.py:3834} INFO - Setting next_dagrun for concurrent to None, run_after=None
[2024-03-07T12:24:47.448+0000] {processor.py:183} INFO - Processing /opt/airflow/dags/S_Concurrent.py took 0.288 seconds
[2024-03-07T12:25:18.030+0000] {processor.py:161} INFO - Started process (PID=870) to work on /opt/airflow/dags/S_Concurrent.py
[2024-03-07T12:25:18.031+0000] {processor.py:830} INFO - Processing file /opt/airflow/dags/S_Concurrent.py for tasks to queue
[2024-03-07T12:25:18.032+0000] {logging_mixin.py:188} INFO - [2024-03-07T12:25:18.032+0000] {dagbag.py:540} INFO - Filling up the DagBag from /opt/airflow/dags/S_Concurrent.py
[2024-03-07T12:25:18.191+0000] {processor.py:840} INFO - DAG(s) 'concurrent' retrieved from /opt/airflow/dags/S_Concurrent.py
[2024-03-07T12:25:18.222+0000] {logging_mixin.py:188} INFO - [2024-03-07T12:25:18.222+0000] {dag.py:3047} INFO - Sync 1 DAGs
[2024-03-07T12:25:18.237+0000] {logging_mixin.py:188} INFO - [2024-03-07T12:25:18.236+0000] {dag.py:3834} INFO - Setting next_dagrun for concurrent to None, run_after=None
[2024-03-07T12:25:18.309+0000] {processor.py:183} INFO - Processing /opt/airflow/dags/S_Concurrent.py took 0.283 seconds
[2024-03-07T12:25:48.547+0000] {processor.py:161} INFO - Started process (PID=875) to work on /opt/airflow/dags/S_Concurrent.py
[2024-03-07T12:25:48.548+0000] {processor.py:830} INFO - Processing file /opt/airflow/dags/S_Concurrent.py for tasks to queue
[2024-03-07T12:25:48.549+0000] {logging_mixin.py:188} INFO - [2024-03-07T12:25:48.549+0000] {dagbag.py:540} INFO - Filling up the DagBag from /opt/airflow/dags/S_Concurrent.py
[2024-03-07T12:25:48.660+0000] {processor.py:840} INFO - DAG(s) 'concurrent' retrieved from /opt/airflow/dags/S_Concurrent.py
[2024-03-07T12:25:48.694+0000] {logging_mixin.py:188} INFO - [2024-03-07T12:25:48.693+0000] {dag.py:3047} INFO - Sync 1 DAGs
[2024-03-07T12:25:48.708+0000] {logging_mixin.py:188} INFO - [2024-03-07T12:25:48.708+0000] {dag.py:3834} INFO - Setting next_dagrun for concurrent to None, run_after=None
[2024-03-07T12:25:48.784+0000] {processor.py:183} INFO - Processing /opt/airflow/dags/S_Concurrent.py took 0.240 seconds
[2024-03-07T12:26:19.413+0000] {processor.py:161} INFO - Started process (PID=880) to work on /opt/airflow/dags/S_Concurrent.py
[2024-03-07T12:26:19.414+0000] {processor.py:830} INFO - Processing file /opt/airflow/dags/S_Concurrent.py for tasks to queue
[2024-03-07T12:26:19.415+0000] {logging_mixin.py:188} INFO - [2024-03-07T12:26:19.415+0000] {dagbag.py:540} INFO - Filling up the DagBag from /opt/airflow/dags/S_Concurrent.py
[2024-03-07T12:26:19.535+0000] {processor.py:840} INFO - DAG(s) 'concurrent' retrieved from /opt/airflow/dags/S_Concurrent.py
[2024-03-07T12:26:19.567+0000] {logging_mixin.py:188} INFO - [2024-03-07T12:26:19.567+0000] {dag.py:3047} INFO - Sync 1 DAGs
[2024-03-07T12:26:19.581+0000] {logging_mixin.py:188} INFO - [2024-03-07T12:26:19.581+0000] {dag.py:3834} INFO - Setting next_dagrun for concurrent to None, run_after=None
[2024-03-07T12:26:19.709+0000] {processor.py:183} INFO - Processing /opt/airflow/dags/S_Concurrent.py took 0.299 seconds
[2024-03-07T12:26:50.300+0000] {processor.py:161} INFO - Started process (PID=885) to work on /opt/airflow/dags/S_Concurrent.py
[2024-03-07T12:26:50.302+0000] {processor.py:830} INFO - Processing file /opt/airflow/dags/S_Concurrent.py for tasks to queue
[2024-03-07T12:26:50.303+0000] {logging_mixin.py:188} INFO - [2024-03-07T12:26:50.302+0000] {dagbag.py:540} INFO - Filling up the DagBag from /opt/airflow/dags/S_Concurrent.py
[2024-03-07T12:26:50.408+0000] {processor.py:840} INFO - DAG(s) 'concurrent' retrieved from /opt/airflow/dags/S_Concurrent.py
[2024-03-07T12:26:50.436+0000] {logging_mixin.py:188} INFO - [2024-03-07T12:26:50.436+0000] {dag.py:3047} INFO - Sync 1 DAGs
[2024-03-07T12:26:50.449+0000] {logging_mixin.py:188} INFO - [2024-03-07T12:26:50.449+0000] {dag.py:3834} INFO - Setting next_dagrun for concurrent to None, run_after=None
[2024-03-07T12:26:50.516+0000] {processor.py:183} INFO - Processing /opt/airflow/dags/S_Concurrent.py took 0.219 seconds
[2024-03-07T12:27:20.763+0000] {processor.py:161} INFO - Started process (PID=890) to work on /opt/airflow/dags/S_Concurrent.py
[2024-03-07T12:27:20.765+0000] {processor.py:830} INFO - Processing file /opt/airflow/dags/S_Concurrent.py for tasks to queue
[2024-03-07T12:27:20.766+0000] {logging_mixin.py:188} INFO - [2024-03-07T12:27:20.766+0000] {dagbag.py:540} INFO - Filling up the DagBag from /opt/airflow/dags/S_Concurrent.py
[2024-03-07T12:27:20.872+0000] {processor.py:840} INFO - DAG(s) 'concurrent' retrieved from /opt/airflow/dags/S_Concurrent.py
[2024-03-07T12:27:20.908+0000] {logging_mixin.py:188} INFO - [2024-03-07T12:27:20.908+0000] {dag.py:3047} INFO - Sync 1 DAGs
[2024-03-07T12:27:20.923+0000] {logging_mixin.py:188} INFO - [2024-03-07T12:27:20.923+0000] {dag.py:3834} INFO - Setting next_dagrun for concurrent to None, run_after=None
[2024-03-07T12:27:21.028+0000] {processor.py:183} INFO - Processing /opt/airflow/dags/S_Concurrent.py took 0.267 seconds
[2024-03-07T12:28:01.601+0000] {processor.py:161} INFO - Started process (PID=894) to work on /opt/airflow/dags/S_Concurrent.py
[2024-03-07T12:28:01.626+0000] {processor.py:830} INFO - Processing file /opt/airflow/dags/S_Concurrent.py for tasks to queue
[2024-03-07T12:28:01.644+0000] {logging_mixin.py:188} INFO - [2024-03-07T12:28:01.634+0000] {dagbag.py:540} INFO - Filling up the DagBag from /opt/airflow/dags/S_Concurrent.py
[2024-03-07T12:28:02.065+0000] {processor.py:840} INFO - DAG(s) 'concurrent' retrieved from /opt/airflow/dags/S_Concurrent.py
[2024-03-07T12:28:02.152+0000] {logging_mixin.py:188} INFO - [2024-03-07T12:28:02.151+0000] {dag.py:3047} INFO - Sync 1 DAGs
[2024-03-07T12:28:02.200+0000] {logging_mixin.py:188} INFO - [2024-03-07T12:28:02.200+0000] {dag.py:3834} INFO - Setting next_dagrun for concurrent to None, run_after=None
[2024-03-07T12:28:03.322+0000] {processor.py:183} INFO - Processing /opt/airflow/dags/S_Concurrent.py took 1.792 seconds
[2024-03-07T12:28:34.013+0000] {processor.py:161} INFO - Started process (PID=899) to work on /opt/airflow/dags/S_Concurrent.py
[2024-03-07T12:28:34.015+0000] {processor.py:830} INFO - Processing file /opt/airflow/dags/S_Concurrent.py for tasks to queue
[2024-03-07T12:28:34.018+0000] {logging_mixin.py:188} INFO - [2024-03-07T12:28:34.017+0000] {dagbag.py:540} INFO - Filling up the DagBag from /opt/airflow/dags/S_Concurrent.py
[2024-03-07T12:28:34.313+0000] {processor.py:840} INFO - DAG(s) 'concurrent' retrieved from /opt/airflow/dags/S_Concurrent.py
[2024-03-07T12:28:34.367+0000] {logging_mixin.py:188} INFO - [2024-03-07T12:28:34.366+0000] {dag.py:3047} INFO - Sync 1 DAGs
[2024-03-07T12:28:34.411+0000] {logging_mixin.py:188} INFO - [2024-03-07T12:28:34.410+0000] {dag.py:3834} INFO - Setting next_dagrun for concurrent to None, run_after=None
[2024-03-07T12:28:34.625+0000] {processor.py:183} INFO - Processing /opt/airflow/dags/S_Concurrent.py took 0.617 seconds
[2024-03-07T12:29:04.992+0000] {processor.py:161} INFO - Started process (PID=904) to work on /opt/airflow/dags/S_Concurrent.py
[2024-03-07T12:29:04.996+0000] {processor.py:830} INFO - Processing file /opt/airflow/dags/S_Concurrent.py for tasks to queue
[2024-03-07T12:29:04.999+0000] {logging_mixin.py:188} INFO - [2024-03-07T12:29:04.998+0000] {dagbag.py:540} INFO - Filling up the DagBag from /opt/airflow/dags/S_Concurrent.py
[2024-03-07T12:29:05.309+0000] {processor.py:840} INFO - DAG(s) 'concurrent' retrieved from /opt/airflow/dags/S_Concurrent.py
[2024-03-07T12:29:05.388+0000] {logging_mixin.py:188} INFO - [2024-03-07T12:29:05.388+0000] {dag.py:3047} INFO - Sync 1 DAGs
[2024-03-07T12:29:05.572+0000] {logging_mixin.py:188} INFO - [2024-03-07T12:29:05.571+0000] {dag.py:3834} INFO - Setting next_dagrun for concurrent to None, run_after=None
[2024-03-07T12:29:05.814+0000] {processor.py:183} INFO - Processing /opt/airflow/dags/S_Concurrent.py took 0.831 seconds
[2024-03-07T12:29:36.699+0000] {processor.py:161} INFO - Started process (PID=909) to work on /opt/airflow/dags/S_Concurrent.py
[2024-03-07T12:29:36.700+0000] {processor.py:830} INFO - Processing file /opt/airflow/dags/S_Concurrent.py for tasks to queue
[2024-03-07T12:29:36.702+0000] {logging_mixin.py:188} INFO - [2024-03-07T12:29:36.701+0000] {dagbag.py:540} INFO - Filling up the DagBag from /opt/airflow/dags/S_Concurrent.py
[2024-03-07T12:29:36.815+0000] {processor.py:840} INFO - DAG(s) 'concurrent' retrieved from /opt/airflow/dags/S_Concurrent.py
[2024-03-07T12:29:36.851+0000] {logging_mixin.py:188} INFO - [2024-03-07T12:29:36.850+0000] {dag.py:3047} INFO - Sync 1 DAGs
[2024-03-07T12:29:36.925+0000] {logging_mixin.py:188} INFO - [2024-03-07T12:29:36.925+0000] {dag.py:3834} INFO - Setting next_dagrun for concurrent to None, run_after=None
[2024-03-07T12:29:37.039+0000] {processor.py:183} INFO - Processing /opt/airflow/dags/S_Concurrent.py took 0.344 seconds
[2024-03-07T12:30:07.981+0000] {processor.py:161} INFO - Started process (PID=914) to work on /opt/airflow/dags/S_Concurrent.py
[2024-03-07T12:30:07.983+0000] {processor.py:830} INFO - Processing file /opt/airflow/dags/S_Concurrent.py for tasks to queue
[2024-03-07T12:30:07.984+0000] {logging_mixin.py:188} INFO - [2024-03-07T12:30:07.984+0000] {dagbag.py:540} INFO - Filling up the DagBag from /opt/airflow/dags/S_Concurrent.py
[2024-03-07T12:30:08.114+0000] {processor.py:840} INFO - DAG(s) 'concurrent' retrieved from /opt/airflow/dags/S_Concurrent.py
[2024-03-07T12:30:08.164+0000] {logging_mixin.py:188} INFO - [2024-03-07T12:30:08.164+0000] {dag.py:3047} INFO - Sync 1 DAGs
[2024-03-07T12:30:08.183+0000] {logging_mixin.py:188} INFO - [2024-03-07T12:30:08.182+0000] {dag.py:3834} INFO - Setting next_dagrun for concurrent to None, run_after=None
[2024-03-07T12:30:08.265+0000] {processor.py:183} INFO - Processing /opt/airflow/dags/S_Concurrent.py took 0.287 seconds
[2024-03-07T12:30:39.072+0000] {processor.py:161} INFO - Started process (PID=919) to work on /opt/airflow/dags/S_Concurrent.py
[2024-03-07T12:30:39.074+0000] {processor.py:830} INFO - Processing file /opt/airflow/dags/S_Concurrent.py for tasks to queue
[2024-03-07T12:30:39.076+0000] {logging_mixin.py:188} INFO - [2024-03-07T12:30:39.075+0000] {dagbag.py:540} INFO - Filling up the DagBag from /opt/airflow/dags/S_Concurrent.py
[2024-03-07T12:30:39.269+0000] {processor.py:840} INFO - DAG(s) 'concurrent' retrieved from /opt/airflow/dags/S_Concurrent.py
[2024-03-07T12:30:39.314+0000] {logging_mixin.py:188} INFO - [2024-03-07T12:30:39.314+0000] {dag.py:3047} INFO - Sync 1 DAGs
[2024-03-07T12:30:39.334+0000] {logging_mixin.py:188} INFO - [2024-03-07T12:30:39.333+0000] {dag.py:3834} INFO - Setting next_dagrun for concurrent to None, run_after=None
[2024-03-07T12:30:39.441+0000] {processor.py:183} INFO - Processing /opt/airflow/dags/S_Concurrent.py took 0.374 seconds
[2024-03-07T12:31:10.036+0000] {processor.py:161} INFO - Started process (PID=924) to work on /opt/airflow/dags/S_Concurrent.py
[2024-03-07T12:31:10.038+0000] {processor.py:830} INFO - Processing file /opt/airflow/dags/S_Concurrent.py for tasks to queue
[2024-03-07T12:31:10.039+0000] {logging_mixin.py:188} INFO - [2024-03-07T12:31:10.038+0000] {dagbag.py:540} INFO - Filling up the DagBag from /opt/airflow/dags/S_Concurrent.py
[2024-03-07T12:31:10.155+0000] {processor.py:840} INFO - DAG(s) 'concurrent' retrieved from /opt/airflow/dags/S_Concurrent.py
[2024-03-07T12:31:10.189+0000] {logging_mixin.py:188} INFO - [2024-03-07T12:31:10.189+0000] {dag.py:3047} INFO - Sync 1 DAGs
[2024-03-07T12:31:10.203+0000] {logging_mixin.py:188} INFO - [2024-03-07T12:31:10.203+0000] {dag.py:3834} INFO - Setting next_dagrun for concurrent to None, run_after=None
[2024-03-07T12:31:10.272+0000] {processor.py:183} INFO - Processing /opt/airflow/dags/S_Concurrent.py took 0.239 seconds
[2024-03-07T12:31:41.017+0000] {processor.py:161} INFO - Started process (PID=929) to work on /opt/airflow/dags/S_Concurrent.py
[2024-03-07T12:31:41.019+0000] {processor.py:830} INFO - Processing file /opt/airflow/dags/S_Concurrent.py for tasks to queue
[2024-03-07T12:31:41.020+0000] {logging_mixin.py:188} INFO - [2024-03-07T12:31:41.020+0000] {dagbag.py:540} INFO - Filling up the DagBag from /opt/airflow/dags/S_Concurrent.py
[2024-03-07T12:31:41.126+0000] {processor.py:840} INFO - DAG(s) 'concurrent' retrieved from /opt/airflow/dags/S_Concurrent.py
[2024-03-07T12:31:41.160+0000] {logging_mixin.py:188} INFO - [2024-03-07T12:31:41.160+0000] {dag.py:3047} INFO - Sync 1 DAGs
[2024-03-07T12:31:41.175+0000] {logging_mixin.py:188} INFO - [2024-03-07T12:31:41.174+0000] {dag.py:3834} INFO - Setting next_dagrun for concurrent to None, run_after=None
[2024-03-07T12:31:41.244+0000] {processor.py:183} INFO - Processing /opt/airflow/dags/S_Concurrent.py took 0.230 seconds
[2024-03-07T12:32:11.951+0000] {processor.py:161} INFO - Started process (PID=934) to work on /opt/airflow/dags/S_Concurrent.py
[2024-03-07T12:32:11.953+0000] {processor.py:830} INFO - Processing file /opt/airflow/dags/S_Concurrent.py for tasks to queue
[2024-03-07T12:32:11.955+0000] {logging_mixin.py:188} INFO - [2024-03-07T12:32:11.955+0000] {dagbag.py:540} INFO - Filling up the DagBag from /opt/airflow/dags/S_Concurrent.py
[2024-03-07T12:32:12.092+0000] {processor.py:840} INFO - DAG(s) 'concurrent' retrieved from /opt/airflow/dags/S_Concurrent.py
[2024-03-07T12:32:12.137+0000] {logging_mixin.py:188} INFO - [2024-03-07T12:32:12.136+0000] {dag.py:3047} INFO - Sync 1 DAGs
[2024-03-07T12:32:12.158+0000] {logging_mixin.py:188} INFO - [2024-03-07T12:32:12.158+0000] {dag.py:3834} INFO - Setting next_dagrun for concurrent to None, run_after=None
[2024-03-07T12:32:12.299+0000] {processor.py:183} INFO - Processing /opt/airflow/dags/S_Concurrent.py took 0.351 seconds
[2024-03-07T12:32:43.088+0000] {processor.py:161} INFO - Started process (PID=939) to work on /opt/airflow/dags/S_Concurrent.py
[2024-03-07T12:32:43.090+0000] {processor.py:830} INFO - Processing file /opt/airflow/dags/S_Concurrent.py for tasks to queue
[2024-03-07T12:32:43.091+0000] {logging_mixin.py:188} INFO - [2024-03-07T12:32:43.091+0000] {dagbag.py:540} INFO - Filling up the DagBag from /opt/airflow/dags/S_Concurrent.py
[2024-03-07T12:32:43.207+0000] {processor.py:840} INFO - DAG(s) 'concurrent' retrieved from /opt/airflow/dags/S_Concurrent.py
[2024-03-07T12:32:43.239+0000] {logging_mixin.py:188} INFO - [2024-03-07T12:32:43.239+0000] {dag.py:3047} INFO - Sync 1 DAGs
[2024-03-07T12:32:43.254+0000] {logging_mixin.py:188} INFO - [2024-03-07T12:32:43.254+0000] {dag.py:3834} INFO - Setting next_dagrun for concurrent to None, run_after=None
[2024-03-07T12:32:43.342+0000] {processor.py:183} INFO - Processing /opt/airflow/dags/S_Concurrent.py took 0.257 seconds
[2024-03-07T12:33:14.077+0000] {processor.py:161} INFO - Started process (PID=944) to work on /opt/airflow/dags/S_Concurrent.py
[2024-03-07T12:33:14.079+0000] {processor.py:830} INFO - Processing file /opt/airflow/dags/S_Concurrent.py for tasks to queue
[2024-03-07T12:33:14.080+0000] {logging_mixin.py:188} INFO - [2024-03-07T12:33:14.080+0000] {dagbag.py:540} INFO - Filling up the DagBag from /opt/airflow/dags/S_Concurrent.py
[2024-03-07T12:33:14.197+0000] {processor.py:840} INFO - DAG(s) 'concurrent' retrieved from /opt/airflow/dags/S_Concurrent.py
[2024-03-07T12:33:14.231+0000] {logging_mixin.py:188} INFO - [2024-03-07T12:33:14.231+0000] {dag.py:3047} INFO - Sync 1 DAGs
[2024-03-07T12:33:14.249+0000] {logging_mixin.py:188} INFO - [2024-03-07T12:33:14.249+0000] {dag.py:3834} INFO - Setting next_dagrun for concurrent to None, run_after=None
[2024-03-07T12:33:14.340+0000] {processor.py:183} INFO - Processing /opt/airflow/dags/S_Concurrent.py took 0.267 seconds
[2024-03-07T12:33:45.338+0000] {processor.py:161} INFO - Started process (PID=949) to work on /opt/airflow/dags/S_Concurrent.py
[2024-03-07T12:33:45.339+0000] {processor.py:830} INFO - Processing file /opt/airflow/dags/S_Concurrent.py for tasks to queue
[2024-03-07T12:33:45.340+0000] {logging_mixin.py:188} INFO - [2024-03-07T12:33:45.340+0000] {dagbag.py:540} INFO - Filling up the DagBag from /opt/airflow/dags/S_Concurrent.py
[2024-03-07T12:33:45.452+0000] {processor.py:840} INFO - DAG(s) 'concurrent' retrieved from /opt/airflow/dags/S_Concurrent.py
[2024-03-07T12:33:45.487+0000] {logging_mixin.py:188} INFO - [2024-03-07T12:33:45.486+0000] {dag.py:3047} INFO - Sync 1 DAGs
[2024-03-07T12:33:45.501+0000] {logging_mixin.py:188} INFO - [2024-03-07T12:33:45.501+0000] {dag.py:3834} INFO - Setting next_dagrun for concurrent to None, run_after=None
[2024-03-07T12:33:45.589+0000] {processor.py:183} INFO - Processing /opt/airflow/dags/S_Concurrent.py took 0.254 seconds
[2024-03-07T12:34:16.308+0000] {processor.py:161} INFO - Started process (PID=954) to work on /opt/airflow/dags/S_Concurrent.py
[2024-03-07T12:34:16.314+0000] {processor.py:830} INFO - Processing file /opt/airflow/dags/S_Concurrent.py for tasks to queue
[2024-03-07T12:34:16.317+0000] {logging_mixin.py:188} INFO - [2024-03-07T12:34:16.316+0000] {dagbag.py:540} INFO - Filling up the DagBag from /opt/airflow/dags/S_Concurrent.py
[2024-03-07T12:34:16.428+0000] {processor.py:840} INFO - DAG(s) 'concurrent' retrieved from /opt/airflow/dags/S_Concurrent.py
[2024-03-07T12:34:16.458+0000] {logging_mixin.py:188} INFO - [2024-03-07T12:34:16.458+0000] {dag.py:3047} INFO - Sync 1 DAGs
[2024-03-07T12:34:16.473+0000] {logging_mixin.py:188} INFO - [2024-03-07T12:34:16.472+0000] {dag.py:3834} INFO - Setting next_dagrun for concurrent to None, run_after=None
[2024-03-07T12:34:16.544+0000] {processor.py:183} INFO - Processing /opt/airflow/dags/S_Concurrent.py took 0.254 seconds
[2024-03-07T12:34:47.504+0000] {processor.py:161} INFO - Started process (PID=959) to work on /opt/airflow/dags/S_Concurrent.py
[2024-03-07T12:34:47.506+0000] {processor.py:830} INFO - Processing file /opt/airflow/dags/S_Concurrent.py for tasks to queue
[2024-03-07T12:34:47.507+0000] {logging_mixin.py:188} INFO - [2024-03-07T12:34:47.507+0000] {dagbag.py:540} INFO - Filling up the DagBag from /opt/airflow/dags/S_Concurrent.py
[2024-03-07T12:34:47.771+0000] {processor.py:840} INFO - DAG(s) 'concurrent' retrieved from /opt/airflow/dags/S_Concurrent.py
[2024-03-07T12:34:47.805+0000] {logging_mixin.py:188} INFO - [2024-03-07T12:34:47.805+0000] {dag.py:3047} INFO - Sync 1 DAGs
[2024-03-07T12:34:47.819+0000] {logging_mixin.py:188} INFO - [2024-03-07T12:34:47.819+0000] {dag.py:3834} INFO - Setting next_dagrun for concurrent to None, run_after=None
[2024-03-07T12:34:47.899+0000] {processor.py:183} INFO - Processing /opt/airflow/dags/S_Concurrent.py took 0.399 seconds
[2024-03-07T12:35:18.601+0000] {processor.py:161} INFO - Started process (PID=964) to work on /opt/airflow/dags/S_Concurrent.py
[2024-03-07T12:35:18.603+0000] {processor.py:830} INFO - Processing file /opt/airflow/dags/S_Concurrent.py for tasks to queue
[2024-03-07T12:35:18.606+0000] {logging_mixin.py:188} INFO - [2024-03-07T12:35:18.605+0000] {dagbag.py:540} INFO - Filling up the DagBag from /opt/airflow/dags/S_Concurrent.py
[2024-03-07T12:35:18.804+0000] {processor.py:840} INFO - DAG(s) 'concurrent' retrieved from /opt/airflow/dags/S_Concurrent.py
[2024-03-07T12:35:18.856+0000] {logging_mixin.py:188} INFO - [2024-03-07T12:35:18.855+0000] {dag.py:3047} INFO - Sync 1 DAGs
[2024-03-07T12:35:18.885+0000] {logging_mixin.py:188} INFO - [2024-03-07T12:35:18.885+0000] {dag.py:3834} INFO - Setting next_dagrun for concurrent to None, run_after=None
[2024-03-07T12:35:19.019+0000] {processor.py:183} INFO - Processing /opt/airflow/dags/S_Concurrent.py took 0.424 seconds
[2024-03-07T12:35:50.775+0000] {processor.py:161} INFO - Started process (PID=969) to work on /opt/airflow/dags/S_Concurrent.py
[2024-03-07T12:35:50.778+0000] {processor.py:830} INFO - Processing file /opt/airflow/dags/S_Concurrent.py for tasks to queue
[2024-03-07T12:35:50.782+0000] {logging_mixin.py:188} INFO - [2024-03-07T12:35:50.780+0000] {dagbag.py:540} INFO - Filling up the DagBag from /opt/airflow/dags/S_Concurrent.py
[2024-03-07T12:35:51.100+0000] {processor.py:840} INFO - DAG(s) 'concurrent' retrieved from /opt/airflow/dags/S_Concurrent.py
[2024-03-07T12:35:51.191+0000] {logging_mixin.py:188} INFO - [2024-03-07T12:35:51.190+0000] {dag.py:3047} INFO - Sync 1 DAGs
[2024-03-07T12:35:51.263+0000] {logging_mixin.py:188} INFO - [2024-03-07T12:35:51.263+0000] {dag.py:3834} INFO - Setting next_dagrun for concurrent to None, run_after=None
[2024-03-07T12:35:51.519+0000] {processor.py:183} INFO - Processing /opt/airflow/dags/S_Concurrent.py took 0.752 seconds
[2024-03-07T12:36:22.041+0000] {processor.py:161} INFO - Started process (PID=974) to work on /opt/airflow/dags/S_Concurrent.py
[2024-03-07T12:36:22.043+0000] {processor.py:830} INFO - Processing file /opt/airflow/dags/S_Concurrent.py for tasks to queue
[2024-03-07T12:36:22.044+0000] {logging_mixin.py:188} INFO - [2024-03-07T12:36:22.043+0000] {dagbag.py:540} INFO - Filling up the DagBag from /opt/airflow/dags/S_Concurrent.py
[2024-03-07T12:36:22.156+0000] {processor.py:840} INFO - DAG(s) 'concurrent' retrieved from /opt/airflow/dags/S_Concurrent.py
[2024-03-07T12:36:22.186+0000] {logging_mixin.py:188} INFO - [2024-03-07T12:36:22.186+0000] {dag.py:3047} INFO - Sync 1 DAGs
[2024-03-07T12:36:22.200+0000] {logging_mixin.py:188} INFO - [2024-03-07T12:36:22.200+0000] {dag.py:3834} INFO - Setting next_dagrun for concurrent to None, run_after=None
[2024-03-07T12:36:22.281+0000] {processor.py:183} INFO - Processing /opt/airflow/dags/S_Concurrent.py took 0.243 seconds
[2024-03-07T12:37:07.389+0000] {processor.py:161} INFO - Started process (PID=979) to work on /opt/airflow/dags/S_Concurrent.py
[2024-03-07T12:37:07.784+0000] {processor.py:830} INFO - Processing file /opt/airflow/dags/S_Concurrent.py for tasks to queue
[2024-03-07T12:37:08.569+0000] {logging_mixin.py:188} INFO - [2024-03-07T12:37:08.252+0000] {dagbag.py:540} INFO - Filling up the DagBag from /opt/airflow/dags/S_Concurrent.py
[2024-03-07T12:37:29.400+0000] {processor.py:840} INFO - DAG(s) 'concurrent' retrieved from /opt/airflow/dags/S_Concurrent.py
[2024-03-07T12:37:31.648+0000] {logging_mixin.py:188} INFO - [2024-03-07T12:37:31.639+0000] {dag.py:3047} INFO - Sync 1 DAGs
[2024-03-07T12:37:32.158+0000] {logging_mixin.py:188} INFO - [2024-03-07T12:37:32.157+0000] {dag.py:3834} INFO - Setting next_dagrun for concurrent to None, run_after=None
[2024-03-07T12:37:32.449+0000] {processor.py:183} INFO - Processing /opt/airflow/dags/S_Concurrent.py took 26.462 seconds
[2024-03-07T12:38:03.030+0000] {processor.py:161} INFO - Started process (PID=984) to work on /opt/airflow/dags/S_Concurrent.py
[2024-03-07T12:38:03.033+0000] {processor.py:830} INFO - Processing file /opt/airflow/dags/S_Concurrent.py for tasks to queue
[2024-03-07T12:38:03.035+0000] {logging_mixin.py:188} INFO - [2024-03-07T12:38:03.034+0000] {dagbag.py:540} INFO - Filling up the DagBag from /opt/airflow/dags/S_Concurrent.py
[2024-03-07T12:38:03.202+0000] {processor.py:840} INFO - DAG(s) 'concurrent' retrieved from /opt/airflow/dags/S_Concurrent.py
[2024-03-07T12:38:03.269+0000] {logging_mixin.py:188} INFO - [2024-03-07T12:38:03.269+0000] {dag.py:3047} INFO - Sync 1 DAGs
[2024-03-07T12:38:03.302+0000] {logging_mixin.py:188} INFO - [2024-03-07T12:38:03.302+0000] {dag.py:3834} INFO - Setting next_dagrun for concurrent to None, run_after=None
[2024-03-07T12:38:03.433+0000] {processor.py:183} INFO - Processing /opt/airflow/dags/S_Concurrent.py took 0.408 seconds
[2024-03-07T12:38:34.538+0000] {processor.py:161} INFO - Started process (PID=989) to work on /opt/airflow/dags/S_Concurrent.py
[2024-03-07T12:38:34.540+0000] {processor.py:830} INFO - Processing file /opt/airflow/dags/S_Concurrent.py for tasks to queue
[2024-03-07T12:38:34.541+0000] {logging_mixin.py:188} INFO - [2024-03-07T12:38:34.541+0000] {dagbag.py:540} INFO - Filling up the DagBag from /opt/airflow/dags/S_Concurrent.py
[2024-03-07T12:38:34.843+0000] {processor.py:840} INFO - DAG(s) 'concurrent' retrieved from /opt/airflow/dags/S_Concurrent.py
[2024-03-07T12:38:34.952+0000] {logging_mixin.py:188} INFO - [2024-03-07T12:38:34.951+0000] {dag.py:3047} INFO - Sync 1 DAGs
[2024-03-07T12:38:35.009+0000] {logging_mixin.py:188} INFO - [2024-03-07T12:38:35.009+0000] {dag.py:3834} INFO - Setting next_dagrun for concurrent to None, run_after=None
[2024-03-07T12:38:35.160+0000] {processor.py:183} INFO - Processing /opt/airflow/dags/S_Concurrent.py took 0.625 seconds
[2024-03-07T12:39:05.880+0000] {processor.py:161} INFO - Started process (PID=994) to work on /opt/airflow/dags/S_Concurrent.py
[2024-03-07T12:39:05.897+0000] {processor.py:830} INFO - Processing file /opt/airflow/dags/S_Concurrent.py for tasks to queue
[2024-03-07T12:39:05.913+0000] {logging_mixin.py:188} INFO - [2024-03-07T12:39:05.905+0000] {dagbag.py:540} INFO - Filling up the DagBag from /opt/airflow/dags/S_Concurrent.py
[2024-03-07T12:39:07.135+0000] {processor.py:840} INFO - DAG(s) 'concurrent' retrieved from /opt/airflow/dags/S_Concurrent.py
[2024-03-07T12:39:07.309+0000] {logging_mixin.py:188} INFO - [2024-03-07T12:39:07.308+0000] {dag.py:3047} INFO - Sync 1 DAGs
[2024-03-07T12:39:07.386+0000] {logging_mixin.py:188} INFO - [2024-03-07T12:39:07.386+0000] {dag.py:3834} INFO - Setting next_dagrun for concurrent to None, run_after=None
[2024-03-07T12:39:07.692+0000] {processor.py:183} INFO - Processing /opt/airflow/dags/S_Concurrent.py took 1.894 seconds
[2024-03-07T12:39:38.190+0000] {processor.py:161} INFO - Started process (PID=999) to work on /opt/airflow/dags/S_Concurrent.py
[2024-03-07T12:39:38.193+0000] {processor.py:830} INFO - Processing file /opt/airflow/dags/S_Concurrent.py for tasks to queue
[2024-03-07T12:39:38.196+0000] {logging_mixin.py:188} INFO - [2024-03-07T12:39:38.195+0000] {dagbag.py:540} INFO - Filling up the DagBag from /opt/airflow/dags/S_Concurrent.py
[2024-03-07T12:39:38.487+0000] {processor.py:840} INFO - DAG(s) 'concurrent' retrieved from /opt/airflow/dags/S_Concurrent.py
[2024-03-07T12:39:38.547+0000] {logging_mixin.py:188} INFO - [2024-03-07T12:39:38.547+0000] {dag.py:3047} INFO - Sync 1 DAGs
[2024-03-07T12:39:38.579+0000] {logging_mixin.py:188} INFO - [2024-03-07T12:39:38.578+0000] {dag.py:3834} INFO - Setting next_dagrun for concurrent to None, run_after=None
[2024-03-07T12:39:38.706+0000] {processor.py:183} INFO - Processing /opt/airflow/dags/S_Concurrent.py took 0.523 seconds
[2024-03-07T12:40:09.194+0000] {processor.py:161} INFO - Started process (PID=1004) to work on /opt/airflow/dags/S_Concurrent.py
[2024-03-07T12:40:09.196+0000] {processor.py:830} INFO - Processing file /opt/airflow/dags/S_Concurrent.py for tasks to queue
[2024-03-07T12:40:09.198+0000] {logging_mixin.py:188} INFO - [2024-03-07T12:40:09.197+0000] {dagbag.py:540} INFO - Filling up the DagBag from /opt/airflow/dags/S_Concurrent.py
[2024-03-07T12:40:09.426+0000] {processor.py:840} INFO - DAG(s) 'concurrent' retrieved from /opt/airflow/dags/S_Concurrent.py
[2024-03-07T12:40:09.479+0000] {logging_mixin.py:188} INFO - [2024-03-07T12:40:09.479+0000] {dag.py:3047} INFO - Sync 1 DAGs
[2024-03-07T12:40:09.500+0000] {logging_mixin.py:188} INFO - [2024-03-07T12:40:09.500+0000] {dag.py:3834} INFO - Setting next_dagrun for concurrent to None, run_after=None
[2024-03-07T12:40:09.600+0000] {processor.py:183} INFO - Processing /opt/airflow/dags/S_Concurrent.py took 0.410 seconds
